[0.282s] DEBUG:colcon:Command line arguments: ['/usr/bin/colcon', 'build', '--symlink-install']
[0.283s] DEBUG:colcon:Parsed command line arguments: Namespace(log_base=None, log_level=None, verb_name='build', build_base='build', install_base='install', merge_install=False, symlink_install=True, test_result_base=None, continue_on_error=False, executor='parallel', parallel_workers=8, event_handlers=None, ignore_user_meta=False, metas=['./colcon.meta'], base_paths=['.'], packages_ignore=None, packages_ignore_regex=None, paths=None, packages_up_to=None, packages_up_to_regex=None, packages_above=None, packages_above_and_dependencies=None, packages_above_depth=None, packages_select_by_dep=None, packages_skip_by_dep=None, packages_skip_up_to=None, packages_select_build_failed=False, packages_skip_build_finished=False, packages_select_test_failures=False, packages_skip_test_passed=False, packages_select=None, packages_skip=None, packages_select_regex=None, packages_skip_regex=None, packages_start=None, packages_end=None, allow_overriding=[], cmake_args=None, cmake_target=None, cmake_target_skip_unavailable=False, cmake_clean_cache=False, cmake_clean_first=False, cmake_force_configure=False, ament_cmake_args=None, catkin_cmake_args=None, catkin_skip_building_tests=False, mixin_files=None, mixin=None, verb_parser=<colcon_mixin.mixin.mixin_argument.MixinArgumentDecorator object at 0x7f3ac9bb0eb0>, verb_extension=<colcon_core.verb.build.BuildVerb object at 0x7f3ac9ccdde0>, main=<bound method BuildVerb.main of <colcon_core.verb.build.BuildVerb object at 0x7f3ac9ccdde0>>, mixin_verb=('build',))
[0.575s] Level 1:colcon.colcon_core.package_discovery:discover_packages(colcon_meta) check parameters
[0.575s] Level 1:colcon.colcon_core.package_discovery:discover_packages(recursive) check parameters
[0.575s] Level 1:colcon.colcon_core.package_discovery:discover_packages(ignore) check parameters
[0.575s] Level 1:colcon.colcon_core.package_discovery:discover_packages(path) check parameters
[0.575s] Level 1:colcon.colcon_core.package_discovery:discover_packages(colcon_meta) discover
[0.575s] Level 1:colcon.colcon_core.package_discovery:discover_packages(recursive) discover
[0.575s] INFO:colcon.colcon_core.package_discovery:Crawling recursively for packages in '/home/brittc/Exodus2025/mobility_ctrl'
[0.576s] Level 1:colcon.colcon_core.package_identification:_identify(.) by extensions ['ignore', 'ignore_ament_install']
[0.576s] Level 1:colcon.colcon_core.package_identification:_identify(.) by extension 'ignore'
[0.576s] Level 1:colcon.colcon_core.package_identification:_identify(.) by extension 'ignore_ament_install'
[0.576s] Level 1:colcon.colcon_core.package_identification:_identify(.) by extensions ['colcon_pkg']
[0.576s] Level 1:colcon.colcon_core.package_identification:_identify(.) by extension 'colcon_pkg'
[0.576s] Level 1:colcon.colcon_core.package_identification:_identify(.) by extensions ['colcon_meta']
[0.576s] Level 1:colcon.colcon_core.package_identification:_identify(.) by extension 'colcon_meta'
[0.576s] Level 1:colcon.colcon_core.package_identification:_identify(.) by extensions ['ros']
[0.576s] Level 1:colcon.colcon_core.package_identification:_identify(.) by extension 'ros'
[0.600s] Level 1:colcon.colcon_core.package_identification:_identify(.) by extensions ['cmake', 'python']
[0.600s] Level 1:colcon.colcon_core.package_identification:_identify(.) by extension 'cmake'
[0.600s] Level 1:colcon.colcon_core.package_identification:_identify(.) by extension 'python'
[0.600s] Level 1:colcon.colcon_core.package_identification:_identify(.) by extensions ['python_setup_py']
[0.600s] Level 1:colcon.colcon_core.package_identification:_identify(.) by extension 'python_setup_py'
[0.600s] Level 1:colcon.colcon_core.package_identification:_identify(build) by extensions ['ignore', 'ignore_ament_install']
[0.601s] Level 1:colcon.colcon_core.package_identification:_identify(build) by extension 'ignore'
[0.601s] Level 1:colcon.colcon_core.package_identification:_identify(build) ignored
[0.601s] Level 1:colcon.colcon_core.package_identification:_identify(install) by extensions ['ignore', 'ignore_ament_install']
[0.601s] Level 1:colcon.colcon_core.package_identification:_identify(install) by extension 'ignore'
[0.601s] Level 1:colcon.colcon_core.package_identification:_identify(install) ignored
[0.601s] Level 1:colcon.colcon_core.package_identification:_identify(log) by extensions ['ignore', 'ignore_ament_install']
[0.602s] Level 1:colcon.colcon_core.package_identification:_identify(log) by extension 'ignore'
[0.602s] Level 1:colcon.colcon_core.package_identification:_identify(log) ignored
[0.602s] Level 1:colcon.colcon_core.package_identification:_identify(src) by extensions ['ignore', 'ignore_ament_install']
[0.602s] Level 1:colcon.colcon_core.package_identification:_identify(src) by extension 'ignore'
[0.602s] Level 1:colcon.colcon_core.package_identification:_identify(src) by extension 'ignore_ament_install'
[0.602s] Level 1:colcon.colcon_core.package_identification:_identify(src) by extensions ['colcon_pkg']
[0.602s] Level 1:colcon.colcon_core.package_identification:_identify(src) by extension 'colcon_pkg'
[0.602s] Level 1:colcon.colcon_core.package_identification:_identify(src) by extensions ['colcon_meta']
[0.602s] Level 1:colcon.colcon_core.package_identification:_identify(src) by extension 'colcon_meta'
[0.602s] Level 1:colcon.colcon_core.package_identification:_identify(src) by extensions ['ros']
[0.602s] Level 1:colcon.colcon_core.package_identification:_identify(src) by extension 'ros'
[0.602s] Level 1:colcon.colcon_core.package_identification:_identify(src) by extensions ['cmake', 'python']
[0.603s] Level 1:colcon.colcon_core.package_identification:_identify(src) by extension 'cmake'
[0.603s] Level 1:colcon.colcon_core.package_identification:_identify(src) by extension 'python'
[0.603s] Level 1:colcon.colcon_core.package_identification:_identify(src) by extensions ['python_setup_py']
[0.603s] Level 1:colcon.colcon_core.package_identification:_identify(src) by extension 'python_setup_py'
[0.603s] Level 1:colcon.colcon_core.package_identification:_identify(src/build) by extensions ['ignore', 'ignore_ament_install']
[0.603s] Level 1:colcon.colcon_core.package_identification:_identify(src/build) by extension 'ignore'
[0.603s] Level 1:colcon.colcon_core.package_identification:_identify(src/build) ignored
[0.603s] Level 1:colcon.colcon_core.package_identification:_identify(src/description) by extensions ['ignore', 'ignore_ament_install']
[0.603s] Level 1:colcon.colcon_core.package_identification:_identify(src/description) by extension 'ignore'
[0.603s] Level 1:colcon.colcon_core.package_identification:_identify(src/description) by extension 'ignore_ament_install'
[0.603s] Level 1:colcon.colcon_core.package_identification:_identify(src/description) by extensions ['colcon_pkg']
[0.603s] Level 1:colcon.colcon_core.package_identification:_identify(src/description) by extension 'colcon_pkg'
[0.603s] Level 1:colcon.colcon_core.package_identification:_identify(src/description) by extensions ['colcon_meta']
[0.603s] Level 1:colcon.colcon_core.package_identification:_identify(src/description) by extension 'colcon_meta'
[0.603s] Level 1:colcon.colcon_core.package_identification:_identify(src/description) by extensions ['ros']
[0.603s] Level 1:colcon.colcon_core.package_identification:_identify(src/description) by extension 'ros'
[0.603s] Level 1:colcon.colcon_core.package_identification:_identify(src/description) by extensions ['cmake', 'python']
[0.604s] Level 1:colcon.colcon_core.package_identification:_identify(src/description) by extension 'cmake'
[0.604s] Level 1:colcon.colcon_core.package_identification:_identify(src/description) by extension 'python'
[0.604s] Level 1:colcon.colcon_core.package_identification:_identify(src/description) by extensions ['python_setup_py']
[0.604s] Level 1:colcon.colcon_core.package_identification:_identify(src/description) by extension 'python_setup_py'
[0.604s] Level 1:colcon.colcon_core.package_identification:_identify(src/gazebo_ackermann_control) by extensions ['ignore', 'ignore_ament_install']
[0.604s] Level 1:colcon.colcon_core.package_identification:_identify(src/gazebo_ackermann_control) by extension 'ignore'
[0.604s] Level 1:colcon.colcon_core.package_identification:_identify(src/gazebo_ackermann_control) by extension 'ignore_ament_install'
[0.604s] Level 1:colcon.colcon_core.package_identification:_identify(src/gazebo_ackermann_control) by extensions ['colcon_pkg']
[0.604s] Level 1:colcon.colcon_core.package_identification:_identify(src/gazebo_ackermann_control) by extension 'colcon_pkg'
[0.604s] Level 1:colcon.colcon_core.package_identification:_identify(src/gazebo_ackermann_control) by extensions ['colcon_meta']
[0.604s] Level 1:colcon.colcon_core.package_identification:_identify(src/gazebo_ackermann_control) by extension 'colcon_meta'
[0.604s] Level 1:colcon.colcon_core.package_identification:_identify(src/gazebo_ackermann_control) by extensions ['ros']
[0.604s] Level 1:colcon.colcon_core.package_identification:_identify(src/gazebo_ackermann_control) by extension 'ros'
[0.610s] DEBUG:colcon.colcon_core.package_identification:Package 'src/gazebo_ackermann_control' with type 'ros.ament_python' and name 'gazebo_ackermann_control'
[0.611s] Level 1:colcon.colcon_core.package_identification:_identify(src/install) by extensions ['ignore', 'ignore_ament_install']
[0.611s] Level 1:colcon.colcon_core.package_identification:_identify(src/install) by extension 'ignore'
[0.611s] Level 1:colcon.colcon_core.package_identification:_identify(src/install) ignored
[0.611s] Level 1:colcon.colcon_core.package_identification:_identify(src/launch) by extensions ['ignore', 'ignore_ament_install']
[0.611s] Level 1:colcon.colcon_core.package_identification:_identify(src/launch) by extension 'ignore'
[0.611s] Level 1:colcon.colcon_core.package_identification:_identify(src/launch) by extension 'ignore_ament_install'
[0.611s] Level 1:colcon.colcon_core.package_identification:_identify(src/launch) by extensions ['colcon_pkg']
[0.611s] Level 1:colcon.colcon_core.package_identification:_identify(src/launch) by extension 'colcon_pkg'
[0.611s] Level 1:colcon.colcon_core.package_identification:_identify(src/launch) by extensions ['colcon_meta']
[0.611s] Level 1:colcon.colcon_core.package_identification:_identify(src/launch) by extension 'colcon_meta'
[0.611s] Level 1:colcon.colcon_core.package_identification:_identify(src/launch) by extensions ['ros']
[0.611s] Level 1:colcon.colcon_core.package_identification:_identify(src/launch) by extension 'ros'
[0.611s] Level 1:colcon.colcon_core.package_identification:_identify(src/launch) by extensions ['cmake', 'python']
[0.611s] Level 1:colcon.colcon_core.package_identification:_identify(src/launch) by extension 'cmake'
[0.611s] Level 1:colcon.colcon_core.package_identification:_identify(src/launch) by extension 'python'
[0.612s] Level 1:colcon.colcon_core.package_identification:_identify(src/launch) by extensions ['python_setup_py']
[0.612s] Level 1:colcon.colcon_core.package_identification:_identify(src/launch) by extension 'python_setup_py'
[0.612s] Level 1:colcon.colcon_core.package_identification:_identify(src/pure_pursuit) by extensions ['ignore', 'ignore_ament_install']
[0.612s] Level 1:colcon.colcon_core.package_identification:_identify(src/pure_pursuit) by extension 'ignore'
[0.612s] Level 1:colcon.colcon_core.package_identification:_identify(src/pure_pursuit) by extension 'ignore_ament_install'
[0.612s] Level 1:colcon.colcon_core.package_identification:_identify(src/pure_pursuit) by extensions ['colcon_pkg']
[0.612s] Level 1:colcon.colcon_core.package_identification:_identify(src/pure_pursuit) by extension 'colcon_pkg'
[0.612s] Level 1:colcon.colcon_core.package_identification:_identify(src/pure_pursuit) by extensions ['colcon_meta']
[0.612s] Level 1:colcon.colcon_core.package_identification:_identify(src/pure_pursuit) by extension 'colcon_meta'
[0.612s] Level 1:colcon.colcon_core.package_identification:_identify(src/pure_pursuit) by extensions ['ros']
[0.612s] Level 1:colcon.colcon_core.package_identification:_identify(src/pure_pursuit) by extension 'ros'
[0.613s] DEBUG:colcon.colcon_core.package_identification:Package 'src/pure_pursuit' with type 'ros.ament_python' and name 'pure_pursuit'
[0.614s] Level 1:colcon.colcon_core.package_identification:_identify(src/worlds) by extensions ['ignore', 'ignore_ament_install']
[0.614s] Level 1:colcon.colcon_core.package_identification:_identify(src/worlds) by extension 'ignore'
[0.614s] Level 1:colcon.colcon_core.package_identification:_identify(src/worlds) by extension 'ignore_ament_install'
[0.614s] Level 1:colcon.colcon_core.package_identification:_identify(src/worlds) by extensions ['colcon_pkg']
[0.614s] Level 1:colcon.colcon_core.package_identification:_identify(src/worlds) by extension 'colcon_pkg'
[0.615s] Level 1:colcon.colcon_core.package_identification:_identify(src/worlds) by extensions ['colcon_meta']
[0.615s] Level 1:colcon.colcon_core.package_identification:_identify(src/worlds) by extension 'colcon_meta'
[0.615s] Level 1:colcon.colcon_core.package_identification:_identify(src/worlds) by extensions ['ros']
[0.615s] Level 1:colcon.colcon_core.package_identification:_identify(src/worlds) by extension 'ros'
[0.615s] Level 1:colcon.colcon_core.package_identification:_identify(src/worlds) by extensions ['cmake', 'python']
[0.615s] Level 1:colcon.colcon_core.package_identification:_identify(src/worlds) by extension 'cmake'
[0.615s] Level 1:colcon.colcon_core.package_identification:_identify(src/worlds) by extension 'python'
[0.615s] Level 1:colcon.colcon_core.package_identification:_identify(src/worlds) by extensions ['python_setup_py']
[0.615s] Level 1:colcon.colcon_core.package_identification:_identify(src/worlds) by extension 'python_setup_py'
[0.615s] Level 1:colcon.colcon_core.package_discovery:discover_packages(recursive) using defaults
[0.615s] Level 1:colcon.colcon_core.package_discovery:discover_packages(ignore) discover
[0.616s] Level 1:colcon.colcon_core.package_discovery:discover_packages(ignore) using defaults
[0.616s] Level 1:colcon.colcon_core.package_discovery:discover_packages(path) discover
[0.616s] Level 1:colcon.colcon_core.package_discovery:discover_packages(path) using defaults
[0.683s] Level 1:colcon.colcon_core.package_discovery:discover_packages(prefix_path) check parameters
[0.683s] Level 1:colcon.colcon_core.package_discovery:discover_packages(prefix_path) discover
[0.691s] DEBUG:colcon.colcon_installed_package_information.package_discovery:Found 1 installed packages in /home/brittc/Exodus2025/mobility_ctrl/src/install
[0.693s] DEBUG:colcon.colcon_installed_package_information.package_discovery:Found 20 installed packages in /home/brittc/ros2_ws/install
[0.695s] DEBUG:colcon.colcon_installed_package_information.package_discovery:Found 21 installed packages in /home/brittc/Exodus2025/mobility_ctrl/install
[0.699s] DEBUG:colcon.colcon_installed_package_information.package_discovery:Found 332 installed packages in /opt/ros/humble
[0.702s] Level 1:colcon.colcon_core.package_discovery:discover_packages(prefix_path) using defaults
[0.771s] Level 5:colcon.colcon_core.verb:set package 'gazebo_ackermann_control' build argument 'cmake_args' from command line to 'None'
[0.771s] Level 5:colcon.colcon_core.verb:set package 'gazebo_ackermann_control' build argument 'cmake_target' from command line to 'None'
[0.771s] Level 5:colcon.colcon_core.verb:set package 'gazebo_ackermann_control' build argument 'cmake_target_skip_unavailable' from command line to 'False'
[0.772s] Level 5:colcon.colcon_core.verb:set package 'gazebo_ackermann_control' build argument 'cmake_clean_cache' from command line to 'False'
[0.772s] Level 5:colcon.colcon_core.verb:set package 'gazebo_ackermann_control' build argument 'cmake_clean_first' from command line to 'False'
[0.772s] Level 5:colcon.colcon_core.verb:set package 'gazebo_ackermann_control' build argument 'cmake_force_configure' from command line to 'False'
[0.772s] Level 5:colcon.colcon_core.verb:set package 'gazebo_ackermann_control' build argument 'ament_cmake_args' from command line to 'None'
[0.772s] Level 5:colcon.colcon_core.verb:set package 'gazebo_ackermann_control' build argument 'catkin_cmake_args' from command line to 'None'
[0.772s] Level 5:colcon.colcon_core.verb:set package 'gazebo_ackermann_control' build argument 'catkin_skip_building_tests' from command line to 'False'
[0.772s] DEBUG:colcon.colcon_core.verb:Building package 'gazebo_ackermann_control' with the following arguments: {'ament_cmake_args': None, 'build_base': '/home/brittc/Exodus2025/mobility_ctrl/build/gazebo_ackermann_control', 'catkin_cmake_args': None, 'catkin_skip_building_tests': False, 'cmake_args': None, 'cmake_clean_cache': False, 'cmake_clean_first': False, 'cmake_force_configure': False, 'cmake_target': None, 'cmake_target_skip_unavailable': False, 'install_base': '/home/brittc/Exodus2025/mobility_ctrl/install/gazebo_ackermann_control', 'merge_install': False, 'path': '/home/brittc/Exodus2025/mobility_ctrl/src/gazebo_ackermann_control', 'symlink_install': True, 'test_result_base': None}
[0.773s] Level 5:colcon.colcon_core.verb:set package 'pure_pursuit' build argument 'cmake_args' from command line to 'None'
[0.773s] Level 5:colcon.colcon_core.verb:set package 'pure_pursuit' build argument 'cmake_target' from command line to 'None'
[0.773s] Level 5:colcon.colcon_core.verb:set package 'pure_pursuit' build argument 'cmake_target_skip_unavailable' from command line to 'False'
[0.774s] Level 5:colcon.colcon_core.verb:set package 'pure_pursuit' build argument 'cmake_clean_cache' from command line to 'False'
[0.774s] Level 5:colcon.colcon_core.verb:set package 'pure_pursuit' build argument 'cmake_clean_first' from command line to 'False'
[0.774s] Level 5:colcon.colcon_core.verb:set package 'pure_pursuit' build argument 'cmake_force_configure' from command line to 'False'
[0.774s] Level 5:colcon.colcon_core.verb:set package 'pure_pursuit' build argument 'ament_cmake_args' from command line to 'None'
[0.775s] Level 5:colcon.colcon_core.verb:set package 'pure_pursuit' build argument 'catkin_cmake_args' from command line to 'None'
[0.775s] Level 5:colcon.colcon_core.verb:set package 'pure_pursuit' build argument 'catkin_skip_building_tests' from command line to 'False'
[0.775s] DEBUG:colcon.colcon_core.verb:Building package 'pure_pursuit' with the following arguments: {'ament_cmake_args': None, 'build_base': '/home/brittc/Exodus2025/mobility_ctrl/build/pure_pursuit', 'catkin_cmake_args': None, 'catkin_skip_building_tests': False, 'cmake_args': None, 'cmake_clean_cache': False, 'cmake_clean_first': False, 'cmake_force_configure': False, 'cmake_target': None, 'cmake_target_skip_unavailable': False, 'install_base': '/home/brittc/Exodus2025/mobility_ctrl/install/pure_pursuit', 'merge_install': False, 'path': '/home/brittc/Exodus2025/mobility_ctrl/src/pure_pursuit', 'symlink_install': True, 'test_result_base': None}
[0.775s] INFO:colcon.colcon_core.executor:Executing jobs using 'parallel' executor
[0.777s] DEBUG:colcon.colcon_parallel_executor.executor.parallel:run_until_complete
[0.777s] INFO:colcon.colcon_ros.task.ament_python.build:Building ROS package in '/home/brittc/Exodus2025/mobility_ctrl/src/gazebo_ackermann_control' with build type 'ament_python'
[0.778s] Level 1:colcon.colcon_core.shell:create_environment_hook('gazebo_ackermann_control', 'ament_prefix_path')
[0.786s] INFO:colcon.colcon_core.plugin_system:Skipping extension 'colcon_core.shell.bat': Not used on non-Windows systems
[0.786s] INFO:colcon.colcon_core.shell:Creating environment hook '/home/brittc/Exodus2025/mobility_ctrl/install/gazebo_ackermann_control/share/gazebo_ackermann_control/hook/ament_prefix_path.ps1'
[0.788s] INFO:colcon.colcon_core.shell:Creating environment descriptor '/home/brittc/Exodus2025/mobility_ctrl/install/gazebo_ackermann_control/share/gazebo_ackermann_control/hook/ament_prefix_path.dsv'
[0.790s] INFO:colcon.colcon_core.shell:Creating environment hook '/home/brittc/Exodus2025/mobility_ctrl/install/gazebo_ackermann_control/share/gazebo_ackermann_control/hook/ament_prefix_path.sh'
[0.793s] INFO:colcon.colcon_core.shell:Skip shell extension 'powershell' for command environment: Not usable outside of PowerShell
[0.793s] DEBUG:colcon.colcon_core.shell:Skip shell extension 'dsv' for command environment
[0.807s] INFO:colcon.colcon_ros.task.ament_python.build:Building ROS package in '/home/brittc/Exodus2025/mobility_ctrl/src/pure_pursuit' with build type 'ament_python'
[0.807s] Level 1:colcon.colcon_core.shell:create_environment_hook('pure_pursuit', 'ament_prefix_path')
[0.808s] INFO:colcon.colcon_core.shell:Creating environment hook '/home/brittc/Exodus2025/mobility_ctrl/install/pure_pursuit/share/pure_pursuit/hook/ament_prefix_path.ps1'
[0.810s] INFO:colcon.colcon_core.shell:Creating environment descriptor '/home/brittc/Exodus2025/mobility_ctrl/install/pure_pursuit/share/pure_pursuit/hook/ament_prefix_path.dsv'
[0.811s] INFO:colcon.colcon_core.shell:Creating environment hook '/home/brittc/Exodus2025/mobility_ctrl/install/pure_pursuit/share/pure_pursuit/hook/ament_prefix_path.sh'
[0.816s] INFO:colcon.colcon_core.shell:Skip shell extension 'powershell' for command environment: Not usable outside of PowerShell
[0.816s] DEBUG:colcon.colcon_core.shell:Skip shell extension 'dsv' for command environment
[1.251s] INFO:colcon.colcon_core.task.python.build:Building Python package in '/home/brittc/Exodus2025/mobility_ctrl/src/gazebo_ackermann_control'
[1.251s] INFO:colcon.colcon_core.shell:Skip shell extension 'powershell' for command environment: Not usable outside of PowerShell
[1.251s] DEBUG:colcon.colcon_core.shell:Skip shell extension 'dsv' for command environment
[1.673s] INFO:colcon.colcon_core.task.python.build:Building Python package in '/home/brittc/Exodus2025/mobility_ctrl/src/pure_pursuit'
[1.674s] INFO:colcon.colcon_core.shell:Skip shell extension 'powershell' for command environment: Not usable outside of PowerShell
[1.674s] DEBUG:colcon.colcon_core.shell:Skip shell extension 'dsv' for command environment
[2.310s] DEBUG:colcon.colcon_core.task.python.build:While undoing a previous installation files outside the Python library path are being ignored: /home/brittc/Exodus2025/mobility_ctrl/install/pure_pursuit/share/ament_index/resource_index/packages/pure_pursuit
[2.310s] DEBUG:colcon.colcon_core.task.python.build:While undoing a previous installation files outside the Python library path are being ignored: /home/brittc/Exodus2025/mobility_ctrl/install/pure_pursuit/share/pure_pursuit/package.xml
[2.311s] DEBUG:colcon.colcon_core.task.python.build:While undoing a previous installation files outside the Python library path are being ignored: /home/brittc/Exodus2025/mobility_ctrl/install/pure_pursuit/lib/pure_pursuit/pure_pursuit_ackermann
[2.334s] DEBUG:colcon.colcon_core.event_handler.log_command:Invoking command in '/home/brittc/Exodus2025/mobility_ctrl/build/pure_pursuit': PYTHONPATH=/home/brittc/Exodus2025/mobility_ctrl/build/pure_pursuit/prefix_override:/usr/lib/python3/dist-packages/colcon_core/task/python/colcon_distutils_commands:/home/brittc/Exodus2025/mobility_ctrl/install/pure_pursuit/lib/python3.10/site-packages:${PYTHONPATH} /usr/bin/python3 -W ignore:setup.py install is deprecated -W ignore:easy_install command is deprecated setup.py develop --editable --build-directory /home/brittc/Exodus2025/mobility_ctrl/build/pure_pursuit/build --no-deps symlink_data --force
[2.354s] DEBUG:colcon.colcon_core.task.python.build:While undoing a previous installation files outside the Python library path are being ignored: /home/brittc/Exodus2025/mobility_ctrl/install/gazebo_ackermann_control/share/ament_index/resource_index/packages/gazebo_ackermann_control
[2.354s] DEBUG:colcon.colcon_core.task.python.build:While undoing a previous installation files outside the Python library path are being ignored: /home/brittc/Exodus2025/mobility_ctrl/install/gazebo_ackermann_control/share/gazebo_ackermann_control/package.xml
[2.354s] DEBUG:colcon.colcon_core.task.python.build:While undoing a previous installation files outside the Python library path are being ignored: /home/brittc/Exodus2025/mobility_ctrl/install/gazebo_ackermann_control/share/gazebo_ackermann_control/launch/spawn_rover.launch.py
[2.354s] DEBUG:colcon.colcon_core.task.python.build:While undoing a previous installation files outside the Python library path are being ignored: /home/brittc/Exodus2025/mobility_ctrl/install/gazebo_ackermann_control/lib/gazebo_ackermann_control/control_node
[2.361s] DEBUG:colcon.colcon_core.event_handler.log_command:Invoking command in '/home/brittc/Exodus2025/mobility_ctrl/build/gazebo_ackermann_control': PYTHONPATH=/home/brittc/Exodus2025/mobility_ctrl/build/gazebo_ackermann_control/prefix_override:/usr/lib/python3/dist-packages/colcon_core/task/python/colcon_distutils_commands:/home/brittc/Exodus2025/mobility_ctrl/install/gazebo_ackermann_control/lib/python3.10/site-packages:${PYTHONPATH} /usr/bin/python3 -W ignore:setup.py install is deprecated -W ignore:easy_install command is deprecated setup.py develop --editable --build-directory /home/brittc/Exodus2025/mobility_ctrl/build/gazebo_ackermann_control/build --no-deps symlink_data --force
[3.096s] Level 1:colcon.colcon_core.shell:create_environment_hook('gazebo_ackermann_control', 'pythonpath_develop')
[3.097s] INFO:colcon.colcon_core.shell:Creating environment hook '/home/brittc/Exodus2025/mobility_ctrl/build/gazebo_ackermann_control/share/gazebo_ackermann_control/hook/pythonpath_develop.ps1'
[3.098s] INFO:colcon.colcon_core.shell:Creating environment descriptor '/home/brittc/Exodus2025/mobility_ctrl/build/gazebo_ackermann_control/share/gazebo_ackermann_control/hook/pythonpath_develop.dsv'
[3.099s] INFO:colcon.colcon_core.shell:Creating environment hook '/home/brittc/Exodus2025/mobility_ctrl/build/gazebo_ackermann_control/share/gazebo_ackermann_control/hook/pythonpath_develop.sh'
[3.096s] DEBUG:colcon.colcon_core.event_handler.log_command:Invoked command in '/home/brittc/Exodus2025/mobility_ctrl/build/gazebo_ackermann_control' returned '0': PYTHONPATH=/home/brittc/Exodus2025/mobility_ctrl/build/gazebo_ackermann_control/prefix_override:/usr/lib/python3/dist-packages/colcon_core/task/python/colcon_distutils_commands:/home/brittc/Exodus2025/mobility_ctrl/install/gazebo_ackermann_control/lib/python3.10/site-packages:${PYTHONPATH} /usr/bin/python3 -W ignore:setup.py install is deprecated -W ignore:easy_install command is deprecated setup.py develop --editable --build-directory /home/brittc/Exodus2025/mobility_ctrl/build/gazebo_ackermann_control/build --no-deps symlink_data --force
[3.108s] Level 1:colcon.colcon_core.environment:checking '/home/brittc/Exodus2025/mobility_ctrl/install/gazebo_ackermann_control' for CMake module files
[3.108s] Level 1:colcon.colcon_core.environment:checking '/home/brittc/Exodus2025/mobility_ctrl/install/gazebo_ackermann_control' for CMake config files
[3.110s] Level 1:colcon.colcon_core.environment:checking '/home/brittc/Exodus2025/mobility_ctrl/install/gazebo_ackermann_control/lib'
[3.110s] Level 1:colcon.colcon_core.environment:checking '/home/brittc/Exodus2025/mobility_ctrl/install/gazebo_ackermann_control/bin'
[3.110s] Level 1:colcon.colcon_core.environment:checking '/home/brittc/Exodus2025/mobility_ctrl/install/gazebo_ackermann_control/lib/pkgconfig/gazebo_ackermann_control.pc'
[3.111s] Level 1:colcon.colcon_core.environment:checking '/home/brittc/Exodus2025/mobility_ctrl/install/gazebo_ackermann_control/lib/python3.10/site-packages'
[3.111s] Level 1:colcon.colcon_core.shell:create_environment_hook('gazebo_ackermann_control', 'pythonpath')
[3.111s] INFO:colcon.colcon_core.shell:Creating environment hook '/home/brittc/Exodus2025/mobility_ctrl/install/gazebo_ackermann_control/share/gazebo_ackermann_control/hook/pythonpath.ps1'
[3.112s] INFO:colcon.colcon_core.shell:Creating environment descriptor '/home/brittc/Exodus2025/mobility_ctrl/install/gazebo_ackermann_control/share/gazebo_ackermann_control/hook/pythonpath.dsv'
[3.113s] INFO:colcon.colcon_core.shell:Creating environment hook '/home/brittc/Exodus2025/mobility_ctrl/install/gazebo_ackermann_control/share/gazebo_ackermann_control/hook/pythonpath.sh'
[3.114s] Level 1:colcon.colcon_core.environment:checking '/home/brittc/Exodus2025/mobility_ctrl/install/gazebo_ackermann_control/bin'
[3.114s] Level 1:colcon.colcon_core.environment:create_environment_scripts_only(gazebo_ackermann_control)
[3.115s] INFO:colcon.colcon_core.shell:Creating package script '/home/brittc/Exodus2025/mobility_ctrl/install/gazebo_ackermann_control/share/gazebo_ackermann_control/package.ps1'
[3.121s] INFO:colcon.colcon_core.shell:Creating package descriptor '/home/brittc/Exodus2025/mobility_ctrl/install/gazebo_ackermann_control/share/gazebo_ackermann_control/package.dsv'
[3.122s] INFO:colcon.colcon_core.shell:Creating package script '/home/brittc/Exodus2025/mobility_ctrl/install/gazebo_ackermann_control/share/gazebo_ackermann_control/package.sh'
[3.124s] INFO:colcon.colcon_core.shell:Creating package script '/home/brittc/Exodus2025/mobility_ctrl/install/gazebo_ackermann_control/share/gazebo_ackermann_control/package.bash'
[3.126s] INFO:colcon.colcon_core.shell:Creating package script '/home/brittc/Exodus2025/mobility_ctrl/install/gazebo_ackermann_control/share/gazebo_ackermann_control/package.zsh'
[3.127s] Level 1:colcon.colcon_core.environment:create_file_with_runtime_dependencies(/home/brittc/Exodus2025/mobility_ctrl/install/gazebo_ackermann_control/share/colcon-core/packages/gazebo_ackermann_control)
[3.129s] Level 1:colcon.colcon_core.shell:create_environment_hook('pure_pursuit', 'pythonpath_develop')
[3.129s] DEBUG:colcon.colcon_core.event_handler.log_command:Invoked command in '/home/brittc/Exodus2025/mobility_ctrl/build/pure_pursuit' returned '0': PYTHONPATH=/home/brittc/Exodus2025/mobility_ctrl/build/pure_pursuit/prefix_override:/usr/lib/python3/dist-packages/colcon_core/task/python/colcon_distutils_commands:/home/brittc/Exodus2025/mobility_ctrl/install/pure_pursuit/lib/python3.10/site-packages:${PYTHONPATH} /usr/bin/python3 -W ignore:setup.py install is deprecated -W ignore:easy_install command is deprecated setup.py develop --editable --build-directory /home/brittc/Exodus2025/mobility_ctrl/build/pure_pursuit/build --no-deps symlink_data --force
[3.129s] INFO:colcon.colcon_core.shell:Creating environment hook '/home/brittc/Exodus2025/mobility_ctrl/build/pure_pursuit/share/pure_pursuit/hook/pythonpath_develop.ps1'
[3.130s] INFO:colcon.colcon_core.shell:Creating environment descriptor '/home/brittc/Exodus2025/mobility_ctrl/build/pure_pursuit/share/pure_pursuit/hook/pythonpath_develop.dsv'
[3.131s] INFO:colcon.colcon_core.shell:Creating environment hook '/home/brittc/Exodus2025/mobility_ctrl/build/pure_pursuit/share/pure_pursuit/hook/pythonpath_develop.sh'
[3.131s] Level 1:colcon.colcon_core.environment:checking '/home/brittc/Exodus2025/mobility_ctrl/install/pure_pursuit' for CMake module files
[3.132s] Level 1:colcon.colcon_core.environment:checking '/home/brittc/Exodus2025/mobility_ctrl/install/pure_pursuit' for CMake config files
[3.133s] Level 1:colcon.colcon_core.environment:checking '/home/brittc/Exodus2025/mobility_ctrl/install/pure_pursuit/lib'
[3.133s] Level 1:colcon.colcon_core.environment:checking '/home/brittc/Exodus2025/mobility_ctrl/install/pure_pursuit/bin'
[3.133s] Level 1:colcon.colcon_core.environment:checking '/home/brittc/Exodus2025/mobility_ctrl/install/pure_pursuit/lib/pkgconfig/pure_pursuit.pc'
[3.133s] Level 1:colcon.colcon_core.environment:checking '/home/brittc/Exodus2025/mobility_ctrl/install/pure_pursuit/lib/python3.10/site-packages'
[3.133s] Level 1:colcon.colcon_core.shell:create_environment_hook('pure_pursuit', 'pythonpath')
[3.134s] INFO:colcon.colcon_core.shell:Creating environment hook '/home/brittc/Exodus2025/mobility_ctrl/install/pure_pursuit/share/pure_pursuit/hook/pythonpath.ps1'
[3.135s] INFO:colcon.colcon_core.shell:Creating environment descriptor '/home/brittc/Exodus2025/mobility_ctrl/install/pure_pursuit/share/pure_pursuit/hook/pythonpath.dsv'
[3.136s] INFO:colcon.colcon_core.shell:Creating environment hook '/home/brittc/Exodus2025/mobility_ctrl/install/pure_pursuit/share/pure_pursuit/hook/pythonpath.sh'
[3.137s] Level 1:colcon.colcon_core.environment:checking '/home/brittc/Exodus2025/mobility_ctrl/install/pure_pursuit/bin'
[3.137s] Level 1:colcon.colcon_core.environment:create_environment_scripts_only(pure_pursuit)
[3.137s] INFO:colcon.colcon_core.shell:Creating package script '/home/brittc/Exodus2025/mobility_ctrl/install/pure_pursuit/share/pure_pursuit/package.ps1'
[3.138s] INFO:colcon.colcon_core.shell:Creating package descriptor '/home/brittc/Exodus2025/mobility_ctrl/install/pure_pursuit/share/pure_pursuit/package.dsv'
[3.139s] INFO:colcon.colcon_core.shell:Creating package script '/home/brittc/Exodus2025/mobility_ctrl/install/pure_pursuit/share/pure_pursuit/package.sh'
[3.140s] INFO:colcon.colcon_core.shell:Creating package script '/home/brittc/Exodus2025/mobility_ctrl/install/pure_pursuit/share/pure_pursuit/package.bash'
[3.141s] INFO:colcon.colcon_core.shell:Creating package script '/home/brittc/Exodus2025/mobility_ctrl/install/pure_pursuit/share/pure_pursuit/package.zsh'
[3.142s] Level 1:colcon.colcon_core.environment:create_file_with_runtime_dependencies(/home/brittc/Exodus2025/mobility_ctrl/install/pure_pursuit/share/colcon-core/packages/pure_pursuit)
[3.143s] DEBUG:colcon.colcon_parallel_executor.executor.parallel:closing loop
[3.143s] DEBUG:colcon.colcon_parallel_executor.executor.parallel:loop closed
[3.144s] DEBUG:colcon.colcon_parallel_executor.executor.parallel:run_until_complete finished with '0'
[3.144s] DEBUG:colcon.colcon_core.event_reactor:joining thread
[3.248s] INFO:colcon.colcon_core.plugin_system:Skipping extension 'colcon_notification.desktop_notification.notify_send': Could not find 'notify-send'
[3.248s] INFO:colcon.colcon_core.plugin_system:Skipping extension 'colcon_notification.desktop_notification.terminal_notifier': Not used on non-Darwin systems
[3.248s] INFO:colcon.colcon_core.plugin_system:Skipping extension 'colcon_notification.desktop_notification.win32': Not used on non-Windows systems
[3.248s] INFO:colcon.colcon_notification.desktop_notification:Sending desktop notification using 'notify2'
[3.249s] DEBUG:colcon.colcon_notification.desktop_notification.notify2:Failed to initialize notify2: org.freedesktop.DBus.Error.FileNotFound: Failed to connect to socket /run/user/1000/bus: No such file or directory
[3.249s] DEBUG:colcon.colcon_core.event_reactor:joined thread
[3.250s] INFO:colcon.colcon_core.shell:Creating prefix script '/home/brittc/Exodus2025/mobility_ctrl/install/local_setup.ps1'
[3.251s] INFO:colcon.colcon_core.shell:Creating prefix util module '/home/brittc/Exodus2025/mobility_ctrl/install/_local_setup_util_ps1.py'
[3.254s] INFO:colcon.colcon_core.shell:Creating prefix chain script '/home/brittc/Exodus2025/mobility_ctrl/install/setup.ps1'
[3.258s] INFO:colcon.colcon_core.shell:Creating prefix script '/home/brittc/Exodus2025/mobility_ctrl/install/local_setup.sh'
[3.260s] INFO:colcon.colcon_core.shell:Creating prefix util module '/home/brittc/Exodus2025/mobility_ctrl/install/_local_setup_util_sh.py'
[3.261s] INFO:colcon.colcon_core.shell:Creating prefix chain script '/home/brittc/Exodus2025/mobility_ctrl/install/setup.sh'
[3.265s] INFO:colcon.colcon_core.shell:Creating prefix script '/home/brittc/Exodus2025/mobility_ctrl/install/local_setup.bash'
[3.267s] INFO:colcon.colcon_core.shell:Creating prefix chain script '/home/brittc/Exodus2025/mobility_ctrl/install/setup.bash'
[3.272s] INFO:colcon.colcon_core.shell:Creating prefix script '/home/brittc/Exodus2025/mobility_ctrl/install/local_setup.zsh'
[3.274s] INFO:colcon.colcon_core.shell:Creating prefix chain script '/home/brittc/Exodus2025/mobility_ctrl/install/setup.zsh'
