[0.738s] Invoking command in '/home/brittc/ros2_ws/build/my_robot_controller': PYTHONPATH=/home/brittc/ros2_ws/build/my_robot_controller/prefix_override:/usr/lib/python3/dist-packages/colcon_core/task/python/colcon_distutils_commands:/home/brittc/ros2_ws/install/my_robot_controller/lib/python3.12/site-packages:${PYTHONPATH} /usr/bin/python3 -W ignore:setup.py install is deprecated -W ignore:easy_install command is deprecated setup.py develop --editable --build-directory /home/brittc/ros2_ws/build/my_robot_controller/build --no-deps symlink_data
[1.009s] running develop
[1.183s] running egg_info
[1.200s] writing my_robot_controller.egg-info/PKG-INFO
[1.200s] writing dependency_links to my_robot_controller.egg-info/dependency_links.txt
[1.200s] writing entry points to my_robot_controller.egg-info/entry_points.txt
[1.200s] writing requirements to my_robot_controller.egg-info/requires.txt
[1.201s] writing top-level names to my_robot_controller.egg-info/top_level.txt
[1.238s] reading manifest file 'my_robot_controller.egg-info/SOURCES.txt'
[1.238s] writing manifest file 'my_robot_controller.egg-info/SOURCES.txt'
[1.257s] running build_ext
[1.257s] Creating /home/brittc/ros2_ws/install/my_robot_controller/lib/python3.12/site-packages/my-robot-controller.egg-link (link to .)
[1.258s] Installing draw_circle script to /home/brittc/ros2_ws/install/my_robot_controller/lib/my_robot_controller
[1.258s] Installing pose_sub script to /home/brittc/ros2_ws/install/my_robot_controller/lib/my_robot_controller
[1.258s] Installing test_node script to /home/brittc/ros2_ws/install/my_robot_controller/lib/my_robot_controller
[1.258s] Installing turtle_cntl script to /home/brittc/ros2_ws/install/my_robot_controller/lib/my_robot_controller
[1.258s] 
[1.259s] Installed /home/brittc/ros2_ws/build/my_robot_controller
[1.259s] running symlink_data
[1.308s] Invoked command in '/home/brittc/ros2_ws/build/my_robot_controller' returned '0': PYTHONPATH=/home/brittc/ros2_ws/build/my_robot_controller/prefix_override:/usr/lib/python3/dist-packages/colcon_core/task/python/colcon_distutils_commands:/home/brittc/ros2_ws/install/my_robot_controller/lib/python3.12/site-packages:${PYTHONPATH} /usr/bin/python3 -W ignore:setup.py install is deprecated -W ignore:easy_install command is deprecated setup.py develop --editable --build-directory /home/brittc/ros2_ws/build/my_robot_controller/build --no-deps symlink_data
