[1.961s] Invoking command in '/home/tauver/Exodus2025/mobility_ctrl/src/multi_zed_rtab': PYTHONPATH=/home/tauver/Exodus2025/build/multi_zed_rtab/prefix_override:/usr/lib/python3/dist-packages/colcon_core/task/python/colcon_distutils_commands:/home/tauver/Exodus2025/install/multi_zed_rtab/lib/python3.10/site-packages:${PYTHONPATH} /usr/bin/python3 -W ignore:setup.py install is deprecated -W ignore:easy_install command is deprecated setup.py egg_info --egg-base ../../../build/multi_zed_rtab build --build-base /home/tauver/Exodus2025/build/multi_zed_rtab/build install --record /home/tauver/Exodus2025/build/multi_zed_rtab/install.log --single-version-externally-managed install_data
[2.639s] running egg_info
[2.640s] creating ../../../build/multi_zed_rtab/multi_zed_rtab.egg-info
[2.641s] writing ../../../build/multi_zed_rtab/multi_zed_rtab.egg-info/PKG-INFO
[2.641s] writing dependency_links to ../../../build/multi_zed_rtab/multi_zed_rtab.egg-info/dependency_links.txt
[2.642s] writing entry points to ../../../build/multi_zed_rtab/multi_zed_rtab.egg-info/entry_points.txt
[2.642s] writing requirements to ../../../build/multi_zed_rtab/multi_zed_rtab.egg-info/requires.txt
[2.643s] writing top-level names to ../../../build/multi_zed_rtab/multi_zed_rtab.egg-info/top_level.txt
[2.643s] writing manifest file '../../../build/multi_zed_rtab/multi_zed_rtab.egg-info/SOURCES.txt'
[2.647s] reading manifest file '../../../build/multi_zed_rtab/multi_zed_rtab.egg-info/SOURCES.txt'
[2.649s] writing manifest file '../../../build/multi_zed_rtab/multi_zed_rtab.egg-info/SOURCES.txt'
[2.649s] running build
[2.650s] running build_py
[2.650s] creating /home/tauver/Exodus2025/build/multi_zed_rtab/build
[2.650s] creating /home/tauver/Exodus2025/build/multi_zed_rtab/build/lib
[2.650s] creating /home/tauver/Exodus2025/build/multi_zed_rtab/build/lib/multi_zed_rtab
[2.650s] copying multi_zed_rtab/__init__.py -> /home/tauver/Exodus2025/build/multi_zed_rtab/build/lib/multi_zed_rtab
[2.650s] running install
[2.651s] running install_lib
[2.654s] creating /home/tauver/Exodus2025/install/multi_zed_rtab/lib/python3.10/site-packages/multi_zed_rtab
[2.654s] copying /home/tauver/Exodus2025/build/multi_zed_rtab/build/lib/multi_zed_rtab/__init__.py -> /home/tauver/Exodus2025/install/multi_zed_rtab/lib/python3.10/site-packages/multi_zed_rtab
[2.656s] byte-compiling /home/tauver/Exodus2025/install/multi_zed_rtab/lib/python3.10/site-packages/multi_zed_rtab/__init__.py to __init__.cpython-310.pyc
[2.657s] running install_data
[2.657s] creating /home/tauver/Exodus2025/install/multi_zed_rtab/share/ament_index
[2.657s] creating /home/tauver/Exodus2025/install/multi_zed_rtab/share/ament_index/resource_index
[2.658s] creating /home/tauver/Exodus2025/install/multi_zed_rtab/share/ament_index/resource_index/packages
[2.658s] copying resource/multi_zed_rtab -> /home/tauver/Exodus2025/install/multi_zed_rtab/share/ament_index/resource_index/packages
[2.658s] copying package.xml -> /home/tauver/Exodus2025/install/multi_zed_rtab/share/multi_zed_rtab
[2.659s] creating /home/tauver/Exodus2025/install/multi_zed_rtab/share/multi_zed_rtab/launch
[2.659s] copying launch/multi_zed_rtab.launch.py -> /home/tauver/Exodus2025/install/multi_zed_rtab/share/multi_zed_rtab/launch
[2.659s] running install_egg_info
[2.665s] Copying ../../../build/multi_zed_rtab/multi_zed_rtab.egg-info to /home/tauver/Exodus2025/install/multi_zed_rtab/lib/python3.10/site-packages/multi_zed_rtab-0.0.0-py3.10.egg-info
[2.667s] running install_scripts
[2.723s] writing list of installed files to '/home/tauver/Exodus2025/build/multi_zed_rtab/install.log'
[2.814s] Invoked command in '/home/tauver/Exodus2025/mobility_ctrl/src/multi_zed_rtab' returned '0': PYTHONPATH=/home/tauver/Exodus2025/build/multi_zed_rtab/prefix_override:/usr/lib/python3/dist-packages/colcon_core/task/python/colcon_distutils_commands:/home/tauver/Exodus2025/install/multi_zed_rtab/lib/python3.10/site-packages:${PYTHONPATH} /usr/bin/python3 -W ignore:setup.py install is deprecated -W ignore:easy_install command is deprecated setup.py egg_info --egg-base ../../../build/multi_zed_rtab build --build-base /home/tauver/Exodus2025/build/multi_zed_rtab/build install --record /home/tauver/Exodus2025/build/multi_zed_rtab/install.log --single-version-externally-managed install_data
