[1.329s] Invoking command in '/home/brittc/Exodus2025/mobility_ctrl/build/stanley_control': PYTHONPATH=/home/brittc/Exodus2025/mobility_ctrl/build/stanley_control/prefix_override:/usr/lib/python3/dist-packages/colcon_core/task/python/colcon_distutils_commands:/home/brittc/Exodus2025/mobility_ctrl/install/stanley_control/lib/python3.10/site-packages:${PYTHONPATH} /usr/bin/python3 -W ignore:setup.py install is deprecated -W ignore:easy_install command is deprecated setup.py develop --editable --build-directory /home/brittc/Exodus2025/mobility_ctrl/build/stanley_control/build --no-deps symlink_data
[1.582s] running develop
[1.731s] running egg_info
[1.731s] creating stanley_control.egg-info
[1.732s] writing stanley_control.egg-info/PKG-INFO
[1.733s] writing dependency_links to stanley_control.egg-info/dependency_links.txt
[1.733s] writing entry points to stanley_control.egg-info/entry_points.txt
[1.733s] writing requirements to stanley_control.egg-info/requires.txt
[1.733s] writing top-level names to stanley_control.egg-info/top_level.txt
[1.735s] writing manifest file 'stanley_control.egg-info/SOURCES.txt'
[1.736s] reading manifest file 'stanley_control.egg-info/SOURCES.txt'
[1.737s] writing manifest file 'stanley_control.egg-info/SOURCES.txt'
[1.739s] running build_ext
[1.739s] Creating /home/brittc/Exodus2025/mobility_ctrl/install/stanley_control/lib/python3.10/site-packages/stanley-control.egg-link (link to .)
[1.741s] Installing stanley_controller script to /home/brittc/Exodus2025/mobility_ctrl/install/stanley_control/lib/stanley_control
[1.742s] 
[1.742s] Installed /home/brittc/Exodus2025/mobility_ctrl/build/stanley_control
[1.742s] running symlink_data
[1.742s] creating /home/brittc/Exodus2025/mobility_ctrl/install/stanley_control/share/ament_index
[1.742s] creating /home/brittc/Exodus2025/mobility_ctrl/install/stanley_control/share/ament_index/resource_index
[1.742s] creating /home/brittc/Exodus2025/mobility_ctrl/install/stanley_control/share/ament_index/resource_index/packages
[1.743s] symbolically linking /home/brittc/Exodus2025/mobility_ctrl/build/stanley_control/resource/stanley_control -> /home/brittc/Exodus2025/mobility_ctrl/install/stanley_control/share/ament_index/resource_index/packages
[1.743s] symbolically linking /home/brittc/Exodus2025/mobility_ctrl/build/stanley_control/package.xml -> /home/brittc/Exodus2025/mobility_ctrl/install/stanley_control/share/stanley_control
[1.743s] creating /home/brittc/Exodus2025/mobility_ctrl/install/stanley_control/share/stanley_control/launch
[1.743s] symbolically linking /home/brittc/Exodus2025/mobility_ctrl/build/stanley_control/launch/spawn_rover.launch.py -> /home/brittc/Exodus2025/mobility_ctrl/install/stanley_control/share/stanley_control/launch
[1.743s] creating /home/brittc/Exodus2025/mobility_ctrl/install/stanley_control/share/stanley_control/config
[1.826s] Invoked command in '/home/brittc/Exodus2025/mobility_ctrl/build/stanley_control' returned '0': PYTHONPATH=/home/brittc/Exodus2025/mobility_ctrl/build/stanley_control/prefix_override:/usr/lib/python3/dist-packages/colcon_core/task/python/colcon_distutils_commands:/home/brittc/Exodus2025/mobility_ctrl/install/stanley_control/lib/python3.10/site-packages:${PYTHONPATH} /usr/bin/python3 -W ignore:setup.py install is deprecated -W ignore:easy_install command is deprecated setup.py develop --editable --build-directory /home/brittc/Exodus2025/mobility_ctrl/build/stanley_control/build --no-deps symlink_data
