[1.022s] Invoking command in '/home/brittc/Exodus2025/mobility_ctrl/build/pure_pursuit': PYTHONPATH=/home/brittc/Exodus2025/mobility_ctrl/build/pure_pursuit/prefix_override:/usr/lib/python3/dist-packages/colcon_core/task/python/colcon_distutils_commands:/home/brittc/Exodus2025/mobility_ctrl/install/pure_pursuit/lib/python3.10/site-packages:${PYTHONPATH} /usr/bin/python3 -W ignore:setup.py install is deprecated -W ignore:easy_install command is deprecated setup.py develop --uninstall --editable --build-directory /home/brittc/Exodus2025/mobility_ctrl/build/pure_pursuit/build
[1.232s] running develop
[1.369s] Removing /home/brittc/Exodus2025/mobility_ctrl/install/pure_pursuit/lib/python3.10/site-packages/pure-pursuit.egg-link (link to .)
[1.411s] Invoked command in '/home/brittc/Exodus2025/mobility_ctrl/build/pure_pursuit' returned '0': PYTHONPATH=/home/brittc/Exodus2025/mobility_ctrl/build/pure_pursuit/prefix_override:/usr/lib/python3/dist-packages/colcon_core/task/python/colcon_distutils_commands:/home/brittc/Exodus2025/mobility_ctrl/install/pure_pursuit/lib/python3.10/site-packages:${PYTHONPATH} /usr/bin/python3 -W ignore:setup.py install is deprecated -W ignore:easy_install command is deprecated setup.py develop --uninstall --editable --build-directory /home/brittc/Exodus2025/mobility_ctrl/build/pure_pursuit/build
[1.412s] Invoking command in '/home/brittc/Exodus2025/mobility_ctrl/src/pure_pursuit': PYTHONPATH=/home/brittc/Exodus2025/mobility_ctrl/build/pure_pursuit/prefix_override:/usr/lib/python3/dist-packages/colcon_core/task/python/colcon_distutils_commands:/home/brittc/Exodus2025/mobility_ctrl/install/pure_pursuit/lib/python3.10/site-packages:${PYTHONPATH} /usr/bin/python3 -W ignore:setup.py install is deprecated -W ignore:easy_install command is deprecated setup.py egg_info --egg-base ../../build/pure_pursuit build --build-base /home/brittc/Exodus2025/mobility_ctrl/build/pure_pursuit/build install --record /home/brittc/Exodus2025/mobility_ctrl/build/pure_pursuit/install.log --single-version-externally-managed install_data --force
[1.617s] running egg_info
[1.618s] writing ../../build/pure_pursuit/pure_pursuit.egg-info/PKG-INFO
[1.619s] writing dependency_links to ../../build/pure_pursuit/pure_pursuit.egg-info/dependency_links.txt
[1.619s] writing entry points to ../../build/pure_pursuit/pure_pursuit.egg-info/entry_points.txt
[1.619s] writing requirements to ../../build/pure_pursuit/pure_pursuit.egg-info/requires.txt
[1.619s] writing top-level names to ../../build/pure_pursuit/pure_pursuit.egg-info/top_level.txt
[1.621s] reading manifest file '../../build/pure_pursuit/pure_pursuit.egg-info/SOURCES.txt'
[1.623s] writing manifest file '../../build/pure_pursuit/pure_pursuit.egg-info/SOURCES.txt'
[1.623s] running build
[1.624s] running build_py
[1.624s] creating /home/brittc/Exodus2025/mobility_ctrl/build/pure_pursuit/build
[1.624s] creating /home/brittc/Exodus2025/mobility_ctrl/build/pure_pursuit/build/lib
[1.624s] creating /home/brittc/Exodus2025/mobility_ctrl/build/pure_pursuit/build/lib/pure_pursuit
[1.625s] copying pure_pursuit/pure_pursuit_ackermann.py -> /home/brittc/Exodus2025/mobility_ctrl/build/pure_pursuit/build/lib/pure_pursuit
[1.625s] copying pure_pursuit/__init__.py -> /home/brittc/Exodus2025/mobility_ctrl/build/pure_pursuit/build/lib/pure_pursuit
[1.625s] running install
[1.625s] running install_lib
[1.626s] creating /home/brittc/Exodus2025/mobility_ctrl/install/pure_pursuit/lib/python3.10/site-packages/pure_pursuit
[1.626s] copying /home/brittc/Exodus2025/mobility_ctrl/build/pure_pursuit/build/lib/pure_pursuit/pure_pursuit_ackermann.py -> /home/brittc/Exodus2025/mobility_ctrl/install/pure_pursuit/lib/python3.10/site-packages/pure_pursuit
[1.626s] copying /home/brittc/Exodus2025/mobility_ctrl/build/pure_pursuit/build/lib/pure_pursuit/__init__.py -> /home/brittc/Exodus2025/mobility_ctrl/install/pure_pursuit/lib/python3.10/site-packages/pure_pursuit
[1.628s] byte-compiling /home/brittc/Exodus2025/mobility_ctrl/install/pure_pursuit/lib/python3.10/site-packages/pure_pursuit/pure_pursuit_ackermann.py to pure_pursuit_ackermann.cpython-310.pyc
[1.628s] byte-compiling /home/brittc/Exodus2025/mobility_ctrl/install/pure_pursuit/lib/python3.10/site-packages/pure_pursuit/__init__.py to __init__.cpython-310.pyc
[1.629s] running install_data
[1.630s] copying resource/pure_pursuit -> /home/brittc/Exodus2025/mobility_ctrl/install/pure_pursuit/share/ament_index/resource_index/packages
[1.630s] copying package.xml -> /home/brittc/Exodus2025/mobility_ctrl/install/pure_pursuit/share/pure_pursuit
[1.630s] running install_egg_info
[1.632s] Copying ../../build/pure_pursuit/pure_pursuit.egg-info to /home/brittc/Exodus2025/mobility_ctrl/install/pure_pursuit/lib/python3.10/site-packages/pure_pursuit-0.0.0-py3.10.egg-info
[1.634s] running install_scripts
[1.651s] Installing pure_pursuit_ackermann script to /home/brittc/Exodus2025/mobility_ctrl/install/pure_pursuit/lib/pure_pursuit
[1.652s] writing list of installed files to '/home/brittc/Exodus2025/mobility_ctrl/build/pure_pursuit/install.log'
[1.692s] Invoked command in '/home/brittc/Exodus2025/mobility_ctrl/src/pure_pursuit' returned '0': PYTHONPATH=/home/brittc/Exodus2025/mobility_ctrl/build/pure_pursuit/prefix_override:/usr/lib/python3/dist-packages/colcon_core/task/python/colcon_distutils_commands:/home/brittc/Exodus2025/mobility_ctrl/install/pure_pursuit/lib/python3.10/site-packages:${PYTHONPATH} /usr/bin/python3 -W ignore:setup.py install is deprecated -W ignore:easy_install command is deprecated setup.py egg_info --egg-base ../../build/pure_pursuit build --build-base /home/brittc/Exodus2025/mobility_ctrl/build/pure_pursuit/build install --record /home/brittc/Exodus2025/mobility_ctrl/build/pure_pursuit/install.log --single-version-externally-managed install_data --force
