running develop
Removing /home/brittc/Exodus2025/mobility_ctrl/install/stanley_control/lib/python3.10/site-packages/stanley-control.egg-link (link to .)
running egg_info
writing ../../build/stanley_control/stanley_control.egg-info/PKG-INFO
writing dependency_links to ../../build/stanley_control/stanley_control.egg-info/dependency_links.txt
writing entry points to ../../build/stanley_control/stanley_control.egg-info/entry_points.txt
writing requirements to ../../build/stanley_control/stanley_control.egg-info/requires.txt
writing top-level names to ../../build/stanley_control/stanley_control.egg-info/top_level.txt
reading manifest file '../../build/stanley_control/stanley_control.egg-info/SOURCES.txt'
writing manifest file '../../build/stanley_control/stanley_control.egg-info/SOURCES.txt'
running build
running build_py
copying stanley_control/ack_to_twist_converter.py -> /home/brittc/Exodus2025/mobility_ctrl/build/stanley_control/build/lib/stanley_control
copying stanley_control/stanley_control.py -> /home/brittc/Exodus2025/mobility_ctrl/build/stanley_control/build/lib/stanley_control
running install
running install_lib
creating /home/brittc/Exodus2025/mobility_ctrl/install/stanley_control/lib/python3.10/site-packages/stanley_control
copying /home/brittc/Exodus2025/mobility_ctrl/build/stanley_control/build/lib/stanley_control/__init__.py -> /home/brittc/Exodus2025/mobility_ctrl/install/stanley_control/lib/python3.10/site-packages/stanley_control
copying /home/brittc/Exodus2025/mobility_ctrl/build/stanley_control/build/lib/stanley_control/ack_to_twist_converter.py -> /home/brittc/Exodus2025/mobility_ctrl/install/stanley_control/lib/python3.10/site-packages/stanley_control
copying /home/brittc/Exodus2025/mobility_ctrl/build/stanley_control/build/lib/stanley_control/stanley_control.py -> /home/brittc/Exodus2025/mobility_ctrl/install/stanley_control/lib/python3.10/site-packages/stanley_control
byte-compiling /home/brittc/Exodus2025/mobility_ctrl/install/stanley_control/lib/python3.10/site-packages/stanley_control/__init__.py to __init__.cpython-310.pyc
byte-compiling /home/brittc/Exodus2025/mobility_ctrl/install/stanley_control/lib/python3.10/site-packages/stanley_control/ack_to_twist_converter.py to ack_to_twist_converter.cpython-310.pyc
byte-compiling /home/brittc/Exodus2025/mobility_ctrl/install/stanley_control/lib/python3.10/site-packages/stanley_control/stanley_control.py to stanley_control.cpython-310.pyc
running install_data
copying resource/stanley_control -> /home/brittc/Exodus2025/mobility_ctrl/install/stanley_control/share/ament_index/resource_index/packages
copying package.xml -> /home/brittc/Exodus2025/mobility_ctrl/install/stanley_control/share/stanley_control
copying launch/spawn_rover.launch.py -> /home/brittc/Exodus2025/mobility_ctrl/install/stanley_control/share/stanley_control/launch
copying config/ackermann_drive_controller2.yaml -> /home/brittc/Exodus2025/mobility_ctrl/install/stanley_control/share/stanley_control/config
running install_egg_info
Copying ../../build/stanley_control/stanley_control.egg-info to /home/brittc/Exodus2025/mobility_ctrl/install/stanley_control/lib/python3.10/site-packages/stanley_control-0.0.0-py3.10.egg-info
running install_scripts
Installing stanley_controller script to /home/brittc/Exodus2025/mobility_ctrl/install/stanley_control/lib/stanley_control
Installing twist_converter script to /home/brittc/Exodus2025/mobility_ctrl/install/stanley_control/lib/stanley_control
writing list of installed files to '/home/brittc/Exodus2025/mobility_ctrl/build/stanley_control/install.log'
