[0.184s] DEBUG:colcon:Command line arguments: ['/usr/bin/colcon', 'build']
[0.184s] DEBUG:colcon:Parsed command line arguments: Namespace(log_base=None, log_level=None, verb_name='build', build_base='build', install_base='install', merge_install=False, symlink_install=False, test_result_base=None, continue_on_error=False, executor='parallel', parallel_workers=8, event_handlers=None, ignore_user_meta=False, metas=['./colcon.meta'], base_paths=['.'], packages_ignore=None, packages_ignore_regex=None, paths=None, packages_up_to=None, packages_up_to_regex=None, packages_above=None, packages_above_and_dependencies=None, packages_above_depth=None, packages_select_by_dep=None, packages_skip_by_dep=None, packages_skip_up_to=None, packages_select_build_failed=False, packages_skip_build_finished=False, packages_select_test_failures=False, packages_skip_test_passed=False, packages_select=None, packages_skip=None, packages_select_regex=None, packages_skip_regex=None, packages_start=None, packages_end=None, allow_overriding=[], cmake_args=None, cmake_target=None, cmake_target_skip_unavailable=False, cmake_clean_cache=False, cmake_clean_first=False, cmake_force_configure=False, ament_cmake_args=None, catkin_cmake_args=None, catkin_skip_building_tests=False, mixin_files=None, mixin=None, verb_parser=<colcon_mixin.mixin.mixin_argument.MixinArgumentDecorator object at 0x7fc5a9f1aec0>, verb_extension=<colcon_core.verb.build.BuildVerb object at 0x7fc5aa01fdf0>, main=<bound method BuildVerb.main of <colcon_core.verb.build.BuildVerb object at 0x7fc5aa01fdf0>>, mixin_verb=('build',))
[0.328s] Level 1:colcon.colcon_core.package_discovery:discover_packages(colcon_meta) check parameters
[0.329s] Level 1:colcon.colcon_core.package_discovery:discover_packages(recursive) check parameters
[0.329s] Level 1:colcon.colcon_core.package_discovery:discover_packages(ignore) check parameters
[0.329s] Level 1:colcon.colcon_core.package_discovery:discover_packages(path) check parameters
[0.329s] Level 1:colcon.colcon_core.package_discovery:discover_packages(colcon_meta) discover
[0.329s] Level 1:colcon.colcon_core.package_discovery:discover_packages(recursive) discover
[0.329s] INFO:colcon.colcon_core.package_discovery:Crawling recursively for packages in '/home/brittc/Exodus2025/mobility_ctrl'
[0.329s] Level 1:colcon.colcon_core.package_identification:_identify(.) by extensions ['ignore', 'ignore_ament_install']
[0.329s] Level 1:colcon.colcon_core.package_identification:_identify(.) by extension 'ignore'
[0.329s] Level 1:colcon.colcon_core.package_identification:_identify(.) by extension 'ignore_ament_install'
[0.329s] Level 1:colcon.colcon_core.package_identification:_identify(.) by extensions ['colcon_pkg']
[0.329s] Level 1:colcon.colcon_core.package_identification:_identify(.) by extension 'colcon_pkg'
[0.329s] Level 1:colcon.colcon_core.package_identification:_identify(.) by extensions ['colcon_meta']
[0.329s] Level 1:colcon.colcon_core.package_identification:_identify(.) by extension 'colcon_meta'
[0.329s] Level 1:colcon.colcon_core.package_identification:_identify(.) by extensions ['ros']
[0.329s] Level 1:colcon.colcon_core.package_identification:_identify(.) by extension 'ros'
[0.338s] Level 1:colcon.colcon_core.package_identification:_identify(.) by extensions ['cmake', 'python']
[0.338s] Level 1:colcon.colcon_core.package_identification:_identify(.) by extension 'cmake'
[0.338s] Level 1:colcon.colcon_core.package_identification:_identify(.) by extension 'python'
[0.338s] Level 1:colcon.colcon_core.package_identification:_identify(.) by extensions ['python_setup_py']
[0.338s] Level 1:colcon.colcon_core.package_identification:_identify(.) by extension 'python_setup_py'
[0.338s] Level 1:colcon.colcon_core.package_identification:_identify(build) by extensions ['ignore', 'ignore_ament_install']
[0.338s] Level 1:colcon.colcon_core.package_identification:_identify(build) by extension 'ignore'
[0.338s] Level 1:colcon.colcon_core.package_identification:_identify(build) ignored
[0.339s] Level 1:colcon.colcon_core.package_identification:_identify(install) by extensions ['ignore', 'ignore_ament_install']
[0.339s] Level 1:colcon.colcon_core.package_identification:_identify(install) by extension 'ignore'
[0.339s] Level 1:colcon.colcon_core.package_identification:_identify(install) ignored
[0.339s] Level 1:colcon.colcon_core.package_identification:_identify(log) by extensions ['ignore', 'ignore_ament_install']
[0.339s] Level 1:colcon.colcon_core.package_identification:_identify(log) by extension 'ignore'
[0.339s] Level 1:colcon.colcon_core.package_identification:_identify(log) ignored
[0.339s] Level 1:colcon.colcon_core.package_identification:_identify(src) by extensions ['ignore', 'ignore_ament_install']
[0.339s] Level 1:colcon.colcon_core.package_identification:_identify(src) by extension 'ignore'
[0.339s] Level 1:colcon.colcon_core.package_identification:_identify(src) by extension 'ignore_ament_install'
[0.339s] Level 1:colcon.colcon_core.package_identification:_identify(src) by extensions ['colcon_pkg']
[0.339s] Level 1:colcon.colcon_core.package_identification:_identify(src) by extension 'colcon_pkg'
[0.339s] Level 1:colcon.colcon_core.package_identification:_identify(src) by extensions ['colcon_meta']
[0.339s] Level 1:colcon.colcon_core.package_identification:_identify(src) by extension 'colcon_meta'
[0.339s] Level 1:colcon.colcon_core.package_identification:_identify(src) by extensions ['ros']
[0.339s] Level 1:colcon.colcon_core.package_identification:_identify(src) by extension 'ros'
[0.339s] Level 1:colcon.colcon_core.package_identification:_identify(src) by extensions ['cmake', 'python']
[0.339s] Level 1:colcon.colcon_core.package_identification:_identify(src) by extension 'cmake'
[0.339s] Level 1:colcon.colcon_core.package_identification:_identify(src) by extension 'python'
[0.340s] Level 1:colcon.colcon_core.package_identification:_identify(src) by extensions ['python_setup_py']
[0.340s] Level 1:colcon.colcon_core.package_identification:_identify(src) by extension 'python_setup_py'
[0.340s] Level 1:colcon.colcon_core.package_identification:_identify(src/build) by extensions ['ignore', 'ignore_ament_install']
[0.340s] Level 1:colcon.colcon_core.package_identification:_identify(src/build) by extension 'ignore'
[0.340s] Level 1:colcon.colcon_core.package_identification:_identify(src/build) ignored
[0.340s] Level 1:colcon.colcon_core.package_identification:_identify(src/description) by extensions ['ignore', 'ignore_ament_install']
[0.340s] Level 1:colcon.colcon_core.package_identification:_identify(src/description) by extension 'ignore'
[0.340s] Level 1:colcon.colcon_core.package_identification:_identify(src/description) by extension 'ignore_ament_install'
[0.340s] Level 1:colcon.colcon_core.package_identification:_identify(src/description) by extensions ['colcon_pkg']
[0.340s] Level 1:colcon.colcon_core.package_identification:_identify(src/description) by extension 'colcon_pkg'
[0.340s] Level 1:colcon.colcon_core.package_identification:_identify(src/description) by extensions ['colcon_meta']
[0.340s] Level 1:colcon.colcon_core.package_identification:_identify(src/description) by extension 'colcon_meta'
[0.340s] Level 1:colcon.colcon_core.package_identification:_identify(src/description) by extensions ['ros']
[0.340s] Level 1:colcon.colcon_core.package_identification:_identify(src/description) by extension 'ros'
[0.340s] Level 1:colcon.colcon_core.package_identification:_identify(src/description) by extensions ['cmake', 'python']
[0.340s] Level 1:colcon.colcon_core.package_identification:_identify(src/description) by extension 'cmake'
[0.340s] Level 1:colcon.colcon_core.package_identification:_identify(src/description) by extension 'python'
[0.340s] Level 1:colcon.colcon_core.package_identification:_identify(src/description) by extensions ['python_setup_py']
[0.340s] Level 1:colcon.colcon_core.package_identification:_identify(src/description) by extension 'python_setup_py'
[0.340s] Level 1:colcon.colcon_core.package_identification:_identify(src/gazebo_ackermann_control) by extensions ['ignore', 'ignore_ament_install']
[0.340s] Level 1:colcon.colcon_core.package_identification:_identify(src/gazebo_ackermann_control) by extension 'ignore'
[0.340s] Level 1:colcon.colcon_core.package_identification:_identify(src/gazebo_ackermann_control) by extension 'ignore_ament_install'
[0.340s] Level 1:colcon.colcon_core.package_identification:_identify(src/gazebo_ackermann_control) by extensions ['colcon_pkg']
[0.340s] Level 1:colcon.colcon_core.package_identification:_identify(src/gazebo_ackermann_control) by extension 'colcon_pkg'
[0.340s] Level 1:colcon.colcon_core.package_identification:_identify(src/gazebo_ackermann_control) by extensions ['colcon_meta']
[0.340s] Level 1:colcon.colcon_core.package_identification:_identify(src/gazebo_ackermann_control) by extension 'colcon_meta'
[0.340s] Level 1:colcon.colcon_core.package_identification:_identify(src/gazebo_ackermann_control) by extensions ['ros']
[0.341s] Level 1:colcon.colcon_core.package_identification:_identify(src/gazebo_ackermann_control) by extension 'ros'
[0.343s] DEBUG:colcon.colcon_core.package_identification:Package 'src/gazebo_ackermann_control' with type 'ros.ament_python' and name 'gazebo_ackermann_control'
[0.343s] Level 1:colcon.colcon_core.package_identification:_identify(src/install) by extensions ['ignore', 'ignore_ament_install']
[0.343s] Level 1:colcon.colcon_core.package_identification:_identify(src/install) by extension 'ignore'
[0.343s] Level 1:colcon.colcon_core.package_identification:_identify(src/install) ignored
[0.343s] Level 1:colcon.colcon_core.package_identification:_identify(src/launch) by extensions ['ignore', 'ignore_ament_install']
[0.343s] Level 1:colcon.colcon_core.package_identification:_identify(src/launch) by extension 'ignore'
[0.343s] Level 1:colcon.colcon_core.package_identification:_identify(src/launch) by extension 'ignore_ament_install'
[0.343s] Level 1:colcon.colcon_core.package_identification:_identify(src/launch) by extensions ['colcon_pkg']
[0.343s] Level 1:colcon.colcon_core.package_identification:_identify(src/launch) by extension 'colcon_pkg'
[0.343s] Level 1:colcon.colcon_core.package_identification:_identify(src/launch) by extensions ['colcon_meta']
[0.344s] Level 1:colcon.colcon_core.package_identification:_identify(src/launch) by extension 'colcon_meta'
[0.344s] Level 1:colcon.colcon_core.package_identification:_identify(src/launch) by extensions ['ros']
[0.344s] Level 1:colcon.colcon_core.package_identification:_identify(src/launch) by extension 'ros'
[0.344s] Level 1:colcon.colcon_core.package_identification:_identify(src/launch) by extensions ['cmake', 'python']
[0.344s] Level 1:colcon.colcon_core.package_identification:_identify(src/launch) by extension 'cmake'
[0.344s] Level 1:colcon.colcon_core.package_identification:_identify(src/launch) by extension 'python'
[0.344s] Level 1:colcon.colcon_core.package_identification:_identify(src/launch) by extensions ['python_setup_py']
[0.344s] Level 1:colcon.colcon_core.package_identification:_identify(src/launch) by extension 'python_setup_py'
[0.344s] Level 1:colcon.colcon_core.package_identification:_identify(src/pure_pursuit) by extensions ['ignore', 'ignore_ament_install']
[0.344s] Level 1:colcon.colcon_core.package_identification:_identify(src/pure_pursuit) by extension 'ignore'
[0.344s] Level 1:colcon.colcon_core.package_identification:_identify(src/pure_pursuit) by extension 'ignore_ament_install'
[0.344s] Level 1:colcon.colcon_core.package_identification:_identify(src/pure_pursuit) by extensions ['colcon_pkg']
[0.344s] Level 1:colcon.colcon_core.package_identification:_identify(src/pure_pursuit) by extension 'colcon_pkg'
[0.344s] Level 1:colcon.colcon_core.package_identification:_identify(src/pure_pursuit) by extensions ['colcon_meta']
[0.344s] Level 1:colcon.colcon_core.package_identification:_identify(src/pure_pursuit) by extension 'colcon_meta'
[0.344s] Level 1:colcon.colcon_core.package_identification:_identify(src/pure_pursuit) by extensions ['ros']
[0.344s] Level 1:colcon.colcon_core.package_identification:_identify(src/pure_pursuit) by extension 'ros'
[0.345s] DEBUG:colcon.colcon_core.package_identification:Package 'src/pure_pursuit' with type 'ros.ament_python' and name 'pure_pursuit'
[0.345s] Level 1:colcon.colcon_core.package_identification:_identify(src/worlds) by extensions ['ignore', 'ignore_ament_install']
[0.345s] Level 1:colcon.colcon_core.package_identification:_identify(src/worlds) by extension 'ignore'
[0.345s] Level 1:colcon.colcon_core.package_identification:_identify(src/worlds) by extension 'ignore_ament_install'
[0.345s] Level 1:colcon.colcon_core.package_identification:_identify(src/worlds) by extensions ['colcon_pkg']
[0.345s] Level 1:colcon.colcon_core.package_identification:_identify(src/worlds) by extension 'colcon_pkg'
[0.345s] Level 1:colcon.colcon_core.package_identification:_identify(src/worlds) by extensions ['colcon_meta']
[0.345s] Level 1:colcon.colcon_core.package_identification:_identify(src/worlds) by extension 'colcon_meta'
[0.345s] Level 1:colcon.colcon_core.package_identification:_identify(src/worlds) by extensions ['ros']
[0.345s] Level 1:colcon.colcon_core.package_identification:_identify(src/worlds) by extension 'ros'
[0.345s] Level 1:colcon.colcon_core.package_identification:_identify(src/worlds) by extensions ['cmake', 'python']
[0.345s] Level 1:colcon.colcon_core.package_identification:_identify(src/worlds) by extension 'cmake'
[0.345s] Level 1:colcon.colcon_core.package_identification:_identify(src/worlds) by extension 'python'
[0.345s] Level 1:colcon.colcon_core.package_identification:_identify(src/worlds) by extensions ['python_setup_py']
[0.345s] Level 1:colcon.colcon_core.package_identification:_identify(src/worlds) by extension 'python_setup_py'
[0.345s] Level 1:colcon.colcon_core.package_discovery:discover_packages(recursive) using defaults
[0.346s] Level 1:colcon.colcon_core.package_discovery:discover_packages(ignore) discover
[0.346s] Level 1:colcon.colcon_core.package_discovery:discover_packages(ignore) using defaults
[0.346s] Level 1:colcon.colcon_core.package_discovery:discover_packages(path) discover
[0.346s] Level 1:colcon.colcon_core.package_discovery:discover_packages(path) using defaults
[0.379s] Level 1:colcon.colcon_core.package_discovery:discover_packages(prefix_path) check parameters
[0.379s] Level 1:colcon.colcon_core.package_discovery:discover_packages(prefix_path) discover
[0.384s] DEBUG:colcon.colcon_installed_package_information.package_discovery:Found 21 installed packages in /home/brittc/Exodus2025/mobility_ctrl/install
[0.386s] DEBUG:colcon.colcon_installed_package_information.package_discovery:Found 332 installed packages in /opt/ros/humble
[0.387s] Level 1:colcon.colcon_core.package_discovery:discover_packages(prefix_path) using defaults
[0.444s] Level 5:colcon.colcon_core.verb:set package 'gazebo_ackermann_control' build argument 'cmake_args' from command line to 'None'
[0.444s] Level 5:colcon.colcon_core.verb:set package 'gazebo_ackermann_control' build argument 'cmake_target' from command line to 'None'
[0.444s] Level 5:colcon.colcon_core.verb:set package 'gazebo_ackermann_control' build argument 'cmake_target_skip_unavailable' from command line to 'False'
[0.444s] Level 5:colcon.colcon_core.verb:set package 'gazebo_ackermann_control' build argument 'cmake_clean_cache' from command line to 'False'
[0.444s] Level 5:colcon.colcon_core.verb:set package 'gazebo_ackermann_control' build argument 'cmake_clean_first' from command line to 'False'
[0.444s] Level 5:colcon.colcon_core.verb:set package 'gazebo_ackermann_control' build argument 'cmake_force_configure' from command line to 'False'
[0.444s] Level 5:colcon.colcon_core.verb:set package 'gazebo_ackermann_control' build argument 'ament_cmake_args' from command line to 'None'
[0.444s] Level 5:colcon.colcon_core.verb:set package 'gazebo_ackermann_control' build argument 'catkin_cmake_args' from command line to 'None'
[0.444s] Level 5:colcon.colcon_core.verb:set package 'gazebo_ackermann_control' build argument 'catkin_skip_building_tests' from command line to 'False'
[0.444s] DEBUG:colcon.colcon_core.verb:Building package 'gazebo_ackermann_control' with the following arguments: {'ament_cmake_args': None, 'build_base': '/home/brittc/Exodus2025/mobility_ctrl/build/gazebo_ackermann_control', 'catkin_cmake_args': None, 'catkin_skip_building_tests': False, 'cmake_args': None, 'cmake_clean_cache': False, 'cmake_clean_first': False, 'cmake_force_configure': False, 'cmake_target': None, 'cmake_target_skip_unavailable': False, 'install_base': '/home/brittc/Exodus2025/mobility_ctrl/install/gazebo_ackermann_control', 'merge_install': False, 'path': '/home/brittc/Exodus2025/mobility_ctrl/src/gazebo_ackermann_control', 'symlink_install': False, 'test_result_base': None}
[0.444s] Level 5:colcon.colcon_core.verb:set package 'pure_pursuit' build argument 'cmake_args' from command line to 'None'
[0.444s] Level 5:colcon.colcon_core.verb:set package 'pure_pursuit' build argument 'cmake_target' from command line to 'None'
[0.444s] Level 5:colcon.colcon_core.verb:set package 'pure_pursuit' build argument 'cmake_target_skip_unavailable' from command line to 'False'
[0.444s] Level 5:colcon.colcon_core.verb:set package 'pure_pursuit' build argument 'cmake_clean_cache' from command line to 'False'
[0.444s] Level 5:colcon.colcon_core.verb:set package 'pure_pursuit' build argument 'cmake_clean_first' from command line to 'False'
[0.444s] Level 5:colcon.colcon_core.verb:set package 'pure_pursuit' build argument 'cmake_force_configure' from command line to 'False'
[0.444s] Level 5:colcon.colcon_core.verb:set package 'pure_pursuit' build argument 'ament_cmake_args' from command line to 'None'
[0.444s] Level 5:colcon.colcon_core.verb:set package 'pure_pursuit' build argument 'catkin_cmake_args' from command line to 'None'
[0.444s] Level 5:colcon.colcon_core.verb:set package 'pure_pursuit' build argument 'catkin_skip_building_tests' from command line to 'False'
[0.444s] DEBUG:colcon.colcon_core.verb:Building package 'pure_pursuit' with the following arguments: {'ament_cmake_args': None, 'build_base': '/home/brittc/Exodus2025/mobility_ctrl/build/pure_pursuit', 'catkin_cmake_args': None, 'catkin_skip_building_tests': False, 'cmake_args': None, 'cmake_clean_cache': False, 'cmake_clean_first': False, 'cmake_force_configure': False, 'cmake_target': None, 'cmake_target_skip_unavailable': False, 'install_base': '/home/brittc/Exodus2025/mobility_ctrl/install/pure_pursuit', 'merge_install': False, 'path': '/home/brittc/Exodus2025/mobility_ctrl/src/pure_pursuit', 'symlink_install': False, 'test_result_base': None}
[0.445s] INFO:colcon.colcon_core.executor:Executing jobs using 'parallel' executor
[0.446s] DEBUG:colcon.colcon_parallel_executor.executor.parallel:run_until_complete
[0.446s] INFO:colcon.colcon_ros.task.ament_python.build:Building ROS package in '/home/brittc/Exodus2025/mobility_ctrl/src/gazebo_ackermann_control' with build type 'ament_python'
[0.446s] Level 1:colcon.colcon_core.shell:create_environment_hook('gazebo_ackermann_control', 'ament_prefix_path')
[0.452s] INFO:colcon.colcon_core.plugin_system:Skipping extension 'colcon_core.shell.bat': Not used on non-Windows systems
[0.452s] INFO:colcon.colcon_core.shell:Creating environment hook '/home/brittc/Exodus2025/mobility_ctrl/install/gazebo_ackermann_control/share/gazebo_ackermann_control/hook/ament_prefix_path.ps1'
[0.453s] INFO:colcon.colcon_core.shell:Creating environment descriptor '/home/brittc/Exodus2025/mobility_ctrl/install/gazebo_ackermann_control/share/gazebo_ackermann_control/hook/ament_prefix_path.dsv'
[0.455s] INFO:colcon.colcon_core.shell:Creating environment hook '/home/brittc/Exodus2025/mobility_ctrl/install/gazebo_ackermann_control/share/gazebo_ackermann_control/hook/ament_prefix_path.sh'
[0.456s] INFO:colcon.colcon_core.shell:Skip shell extension 'powershell' for command environment: Not usable outside of PowerShell
[0.456s] DEBUG:colcon.colcon_core.shell:Skip shell extension 'dsv' for command environment
[0.460s] INFO:colcon.colcon_ros.task.ament_python.build:Building ROS package in '/home/brittc/Exodus2025/mobility_ctrl/src/pure_pursuit' with build type 'ament_python'
[0.461s] Level 1:colcon.colcon_core.shell:create_environment_hook('pure_pursuit', 'ament_prefix_path')
[0.461s] INFO:colcon.colcon_core.shell:Creating environment hook '/home/brittc/Exodus2025/mobility_ctrl/install/pure_pursuit/share/pure_pursuit/hook/ament_prefix_path.ps1'
[0.462s] INFO:colcon.colcon_core.shell:Creating environment descriptor '/home/brittc/Exodus2025/mobility_ctrl/install/pure_pursuit/share/pure_pursuit/hook/ament_prefix_path.dsv'
[0.462s] INFO:colcon.colcon_core.shell:Creating environment hook '/home/brittc/Exodus2025/mobility_ctrl/install/pure_pursuit/share/pure_pursuit/hook/ament_prefix_path.sh'
[0.464s] INFO:colcon.colcon_core.shell:Skip shell extension 'powershell' for command environment: Not usable outside of PowerShell
[0.464s] DEBUG:colcon.colcon_core.shell:Skip shell extension 'dsv' for command environment
[0.695s] INFO:colcon.colcon_core.task.python.build:Building Python package in '/home/brittc/Exodus2025/mobility_ctrl/src/gazebo_ackermann_control'
[0.696s] INFO:colcon.colcon_core.shell:Skip shell extension 'powershell' for command environment: Not usable outside of PowerShell
[0.696s] DEBUG:colcon.colcon_core.shell:Skip shell extension 'dsv' for command environment
[0.924s] INFO:colcon.colcon_core.task.python.build:Building Python package in '/home/brittc/Exodus2025/mobility_ctrl/src/pure_pursuit'
[0.925s] INFO:colcon.colcon_core.shell:Skip shell extension 'powershell' for command environment: Not usable outside of PowerShell
[0.925s] DEBUG:colcon.colcon_core.shell:Skip shell extension 'dsv' for command environment
[1.475s] DEBUG:colcon.colcon_core.event_handler.log_command:Invoking command in '/home/brittc/Exodus2025/mobility_ctrl/build/gazebo_ackermann_control': PYTHONPATH=/home/brittc/Exodus2025/mobility_ctrl/build/gazebo_ackermann_control/prefix_override:/usr/lib/python3/dist-packages/colcon_core/task/python/colcon_distutils_commands:/home/brittc/Exodus2025/mobility_ctrl/install/gazebo_ackermann_control/lib/python3.10/site-packages:${PYTHONPATH} /usr/bin/python3 -W ignore:setup.py install is deprecated -W ignore:easy_install command is deprecated setup.py develop --uninstall --editable --build-directory /home/brittc/Exodus2025/mobility_ctrl/build/gazebo_ackermann_control/build
[1.483s] DEBUG:colcon.colcon_core.event_handler.log_command:Invoking command in '/home/brittc/Exodus2025/mobility_ctrl/build/pure_pursuit': PYTHONPATH=/home/brittc/Exodus2025/mobility_ctrl/build/pure_pursuit/prefix_override:/usr/lib/python3/dist-packages/colcon_core/task/python/colcon_distutils_commands:/home/brittc/Exodus2025/mobility_ctrl/install/pure_pursuit/lib/python3.10/site-packages:${PYTHONPATH} /usr/bin/python3 -W ignore:setup.py install is deprecated -W ignore:easy_install command is deprecated setup.py develop --uninstall --editable --build-directory /home/brittc/Exodus2025/mobility_ctrl/build/pure_pursuit/build
[1.871s] DEBUG:colcon.colcon_core.event_handler.log_command:Invoked command in '/home/brittc/Exodus2025/mobility_ctrl/build/pure_pursuit' returned '0': PYTHONPATH=/home/brittc/Exodus2025/mobility_ctrl/build/pure_pursuit/prefix_override:/usr/lib/python3/dist-packages/colcon_core/task/python/colcon_distutils_commands:/home/brittc/Exodus2025/mobility_ctrl/install/pure_pursuit/lib/python3.10/site-packages:${PYTHONPATH} /usr/bin/python3 -W ignore:setup.py install is deprecated -W ignore:easy_install command is deprecated setup.py develop --uninstall --editable --build-directory /home/brittc/Exodus2025/mobility_ctrl/build/pure_pursuit/build
[1.872s] DEBUG:colcon.colcon_core.event_handler.log_command:Invoking command in '/home/brittc/Exodus2025/mobility_ctrl/src/pure_pursuit': PYTHONPATH=/home/brittc/Exodus2025/mobility_ctrl/build/pure_pursuit/prefix_override:/usr/lib/python3/dist-packages/colcon_core/task/python/colcon_distutils_commands:/home/brittc/Exodus2025/mobility_ctrl/install/pure_pursuit/lib/python3.10/site-packages:${PYTHONPATH} /usr/bin/python3 -W ignore:setup.py install is deprecated -W ignore:easy_install command is deprecated setup.py egg_info --egg-base ../../build/pure_pursuit build --build-base /home/brittc/Exodus2025/mobility_ctrl/build/pure_pursuit/build install --record /home/brittc/Exodus2025/mobility_ctrl/build/pure_pursuit/install.log --single-version-externally-managed install_data --force
[1.874s] DEBUG:colcon.colcon_core.event_handler.log_command:Invoked command in '/home/brittc/Exodus2025/mobility_ctrl/build/gazebo_ackermann_control' returned '0': PYTHONPATH=/home/brittc/Exodus2025/mobility_ctrl/build/gazebo_ackermann_control/prefix_override:/usr/lib/python3/dist-packages/colcon_core/task/python/colcon_distutils_commands:/home/brittc/Exodus2025/mobility_ctrl/install/gazebo_ackermann_control/lib/python3.10/site-packages:${PYTHONPATH} /usr/bin/python3 -W ignore:setup.py install is deprecated -W ignore:easy_install command is deprecated setup.py develop --uninstall --editable --build-directory /home/brittc/Exodus2025/mobility_ctrl/build/gazebo_ackermann_control/build
[1.877s] DEBUG:colcon.colcon_core.event_handler.log_command:Invoking command in '/home/brittc/Exodus2025/mobility_ctrl/src/gazebo_ackermann_control': PYTHONPATH=/home/brittc/Exodus2025/mobility_ctrl/build/gazebo_ackermann_control/prefix_override:/usr/lib/python3/dist-packages/colcon_core/task/python/colcon_distutils_commands:/home/brittc/Exodus2025/mobility_ctrl/install/gazebo_ackermann_control/lib/python3.10/site-packages:${PYTHONPATH} /usr/bin/python3 -W ignore:setup.py install is deprecated -W ignore:easy_install command is deprecated setup.py egg_info --egg-base ../../build/gazebo_ackermann_control build --build-base /home/brittc/Exodus2025/mobility_ctrl/build/gazebo_ackermann_control/build install --record /home/brittc/Exodus2025/mobility_ctrl/build/gazebo_ackermann_control/install.log --single-version-externally-managed install_data --force
[2.152s] DEBUG:colcon.colcon_core.event_handler.log_command:Invoked command in '/home/brittc/Exodus2025/mobility_ctrl/src/pure_pursuit' returned '0': PYTHONPATH=/home/brittc/Exodus2025/mobility_ctrl/build/pure_pursuit/prefix_override:/usr/lib/python3/dist-packages/colcon_core/task/python/colcon_distutils_commands:/home/brittc/Exodus2025/mobility_ctrl/install/pure_pursuit/lib/python3.10/site-packages:${PYTHONPATH} /usr/bin/python3 -W ignore:setup.py install is deprecated -W ignore:easy_install command is deprecated setup.py egg_info --egg-base ../../build/pure_pursuit build --build-base /home/brittc/Exodus2025/mobility_ctrl/build/pure_pursuit/build install --record /home/brittc/Exodus2025/mobility_ctrl/build/pure_pursuit/install.log --single-version-externally-managed install_data --force
[2.162s] Level 1:colcon.colcon_core.environment:checking '/home/brittc/Exodus2025/mobility_ctrl/install/pure_pursuit' for CMake module files
[2.162s] Level 1:colcon.colcon_core.environment:checking '/home/brittc/Exodus2025/mobility_ctrl/install/pure_pursuit' for CMake config files
[2.163s] Level 1:colcon.colcon_core.environment:checking '/home/brittc/Exodus2025/mobility_ctrl/install/pure_pursuit/lib'
[2.163s] Level 1:colcon.colcon_core.environment:checking '/home/brittc/Exodus2025/mobility_ctrl/install/pure_pursuit/bin'
[2.163s] Level 1:colcon.colcon_core.environment:checking '/home/brittc/Exodus2025/mobility_ctrl/install/pure_pursuit/lib/pkgconfig/pure_pursuit.pc'
[2.163s] Level 1:colcon.colcon_core.environment:checking '/home/brittc/Exodus2025/mobility_ctrl/install/pure_pursuit/lib/python3.10/site-packages'
[2.163s] Level 1:colcon.colcon_core.shell:create_environment_hook('pure_pursuit', 'pythonpath')
[2.164s] INFO:colcon.colcon_core.shell:Creating environment hook '/home/brittc/Exodus2025/mobility_ctrl/install/pure_pursuit/share/pure_pursuit/hook/pythonpath.ps1'
[2.164s] INFO:colcon.colcon_core.shell:Creating environment descriptor '/home/brittc/Exodus2025/mobility_ctrl/install/pure_pursuit/share/pure_pursuit/hook/pythonpath.dsv'
[2.165s] INFO:colcon.colcon_core.shell:Creating environment hook '/home/brittc/Exodus2025/mobility_ctrl/install/pure_pursuit/share/pure_pursuit/hook/pythonpath.sh'
[2.165s] Level 1:colcon.colcon_core.environment:checking '/home/brittc/Exodus2025/mobility_ctrl/install/pure_pursuit/bin'
[2.165s] Level 1:colcon.colcon_core.environment:create_environment_scripts_only(pure_pursuit)
[2.166s] INFO:colcon.colcon_core.shell:Creating package script '/home/brittc/Exodus2025/mobility_ctrl/install/pure_pursuit/share/pure_pursuit/package.ps1'
[2.167s] INFO:colcon.colcon_core.shell:Creating package descriptor '/home/brittc/Exodus2025/mobility_ctrl/install/pure_pursuit/share/pure_pursuit/package.dsv'
[2.168s] INFO:colcon.colcon_core.shell:Creating package script '/home/brittc/Exodus2025/mobility_ctrl/install/pure_pursuit/share/pure_pursuit/package.sh'
[2.170s] INFO:colcon.colcon_core.shell:Creating package script '/home/brittc/Exodus2025/mobility_ctrl/install/pure_pursuit/share/pure_pursuit/package.bash'
[2.171s] INFO:colcon.colcon_core.shell:Creating package script '/home/brittc/Exodus2025/mobility_ctrl/install/pure_pursuit/share/pure_pursuit/package.zsh'
[2.172s] Level 1:colcon.colcon_core.environment:create_file_with_runtime_dependencies(/home/brittc/Exodus2025/mobility_ctrl/install/pure_pursuit/share/colcon-core/packages/pure_pursuit)
[2.175s] Level 1:colcon.colcon_core.environment:checking '/home/brittc/Exodus2025/mobility_ctrl/install/gazebo_ackermann_control' for CMake module files
[2.176s] Level 1:colcon.colcon_core.environment:checking '/home/brittc/Exodus2025/mobility_ctrl/install/gazebo_ackermann_control' for CMake config files
[2.177s] DEBUG:colcon.colcon_core.event_handler.log_command:Invoked command in '/home/brittc/Exodus2025/mobility_ctrl/src/gazebo_ackermann_control' returned '0': PYTHONPATH=/home/brittc/Exodus2025/mobility_ctrl/build/gazebo_ackermann_control/prefix_override:/usr/lib/python3/dist-packages/colcon_core/task/python/colcon_distutils_commands:/home/brittc/Exodus2025/mobility_ctrl/install/gazebo_ackermann_control/lib/python3.10/site-packages:${PYTHONPATH} /usr/bin/python3 -W ignore:setup.py install is deprecated -W ignore:easy_install command is deprecated setup.py egg_info --egg-base ../../build/gazebo_ackermann_control build --build-base /home/brittc/Exodus2025/mobility_ctrl/build/gazebo_ackermann_control/build install --record /home/brittc/Exodus2025/mobility_ctrl/build/gazebo_ackermann_control/install.log --single-version-externally-managed install_data --force
[2.181s] Level 1:colcon.colcon_core.environment:checking '/home/brittc/Exodus2025/mobility_ctrl/install/gazebo_ackermann_control/lib'
[2.182s] Level 1:colcon.colcon_core.environment:checking '/home/brittc/Exodus2025/mobility_ctrl/install/gazebo_ackermann_control/bin'
[2.182s] Level 1:colcon.colcon_core.environment:checking '/home/brittc/Exodus2025/mobility_ctrl/install/gazebo_ackermann_control/lib/pkgconfig/gazebo_ackermann_control.pc'
[2.182s] Level 1:colcon.colcon_core.environment:checking '/home/brittc/Exodus2025/mobility_ctrl/install/gazebo_ackermann_control/lib/python3.10/site-packages'
[2.182s] Level 1:colcon.colcon_core.shell:create_environment_hook('gazebo_ackermann_control', 'pythonpath')
[2.182s] INFO:colcon.colcon_core.shell:Creating environment hook '/home/brittc/Exodus2025/mobility_ctrl/install/gazebo_ackermann_control/share/gazebo_ackermann_control/hook/pythonpath.ps1'
[2.183s] INFO:colcon.colcon_core.shell:Creating environment descriptor '/home/brittc/Exodus2025/mobility_ctrl/install/gazebo_ackermann_control/share/gazebo_ackermann_control/hook/pythonpath.dsv'
[2.183s] INFO:colcon.colcon_core.shell:Creating environment hook '/home/brittc/Exodus2025/mobility_ctrl/install/gazebo_ackermann_control/share/gazebo_ackermann_control/hook/pythonpath.sh'
[2.184s] Level 1:colcon.colcon_core.environment:checking '/home/brittc/Exodus2025/mobility_ctrl/install/gazebo_ackermann_control/bin'
[2.184s] Level 1:colcon.colcon_core.environment:create_environment_scripts_only(gazebo_ackermann_control)
[2.184s] INFO:colcon.colcon_core.shell:Creating package script '/home/brittc/Exodus2025/mobility_ctrl/install/gazebo_ackermann_control/share/gazebo_ackermann_control/package.ps1'
[2.185s] INFO:colcon.colcon_core.shell:Creating package descriptor '/home/brittc/Exodus2025/mobility_ctrl/install/gazebo_ackermann_control/share/gazebo_ackermann_control/package.dsv'
[2.185s] INFO:colcon.colcon_core.shell:Creating package script '/home/brittc/Exodus2025/mobility_ctrl/install/gazebo_ackermann_control/share/gazebo_ackermann_control/package.sh'
[2.186s] INFO:colcon.colcon_core.shell:Creating package script '/home/brittc/Exodus2025/mobility_ctrl/install/gazebo_ackermann_control/share/gazebo_ackermann_control/package.bash'
[2.187s] INFO:colcon.colcon_core.shell:Creating package script '/home/brittc/Exodus2025/mobility_ctrl/install/gazebo_ackermann_control/share/gazebo_ackermann_control/package.zsh'
[2.187s] Level 1:colcon.colcon_core.environment:create_file_with_runtime_dependencies(/home/brittc/Exodus2025/mobility_ctrl/install/gazebo_ackermann_control/share/colcon-core/packages/gazebo_ackermann_control)
[2.187s] DEBUG:colcon.colcon_parallel_executor.executor.parallel:closing loop
[2.188s] DEBUG:colcon.colcon_parallel_executor.executor.parallel:loop closed
[2.189s] DEBUG:colcon.colcon_parallel_executor.executor.parallel:run_until_complete finished with '0'
[2.189s] DEBUG:colcon.colcon_core.event_reactor:joining thread
[2.237s] INFO:colcon.colcon_core.plugin_system:Skipping extension 'colcon_notification.desktop_notification.notify_send': Could not find 'notify-send'
[2.238s] INFO:colcon.colcon_core.plugin_system:Skipping extension 'colcon_notification.desktop_notification.terminal_notifier': Not used on non-Darwin systems
[2.238s] INFO:colcon.colcon_core.plugin_system:Skipping extension 'colcon_notification.desktop_notification.win32': Not used on non-Windows systems
[2.238s] INFO:colcon.colcon_notification.desktop_notification:Sending desktop notification using 'notify2'
[2.238s] DEBUG:colcon.colcon_notification.desktop_notification.notify2:Failed to initialize notify2: org.freedesktop.DBus.Error.FileNotFound: Failed to connect to socket /run/user/1000/bus: No such file or directory
[2.238s] DEBUG:colcon.colcon_core.event_reactor:joined thread
[2.238s] INFO:colcon.colcon_core.shell:Creating prefix script '/home/brittc/Exodus2025/mobility_ctrl/install/local_setup.ps1'
[2.240s] INFO:colcon.colcon_core.shell:Creating prefix util module '/home/brittc/Exodus2025/mobility_ctrl/install/_local_setup_util_ps1.py'
[2.241s] INFO:colcon.colcon_core.shell:Creating prefix chain script '/home/brittc/Exodus2025/mobility_ctrl/install/setup.ps1'
[2.243s] INFO:colcon.colcon_core.shell:Creating prefix script '/home/brittc/Exodus2025/mobility_ctrl/install/local_setup.sh'
[2.245s] INFO:colcon.colcon_core.shell:Creating prefix util module '/home/brittc/Exodus2025/mobility_ctrl/install/_local_setup_util_sh.py'
[2.246s] INFO:colcon.colcon_core.shell:Creating prefix chain script '/home/brittc/Exodus2025/mobility_ctrl/install/setup.sh'
[2.248s] INFO:colcon.colcon_core.shell:Creating prefix script '/home/brittc/Exodus2025/mobility_ctrl/install/local_setup.bash'
[2.249s] INFO:colcon.colcon_core.shell:Creating prefix chain script '/home/brittc/Exodus2025/mobility_ctrl/install/setup.bash'
[2.251s] INFO:colcon.colcon_core.shell:Creating prefix script '/home/brittc/Exodus2025/mobility_ctrl/install/local_setup.zsh'
[2.251s] INFO:colcon.colcon_core.shell:Creating prefix chain script '/home/brittc/Exodus2025/mobility_ctrl/install/setup.zsh'
