[2.552s] Invoking command in '/home/tauver/Exodus2025/mobility_ctrl/src/multi_zed_rtab': PYTHONPATH=/home/tauver/Exodus2025/build/multi_zed_rtab/prefix_override:/usr/lib/python3/dist-packages/colcon_core/task/python/colcon_distutils_commands:/home/tauver/Exodus2025/install/multi_zed_rtab/lib/python3.10/site-packages:${PYTHONPATH} /usr/bin/python3 -W ignore:setup.py install is deprecated -W ignore:easy_install command is deprecated setup.py egg_info --egg-base ../../../build/multi_zed_rtab build --build-base /home/tauver/Exodus2025/build/multi_zed_rtab/build install --record /home/tauver/Exodus2025/build/multi_zed_rtab/install.log --single-version-externally-managed install_data
[3.258s] running egg_info
[3.260s] writing ../../../build/multi_zed_rtab/multi_zed_rtab.egg-info/PKG-INFO
[3.262s] writing dependency_links to ../../../build/multi_zed_rtab/multi_zed_rtab.egg-info/dependency_links.txt
[3.262s] writing entry points to ../../../build/multi_zed_rtab/multi_zed_rtab.egg-info/entry_points.txt
[3.262s] writing requirements to ../../../build/multi_zed_rtab/multi_zed_rtab.egg-info/requires.txt
[3.264s] writing top-level names to ../../../build/multi_zed_rtab/multi_zed_rtab.egg-info/top_level.txt
[3.267s] reading manifest file '../../../build/multi_zed_rtab/multi_zed_rtab.egg-info/SOURCES.txt'
[3.269s] writing manifest file '../../../build/multi_zed_rtab/multi_zed_rtab.egg-info/SOURCES.txt'
[3.270s] running build
[3.270s] running build_py
[3.271s] running install
[3.274s] running install_lib
[3.279s] running install_data
[3.279s] copying launch/multi_zed_rtab.launch.py -> /home/tauver/Exodus2025/install/multi_zed_rtab/share/multi_zed_rtab/launch
[3.279s] running install_egg_info
[3.283s] removing '/home/tauver/Exodus2025/install/multi_zed_rtab/lib/python3.10/site-packages/multi_zed_rtab-0.0.0-py3.10.egg-info' (and everything under it)
[3.283s] Copying ../../../build/multi_zed_rtab/multi_zed_rtab.egg-info to /home/tauver/Exodus2025/install/multi_zed_rtab/lib/python3.10/site-packages/multi_zed_rtab-0.0.0-py3.10.egg-info
[3.285s] running install_scripts
[3.375s] writing list of installed files to '/home/tauver/Exodus2025/build/multi_zed_rtab/install.log'
[3.490s] Invoked command in '/home/tauver/Exodus2025/mobility_ctrl/src/multi_zed_rtab' returned '0': PYTHONPATH=/home/tauver/Exodus2025/build/multi_zed_rtab/prefix_override:/usr/lib/python3/dist-packages/colcon_core/task/python/colcon_distutils_commands:/home/tauver/Exodus2025/install/multi_zed_rtab/lib/python3.10/site-packages:${PYTHONPATH} /usr/bin/python3 -W ignore:setup.py install is deprecated -W ignore:easy_install command is deprecated setup.py egg_info --egg-base ../../../build/multi_zed_rtab build --build-base /home/tauver/Exodus2025/build/multi_zed_rtab/build install --record /home/tauver/Exodus2025/build/multi_zed_rtab/install.log --single-version-externally-managed install_data
