/home/brittc/ros2_ws/install/my_robot_controller/lib/python3.12/site-packages/my_robot_controller/__init__.py
/home/brittc/ros2_ws/install/my_robot_controller/lib/python3.12/site-packages/my_robot_controller/draw_circle.py
/home/brittc/ros2_ws/install/my_robot_controller/lib/python3.12/site-packages/my_robot_controller/pose_sub.py
/home/brittc/ros2_ws/install/my_robot_controller/lib/python3.12/site-packages/my_robot_controller/my_first_node.py
/home/brittc/ros2_ws/install/my_robot_controller/lib/python3.12/site-packages/my_robot_controller/turtle_controller.py
/home/brittc/ros2_ws/install/my_robot_controller/lib/python3.12/site-packages/my_robot_controller/__pycache__/__init__.cpython-312.pyc
/home/brittc/ros2_ws/install/my_robot_controller/lib/python3.12/site-packages/my_robot_controller/__pycache__/draw_circle.cpython-312.pyc
/home/brittc/ros2_ws/install/my_robot_controller/lib/python3.12/site-packages/my_robot_controller/__pycache__/pose_sub.cpython-312.pyc
/home/brittc/ros2_ws/install/my_robot_controller/lib/python3.12/site-packages/my_robot_controller/__pycache__/my_first_node.cpython-312.pyc
/home/brittc/ros2_ws/install/my_robot_controller/lib/python3.12/site-packages/my_robot_controller/__pycache__/turtle_controller.cpython-312.pyc
/home/brittc/ros2_ws/install/my_robot_controller/share/ament_index/resource_index/packages/my_robot_controller
/home/brittc/ros2_ws/install/my_robot_controller/share/my_robot_controller/package.xml
/home/brittc/ros2_ws/install/my_robot_controller/lib/python3.12/site-packages/my_robot_controller-0.0.0-py3.12.egg-info/entry_points.txt
/home/brittc/ros2_ws/install/my_robot_controller/lib/python3.12/site-packages/my_robot_controller-0.0.0-py3.12.egg-info/requires.txt
/home/brittc/ros2_ws/install/my_robot_controller/lib/python3.12/site-packages/my_robot_controller-0.0.0-py3.12.egg-info/top_level.txt
/home/brittc/ros2_ws/install/my_robot_controller/lib/python3.12/site-packages/my_robot_controller-0.0.0-py3.12.egg-info/PKG-INFO
/home/brittc/ros2_ws/install/my_robot_controller/lib/python3.12/site-packages/my_robot_controller-0.0.0-py3.12.egg-info/SOURCES.txt
/home/brittc/ros2_ws/install/my_robot_controller/lib/python3.12/site-packages/my_robot_controller-0.0.0-py3.12.egg-info/dependency_links.txt
/home/brittc/ros2_ws/install/my_robot_controller/lib/python3.12/site-packages/my_robot_controller-0.0.0-py3.12.egg-info/zip-safe
/home/brittc/ros2_ws/install/my_robot_controller/lib/my_robot_controller/draw_circle
/home/brittc/ros2_ws/install/my_robot_controller/lib/my_robot_controller/pose_sub
/home/brittc/ros2_ws/install/my_robot_controller/lib/my_robot_controller/test_node
/home/brittc/ros2_ws/install/my_robot_controller/lib/my_robot_controller/turtle_cntl
