[1.363s] Invoking command in '/home/brittc/Exodus2025/mobility_ctrl/build/gazebo_ackermann_control': PYTHONPATH=/home/brittc/Exodus2025/mobility_ctrl/build/gazebo_ackermann_control/prefix_override:/usr/lib/python3/dist-packages/colcon_core/task/python/colcon_distutils_commands:/home/brittc/Exodus2025/mobility_ctrl/install/gazebo_ackermann_control/lib/python3.10/site-packages:${PYTHONPATH} /usr/bin/python3 -W ignore:setup.py install is deprecated -W ignore:easy_install command is deprecated setup.py develop --uninstall --editable --build-directory /home/brittc/Exodus2025/mobility_ctrl/build/gazebo_ackermann_control/build
[1.642s] running develop
[1.806s] Removing /home/brittc/Exodus2025/mobility_ctrl/install/gazebo_ackermann_control/lib/python3.10/site-packages/gazebo-ackermann-control.egg-link (link to .)
[1.862s] Invoked command in '/home/brittc/Exodus2025/mobility_ctrl/build/gazebo_ackermann_control' returned '0': PYTHONPATH=/home/brittc/Exodus2025/mobility_ctrl/build/gazebo_ackermann_control/prefix_override:/usr/lib/python3/dist-packages/colcon_core/task/python/colcon_distutils_commands:/home/brittc/Exodus2025/mobility_ctrl/install/gazebo_ackermann_control/lib/python3.10/site-packages:${PYTHONPATH} /usr/bin/python3 -W ignore:setup.py install is deprecated -W ignore:easy_install command is deprecated setup.py develop --uninstall --editable --build-directory /home/brittc/Exodus2025/mobility_ctrl/build/gazebo_ackermann_control/build
[1.864s] Invoking command in '/home/brittc/Exodus2025/mobility_ctrl/src/gazebo_ackermann_control': PYTHONPATH=/home/brittc/Exodus2025/mobility_ctrl/build/gazebo_ackermann_control/prefix_override:/usr/lib/python3/dist-packages/colcon_core/task/python/colcon_distutils_commands:/home/brittc/Exodus2025/mobility_ctrl/install/gazebo_ackermann_control/lib/python3.10/site-packages:${PYTHONPATH} /usr/bin/python3 -W ignore:setup.py install is deprecated -W ignore:easy_install command is deprecated setup.py egg_info --egg-base ../../build/gazebo_ackermann_control build --build-base /home/brittc/Exodus2025/mobility_ctrl/build/gazebo_ackermann_control/build install --record /home/brittc/Exodus2025/mobility_ctrl/build/gazebo_ackermann_control/install.log --single-version-externally-managed install_data --force
[2.117s] running egg_info
[2.117s] writing ../../build/gazebo_ackermann_control/gazebo_ackermann_control.egg-info/PKG-INFO
[2.118s] writing dependency_links to ../../build/gazebo_ackermann_control/gazebo_ackermann_control.egg-info/dependency_links.txt
[2.118s] writing entry points to ../../build/gazebo_ackermann_control/gazebo_ackermann_control.egg-info/entry_points.txt
[2.119s] writing requirements to ../../build/gazebo_ackermann_control/gazebo_ackermann_control.egg-info/requires.txt
[2.119s] writing top-level names to ../../build/gazebo_ackermann_control/gazebo_ackermann_control.egg-info/top_level.txt
[2.121s] reading manifest file '../../build/gazebo_ackermann_control/gazebo_ackermann_control.egg-info/SOURCES.txt'
[2.123s] writing manifest file '../../build/gazebo_ackermann_control/gazebo_ackermann_control.egg-info/SOURCES.txt'
[2.123s] running build
[2.123s] running build_py
[2.123s] running install
[2.124s] running install_lib
[2.124s] creating /home/brittc/Exodus2025/mobility_ctrl/install/gazebo_ackermann_control/lib/python3.10/site-packages/gazebo_ackermann_control
[2.125s] copying /home/brittc/Exodus2025/mobility_ctrl/build/gazebo_ackermann_control/build/lib/gazebo_ackermann_control/__init__.py -> /home/brittc/Exodus2025/mobility_ctrl/install/gazebo_ackermann_control/lib/python3.10/site-packages/gazebo_ackermann_control
[2.125s] copying /home/brittc/Exodus2025/mobility_ctrl/build/gazebo_ackermann_control/build/lib/gazebo_ackermann_control/control_node.py -> /home/brittc/Exodus2025/mobility_ctrl/install/gazebo_ackermann_control/lib/python3.10/site-packages/gazebo_ackermann_control
[2.126s] byte-compiling /home/brittc/Exodus2025/mobility_ctrl/install/gazebo_ackermann_control/lib/python3.10/site-packages/gazebo_ackermann_control/__init__.py to __init__.cpython-310.pyc
[2.127s] byte-compiling /home/brittc/Exodus2025/mobility_ctrl/install/gazebo_ackermann_control/lib/python3.10/site-packages/gazebo_ackermann_control/control_node.py to control_node.cpython-310.pyc
[2.128s] running install_data
[2.128s] copying resource/gazebo_ackermann_control -> /home/brittc/Exodus2025/mobility_ctrl/install/gazebo_ackermann_control/share/ament_index/resource_index/packages
[2.128s] copying package.xml -> /home/brittc/Exodus2025/mobility_ctrl/install/gazebo_ackermann_control/share/gazebo_ackermann_control
[2.128s] copying launch/spawn_rover.launch.py -> /home/brittc/Exodus2025/mobility_ctrl/install/gazebo_ackermann_control/share/gazebo_ackermann_control/launch
[2.128s] running install_egg_info
[2.131s] Copying ../../build/gazebo_ackermann_control/gazebo_ackermann_control.egg-info to /home/brittc/Exodus2025/mobility_ctrl/install/gazebo_ackermann_control/lib/python3.10/site-packages/gazebo_ackermann_control-0.0.0-py3.10.egg-info
[2.132s] running install_scripts
[2.155s] Installing control_node script to /home/brittc/Exodus2025/mobility_ctrl/install/gazebo_ackermann_control/lib/gazebo_ackermann_control
[2.155s] writing list of installed files to '/home/brittc/Exodus2025/mobility_ctrl/build/gazebo_ackermann_control/install.log'
[2.202s] Invoked command in '/home/brittc/Exodus2025/mobility_ctrl/src/gazebo_ackermann_control' returned '0': PYTHONPATH=/home/brittc/Exodus2025/mobility_ctrl/build/gazebo_ackermann_control/prefix_override:/usr/lib/python3/dist-packages/colcon_core/task/python/colcon_distutils_commands:/home/brittc/Exodus2025/mobility_ctrl/install/gazebo_ackermann_control/lib/python3.10/site-packages:${PYTHONPATH} /usr/bin/python3 -W ignore:setup.py install is deprecated -W ignore:easy_install command is deprecated setup.py egg_info --egg-base ../../build/gazebo_ackermann_control build --build-base /home/brittc/Exodus2025/mobility_ctrl/build/gazebo_ackermann_control/build install --record /home/brittc/Exodus2025/mobility_ctrl/build/gazebo_ackermann_control/install.log --single-version-externally-managed install_data --force
