[1.128s] Invoking command in '/home/brittc/ros2_ws/src/my_robot_controller': PYTHONPATH=/home/brittc/ros2_ws/src/build/my_robot_controller/prefix_override:/usr/lib/python3/dist-packages/colcon_core/task/python/colcon_distutils_commands:/home/brittc/ros2_ws/src/install/my_robot_controller/lib/python3.12/site-packages:${PYTHONPATH} /usr/bin/python3 -W ignore:setup.py install is deprecated -W ignore:easy_install command is deprecated setup.py egg_info --egg-base ../build/my_robot_controller build --build-base /home/brittc/ros2_ws/src/build/my_robot_controller/build install --record /home/brittc/ros2_ws/src/build/my_robot_controller/install.log --single-version-externally-managed install_data
[1.359s] running egg_info
[1.359s] creating ../build/my_robot_controller/my_robot_controller.egg-info
[1.377s] writing ../build/my_robot_controller/my_robot_controller.egg-info/PKG-INFO
[1.377s] writing dependency_links to ../build/my_robot_controller/my_robot_controller.egg-info/dependency_links.txt
[1.378s] writing entry points to ../build/my_robot_controller/my_robot_controller.egg-info/entry_points.txt
[1.378s] writing requirements to ../build/my_robot_controller/my_robot_controller.egg-info/requires.txt
[1.378s] writing top-level names to ../build/my_robot_controller/my_robot_controller.egg-info/top_level.txt
[1.378s] writing manifest file '../build/my_robot_controller/my_robot_controller.egg-info/SOURCES.txt'
[1.413s] reading manifest file '../build/my_robot_controller/my_robot_controller.egg-info/SOURCES.txt'
[1.414s] writing manifest file '../build/my_robot_controller/my_robot_controller.egg-info/SOURCES.txt'
[1.414s] running build
[1.414s] running build_py
[1.415s] creating /home/brittc/ros2_ws/src/build/my_robot_controller/build
[1.415s] creating /home/brittc/ros2_ws/src/build/my_robot_controller/build/lib
[1.415s] creating /home/brittc/ros2_ws/src/build/my_robot_controller/build/lib/my_robot_controller
[1.415s] copying my_robot_controller/__init__.py -> /home/brittc/ros2_ws/src/build/my_robot_controller/build/lib/my_robot_controller
[1.415s] copying my_robot_controller/my_first_node.py -> /home/brittc/ros2_ws/src/build/my_robot_controller/build/lib/my_robot_controller
[1.415s] running install
[1.421s] running install_lib
[1.439s] creating /home/brittc/ros2_ws/src/install/my_robot_controller/lib/python3.12/site-packages/my_robot_controller
[1.439s] copying /home/brittc/ros2_ws/src/build/my_robot_controller/build/lib/my_robot_controller/__init__.py -> /home/brittc/ros2_ws/src/install/my_robot_controller/lib/python3.12/site-packages/my_robot_controller
[1.439s] copying /home/brittc/ros2_ws/src/build/my_robot_controller/build/lib/my_robot_controller/my_first_node.py -> /home/brittc/ros2_ws/src/install/my_robot_controller/lib/python3.12/site-packages/my_robot_controller
[1.440s] byte-compiling /home/brittc/ros2_ws/src/install/my_robot_controller/lib/python3.12/site-packages/my_robot_controller/__init__.py to __init__.cpython-312.pyc
[1.441s] byte-compiling /home/brittc/ros2_ws/src/install/my_robot_controller/lib/python3.12/site-packages/my_robot_controller/my_first_node.py to my_first_node.cpython-312.pyc
[1.441s] running install_data
[1.442s] creating /home/brittc/ros2_ws/src/install/my_robot_controller/share/ament_index
[1.442s] creating /home/brittc/ros2_ws/src/install/my_robot_controller/share/ament_index/resource_index
[1.442s] creating /home/brittc/ros2_ws/src/install/my_robot_controller/share/ament_index/resource_index/packages
[1.442s] copying resource/my_robot_controller -> /home/brittc/ros2_ws/src/install/my_robot_controller/share/ament_index/resource_index/packages
[1.442s] copying package.xml -> /home/brittc/ros2_ws/src/install/my_robot_controller/share/my_robot_controller
[1.443s] running install_egg_info
[1.462s] Copying ../build/my_robot_controller/my_robot_controller.egg-info to /home/brittc/ros2_ws/src/install/my_robot_controller/lib/python3.12/site-packages/my_robot_controller-0.0.0-py3.12.egg-info
[1.462s] running install_scripts
[1.576s] Installing test_node script to /home/brittc/ros2_ws/src/install/my_robot_controller/lib/my_robot_controller
[1.576s] writing list of installed files to '/home/brittc/ros2_ws/src/build/my_robot_controller/install.log'
[1.626s] Invoked command in '/home/brittc/ros2_ws/src/my_robot_controller' returned '0': PYTHONPATH=/home/brittc/ros2_ws/src/build/my_robot_controller/prefix_override:/usr/lib/python3/dist-packages/colcon_core/task/python/colcon_distutils_commands:/home/brittc/ros2_ws/src/install/my_robot_controller/lib/python3.12/site-packages:${PYTHONPATH} /usr/bin/python3 -W ignore:setup.py install is deprecated -W ignore:easy_install command is deprecated setup.py egg_info --egg-base ../build/my_robot_controller build --build-base /home/brittc/ros2_ws/src/build/my_robot_controller/build install --record /home/brittc/ros2_ws/src/build/my_robot_controller/install.log --single-version-externally-managed install_data
