[1.688s] Invoking command in '/home/brittc/ros2_ws/src/mars_rover_control': PYTHONPATH=/home/brittc/ros2_ws/src/build/mars_rover_control/prefix_override:/usr/lib/python3/dist-packages/colcon_core/task/python/colcon_distutils_commands:/home/brittc/ros2_ws/src/install/mars_rover_control/lib/python3.12/site-packages:${PYTHONPATH} /usr/bin/python3 -W ignore:setup.py install is deprecated -W ignore:easy_install command is deprecated setup.py egg_info --egg-base ../build/mars_rover_control build --build-base /home/brittc/ros2_ws/src/build/mars_rover_control/build install --record /home/brittc/ros2_ws/src/build/mars_rover_control/install.log --single-version-externally-managed install_data
[1.984s] running egg_info
[1.985s] creating ../build/mars_rover_control/mars_rover_control.egg-info
[2.010s] writing ../build/mars_rover_control/mars_rover_control.egg-info/PKG-INFO
[2.010s] writing dependency_links to ../build/mars_rover_control/mars_rover_control.egg-info/dependency_links.txt
[2.011s] writing requirements to ../build/mars_rover_control/mars_rover_control.egg-info/requires.txt
[2.011s] writing top-level names to ../build/mars_rover_control/mars_rover_control.egg-info/top_level.txt
[2.011s] writing manifest file '../build/mars_rover_control/mars_rover_control.egg-info/SOURCES.txt'
[2.051s] reading manifest file '../build/mars_rover_control/mars_rover_control.egg-info/SOURCES.txt'
[2.052s] writing manifest file '../build/mars_rover_control/mars_rover_control.egg-info/SOURCES.txt'
[2.053s] running build
[2.053s] running build_py
[2.053s] creating /home/brittc/ros2_ws/src/build/mars_rover_control/build
[2.053s] creating /home/brittc/ros2_ws/src/build/mars_rover_control/build/lib
[2.053s] creating /home/brittc/ros2_ws/src/build/mars_rover_control/build/lib/mars_rover_control
[2.053s] copying mars_rover_control/__init__.py -> /home/brittc/ros2_ws/src/build/mars_rover_control/build/lib/mars_rover_control
[2.054s] running install
[2.060s] running install_lib
[2.079s] creating /home/brittc/ros2_ws/src/install/mars_rover_control/lib/python3.12/site-packages/mars_rover_control
[2.079s] copying /home/brittc/ros2_ws/src/build/mars_rover_control/build/lib/mars_rover_control/__init__.py -> /home/brittc/ros2_ws/src/install/mars_rover_control/lib/python3.12/site-packages/mars_rover_control
[2.080s] byte-compiling /home/brittc/ros2_ws/src/install/mars_rover_control/lib/python3.12/site-packages/mars_rover_control/__init__.py to __init__.cpython-312.pyc
[2.081s] running install_data
[2.081s] creating /home/brittc/ros2_ws/src/install/mars_rover_control/share/ament_index
[2.081s] creating /home/brittc/ros2_ws/src/install/mars_rover_control/share/ament_index/resource_index
[2.081s] creating /home/brittc/ros2_ws/src/install/mars_rover_control/share/ament_index/resource_index/packages
[2.082s] copying resource/mars_rover_control -> /home/brittc/ros2_ws/src/install/mars_rover_control/share/ament_index/resource_index/packages
[2.083s] copying package.xml -> /home/brittc/ros2_ws/src/install/mars_rover_control/share/mars_rover_control
[2.083s] running install_egg_info
[2.104s] Copying ../build/mars_rover_control/mars_rover_control.egg-info to /home/brittc/ros2_ws/src/install/mars_rover_control/lib/python3.12/site-packages/mars_rover_control-0.0.0-py3.12.egg-info
[2.104s] running install_scripts
[2.244s] writing list of installed files to '/home/brittc/ros2_ws/src/build/mars_rover_control/install.log'
[2.305s] Invoked command in '/home/brittc/ros2_ws/src/mars_rover_control' returned '0': PYTHONPATH=/home/brittc/ros2_ws/src/build/mars_rover_control/prefix_override:/usr/lib/python3/dist-packages/colcon_core/task/python/colcon_distutils_commands:/home/brittc/ros2_ws/src/install/mars_rover_control/lib/python3.12/site-packages:${PYTHONPATH} /usr/bin/python3 -W ignore:setup.py install is deprecated -W ignore:easy_install command is deprecated setup.py egg_info --egg-base ../build/mars_rover_control build --build-base /home/brittc/ros2_ws/src/build/mars_rover_control/build install --record /home/brittc/ros2_ws/src/build/mars_rover_control/install.log --single-version-externally-managed install_data
