[0.744s] Invoking command in '/home/brittc/ros2_ws/src/my_robot_controller': PYTHONPATH=/home/brittc/ros2_ws/build/my_robot_controller/prefix_override:/usr/lib/python3/dist-packages/colcon_core/task/python/colcon_distutils_commands:/home/brittc/ros2_ws/install/my_robot_controller/lib/python3.12/site-packages:${PYTHONPATH} /usr/bin/python3 -W ignore:setup.py install is deprecated -W ignore:easy_install command is deprecated setup.py egg_info --egg-base ../../build/my_robot_controller build --build-base /home/brittc/ros2_ws/build/my_robot_controller/build install --record /home/brittc/ros2_ws/build/my_robot_controller/install.log --single-version-externally-managed install_data
[0.983s] running egg_info
[1.000s] writing ../../build/my_robot_controller/my_robot_controller.egg-info/PKG-INFO
[1.000s] writing dependency_links to ../../build/my_robot_controller/my_robot_controller.egg-info/dependency_links.txt
[1.000s] writing entry points to ../../build/my_robot_controller/my_robot_controller.egg-info/entry_points.txt
[1.006s] writing requirements to ../../build/my_robot_controller/my_robot_controller.egg-info/requires.txt
[1.006s] writing top-level names to ../../build/my_robot_controller/my_robot_controller.egg-info/top_level.txt
[1.042s] reading manifest file '../../build/my_robot_controller/my_robot_controller.egg-info/SOURCES.txt'
[1.043s] writing manifest file '../../build/my_robot_controller/my_robot_controller.egg-info/SOURCES.txt'
[1.043s] running build
[1.043s] running build_py
[1.043s] copying my_robot_controller/my_first_node.py -> /home/brittc/ros2_ws/build/my_robot_controller/build/lib/my_robot_controller
[1.044s] running install
[1.050s] running install_lib
[1.068s] copying /home/brittc/ros2_ws/build/my_robot_controller/build/lib/my_robot_controller/my_first_node.py -> /home/brittc/ros2_ws/install/my_robot_controller/lib/python3.12/site-packages/my_robot_controller
[1.068s] byte-compiling /home/brittc/ros2_ws/install/my_robot_controller/lib/python3.12/site-packages/my_robot_controller/my_first_node.py to my_first_node.cpython-312.pyc
[1.068s] running install_data
[1.068s] running install_egg_info
[1.087s] removing '/home/brittc/ros2_ws/install/my_robot_controller/lib/python3.12/site-packages/my_robot_controller-0.0.0-py3.12.egg-info' (and everything under it)
[1.088s] Copying ../../build/my_robot_controller/my_robot_controller.egg-info to /home/brittc/ros2_ws/install/my_robot_controller/lib/python3.12/site-packages/my_robot_controller-0.0.0-py3.12.egg-info
[1.089s] running install_scripts
[1.203s] Installing test_node script to /home/brittc/ros2_ws/install/my_robot_controller/lib/my_robot_controller
[1.204s] writing list of installed files to '/home/brittc/ros2_ws/build/my_robot_controller/install.log'
[1.247s] Invoked command in '/home/brittc/ros2_ws/src/my_robot_controller' returned '0': PYTHONPATH=/home/brittc/ros2_ws/build/my_robot_controller/prefix_override:/usr/lib/python3/dist-packages/colcon_core/task/python/colcon_distutils_commands:/home/brittc/ros2_ws/install/my_robot_controller/lib/python3.12/site-packages:${PYTHONPATH} /usr/bin/python3 -W ignore:setup.py install is deprecated -W ignore:easy_install command is deprecated setup.py egg_info --egg-base ../../build/my_robot_controller build --build-base /home/brittc/ros2_ws/build/my_robot_controller/build install --record /home/brittc/ros2_ws/build/my_robot_controller/install.log --single-version-externally-managed install_data
