[1.956s] Invoking command in '/home/brittc/Exodus2025/mobility_ctrl/build/gazebo_ackermann_control': PYTHONPATH=/home/brittc/Exodus2025/mobility_ctrl/build/gazebo_ackermann_control/prefix_override:/usr/lib/python3/dist-packages/colcon_core/task/python/colcon_distutils_commands:/home/brittc/Exodus2025/mobility_ctrl/install/gazebo_ackermann_control/lib/python3.10/site-packages:${PYTHONPATH} /usr/bin/python3 -W ignore:setup.py install is deprecated -W ignore:easy_install command is deprecated setup.py develop --uninstall --editable --build-directory /home/brittc/Exodus2025/mobility_ctrl/build/gazebo_ackermann_control/build
[2.372s] running develop
[2.623s] Removing /home/brittc/Exodus2025/mobility_ctrl/install/gazebo_ackermann_control/lib/python3.10/site-packages/gazebo-ackermann-control.egg-link (link to .)
[2.707s] Invoked command in '/home/brittc/Exodus2025/mobility_ctrl/build/gazebo_ackermann_control' returned '0': PYTHONPATH=/home/brittc/Exodus2025/mobility_ctrl/build/gazebo_ackermann_control/prefix_override:/usr/lib/python3/dist-packages/colcon_core/task/python/colcon_distutils_commands:/home/brittc/Exodus2025/mobility_ctrl/install/gazebo_ackermann_control/lib/python3.10/site-packages:${PYTHONPATH} /usr/bin/python3 -W ignore:setup.py install is deprecated -W ignore:easy_install command is deprecated setup.py develop --uninstall --editable --build-directory /home/brittc/Exodus2025/mobility_ctrl/build/gazebo_ackermann_control/build
[2.709s] Invoking command in '/home/brittc/Exodus2025/mobility_ctrl/src/gazebo_ackermann_control': PYTHONPATH=/home/brittc/Exodus2025/mobility_ctrl/build/gazebo_ackermann_control/prefix_override:/usr/lib/python3/dist-packages/colcon_core/task/python/colcon_distutils_commands:/home/brittc/Exodus2025/mobility_ctrl/install/gazebo_ackermann_control/lib/python3.10/site-packages:${PYTHONPATH} /usr/bin/python3 -W ignore:setup.py install is deprecated -W ignore:easy_install command is deprecated setup.py egg_info --egg-base ../../build/gazebo_ackermann_control build --build-base /home/brittc/Exodus2025/mobility_ctrl/build/gazebo_ackermann_control/build install --record /home/brittc/Exodus2025/mobility_ctrl/build/gazebo_ackermann_control/install.log --single-version-externally-managed install_data --force
[3.079s] running egg_info
[3.081s] writing ../../build/gazebo_ackermann_control/gazebo_ackermann_control.egg-info/PKG-INFO
[3.081s] writing dependency_links to ../../build/gazebo_ackermann_control/gazebo_ackermann_control.egg-info/dependency_links.txt
[3.081s] writing entry points to ../../build/gazebo_ackermann_control/gazebo_ackermann_control.egg-info/entry_points.txt
[3.082s] writing requirements to ../../build/gazebo_ackermann_control/gazebo_ackermann_control.egg-info/requires.txt
[3.082s] writing top-level names to ../../build/gazebo_ackermann_control/gazebo_ackermann_control.egg-info/top_level.txt
[3.085s] reading manifest file '../../build/gazebo_ackermann_control/gazebo_ackermann_control.egg-info/SOURCES.txt'
[3.086s] writing manifest file '../../build/gazebo_ackermann_control/gazebo_ackermann_control.egg-info/SOURCES.txt'
[3.087s] running build
[3.087s] running build_py
[3.087s] running install
[3.088s] running install_lib
[3.090s] creating /home/brittc/Exodus2025/mobility_ctrl/install/gazebo_ackermann_control/lib/python3.10/site-packages/gazebo_ackermann_control
[3.091s] copying /home/brittc/Exodus2025/mobility_ctrl/build/gazebo_ackermann_control/build/lib/gazebo_ackermann_control/__init__.py -> /home/brittc/Exodus2025/mobility_ctrl/install/gazebo_ackermann_control/lib/python3.10/site-packages/gazebo_ackermann_control
[3.091s] copying /home/brittc/Exodus2025/mobility_ctrl/build/gazebo_ackermann_control/build/lib/gazebo_ackermann_control/control_node.py -> /home/brittc/Exodus2025/mobility_ctrl/install/gazebo_ackermann_control/lib/python3.10/site-packages/gazebo_ackermann_control
[3.093s] byte-compiling /home/brittc/Exodus2025/mobility_ctrl/install/gazebo_ackermann_control/lib/python3.10/site-packages/gazebo_ackermann_control/__init__.py to __init__.cpython-310.pyc
[3.094s] byte-compiling /home/brittc/Exodus2025/mobility_ctrl/install/gazebo_ackermann_control/lib/python3.10/site-packages/gazebo_ackermann_control/control_node.py to control_node.cpython-310.pyc
[3.096s] running install_data
[3.096s] copying resource/gazebo_ackermann_control -> /home/brittc/Exodus2025/mobility_ctrl/install/gazebo_ackermann_control/share/ament_index/resource_index/packages
[3.096s] copying package.xml -> /home/brittc/Exodus2025/mobility_ctrl/install/gazebo_ackermann_control/share/gazebo_ackermann_control
[3.097s] copying launch/spawn_rover.launch.py -> /home/brittc/Exodus2025/mobility_ctrl/install/gazebo_ackermann_control/share/gazebo_ackermann_control/launch
[3.098s] running install_egg_info
[3.100s] Copying ../../build/gazebo_ackermann_control/gazebo_ackermann_control.egg-info to /home/brittc/Exodus2025/mobility_ctrl/install/gazebo_ackermann_control/lib/python3.10/site-packages/gazebo_ackermann_control-0.0.0-py3.10.egg-info
[3.102s] running install_scripts
[3.134s] Installing control_node script to /home/brittc/Exodus2025/mobility_ctrl/install/gazebo_ackermann_control/lib/gazebo_ackermann_control
[3.135s] writing list of installed files to '/home/brittc/Exodus2025/mobility_ctrl/build/gazebo_ackermann_control/install.log'
[3.210s] Invoked command in '/home/brittc/Exodus2025/mobility_ctrl/src/gazebo_ackermann_control' returned '0': PYTHONPATH=/home/brittc/Exodus2025/mobility_ctrl/build/gazebo_ackermann_control/prefix_override:/usr/lib/python3/dist-packages/colcon_core/task/python/colcon_distutils_commands:/home/brittc/Exodus2025/mobility_ctrl/install/gazebo_ackermann_control/lib/python3.10/site-packages:${PYTHONPATH} /usr/bin/python3 -W ignore:setup.py install is deprecated -W ignore:easy_install command is deprecated setup.py egg_info --egg-base ../../build/gazebo_ackermann_control build --build-base /home/brittc/Exodus2025/mobility_ctrl/build/gazebo_ackermann_control/build install --record /home/brittc/Exodus2025/mobility_ctrl/build/gazebo_ackermann_control/install.log --single-version-externally-managed install_data --force
