[2.078s] Invoking command in '/home/brittc/Exodus2025/mobility_ctrl/build/pure_pursuit': PYTHONPATH=/home/brittc/Exodus2025/mobility_ctrl/build/pure_pursuit/prefix_override:/usr/lib/python3/dist-packages/colcon_core/task/python/colcon_distutils_commands:/home/brittc/Exodus2025/mobility_ctrl/install/pure_pursuit/lib/python3.10/site-packages:${PYTHONPATH} /usr/bin/python3 -W ignore:setup.py install is deprecated -W ignore:easy_install command is deprecated setup.py develop --editable --build-directory /home/brittc/Exodus2025/mobility_ctrl/build/pure_pursuit/build --no-deps symlink_data --force
[2.552s] running develop
[2.790s] running egg_info
[2.792s] writing pure_pursuit.egg-info/PKG-INFO
[2.795s] writing dependency_links to pure_pursuit.egg-info/dependency_links.txt
[2.796s] writing entry points to pure_pursuit.egg-info/entry_points.txt
[2.799s] writing requirements to pure_pursuit.egg-info/requires.txt
[2.800s] writing top-level names to pure_pursuit.egg-info/top_level.txt
[2.805s] reading manifest file 'pure_pursuit.egg-info/SOURCES.txt'
[2.806s] writing manifest file 'pure_pursuit.egg-info/SOURCES.txt'
[2.810s] running build_ext
[2.811s] Creating /home/brittc/Exodus2025/mobility_ctrl/install/pure_pursuit/lib/python3.10/site-packages/pure-pursuit.egg-link (link to .)
[2.814s] Installing pure_pursuit_ackermann script to /home/brittc/Exodus2025/mobility_ctrl/install/pure_pursuit/lib/pure_pursuit
[2.816s] Installing twist_converter script to /home/brittc/Exodus2025/mobility_ctrl/install/pure_pursuit/lib/pure_pursuit
[2.818s] 
[2.818s] Installed /home/brittc/Exodus2025/mobility_ctrl/build/pure_pursuit
[2.819s] running symlink_data
[2.820s] symbolically linking /home/brittc/Exodus2025/mobility_ctrl/build/pure_pursuit/resource/pure_pursuit -> /home/brittc/Exodus2025/mobility_ctrl/install/pure_pursuit/share/ament_index/resource_index/packages
[2.822s] symbolically linking /home/brittc/Exodus2025/mobility_ctrl/build/pure_pursuit/package.xml -> /home/brittc/Exodus2025/mobility_ctrl/install/pure_pursuit/share/pure_pursuit
[2.903s] Invoked command in '/home/brittc/Exodus2025/mobility_ctrl/build/pure_pursuit' returned '0': PYTHONPATH=/home/brittc/Exodus2025/mobility_ctrl/build/pure_pursuit/prefix_override:/usr/lib/python3/dist-packages/colcon_core/task/python/colcon_distutils_commands:/home/brittc/Exodus2025/mobility_ctrl/install/pure_pursuit/lib/python3.10/site-packages:${PYTHONPATH} /usr/bin/python3 -W ignore:setup.py install is deprecated -W ignore:easy_install command is deprecated setup.py develop --editable --build-directory /home/brittc/Exodus2025/mobility_ctrl/build/pure_pursuit/build --no-deps symlink_data --force
