[1.098s] Invoking command in '/home/brittc/Exodus2025/mobility_ctrl/build/stanley_control': PYTHONPATH=/home/brittc/Exodus2025/mobility_ctrl/build/stanley_control/prefix_override:/usr/lib/python3/dist-packages/colcon_core/task/python/colcon_distutils_commands:/home/brittc/Exodus2025/mobility_ctrl/install/stanley_control/lib/python3.10/site-packages:${PYTHONPATH} /usr/bin/python3 -W ignore:setup.py install is deprecated -W ignore:easy_install command is deprecated setup.py develop --editable --build-directory /home/brittc/Exodus2025/mobility_ctrl/build/stanley_control/build --no-deps symlink_data --force
[1.329s] running develop
[1.467s] running egg_info
[1.467s] writing stanley_control.egg-info/PKG-INFO
[1.468s] writing dependency_links to stanley_control.egg-info/dependency_links.txt
[1.468s] writing entry points to stanley_control.egg-info/entry_points.txt
[1.468s] writing requirements to stanley_control.egg-info/requires.txt
[1.469s] writing top-level names to stanley_control.egg-info/top_level.txt
[1.471s] reading manifest file 'stanley_control.egg-info/SOURCES.txt'
[1.472s] writing manifest file 'stanley_control.egg-info/SOURCES.txt'
[1.473s] running build_ext
[1.473s] Creating /home/brittc/Exodus2025/mobility_ctrl/install/stanley_control/lib/python3.10/site-packages/stanley-control.egg-link (link to .)
[1.474s] Installing stanley_controller script to /home/brittc/Exodus2025/mobility_ctrl/install/stanley_control/lib/stanley_control
[1.475s] Installing twist_converter script to /home/brittc/Exodus2025/mobility_ctrl/install/stanley_control/lib/stanley_control
[1.475s] 
[1.475s] Installed /home/brittc/Exodus2025/mobility_ctrl/build/stanley_control
[1.475s] running symlink_data
[1.475s] symbolically linking /home/brittc/Exodus2025/mobility_ctrl/build/stanley_control/resource/stanley_control -> /home/brittc/Exodus2025/mobility_ctrl/install/stanley_control/share/ament_index/resource_index/packages
[1.476s] symbolically linking /home/brittc/Exodus2025/mobility_ctrl/build/stanley_control/package.xml -> /home/brittc/Exodus2025/mobility_ctrl/install/stanley_control/share/stanley_control
[1.476s] symbolically linking /home/brittc/Exodus2025/mobility_ctrl/build/stanley_control/launch/spawn_rover.launch.py -> /home/brittc/Exodus2025/mobility_ctrl/install/stanley_control/share/stanley_control/launch
[1.477s] symbolically linking /home/brittc/Exodus2025/mobility_ctrl/build/stanley_control/config/ackermann_drive_controller2.yaml -> /home/brittc/Exodus2025/mobility_ctrl/install/stanley_control/share/stanley_control/config
[1.531s] Invoked command in '/home/brittc/Exodus2025/mobility_ctrl/build/stanley_control' returned '0': PYTHONPATH=/home/brittc/Exodus2025/mobility_ctrl/build/stanley_control/prefix_override:/usr/lib/python3/dist-packages/colcon_core/task/python/colcon_distutils_commands:/home/brittc/Exodus2025/mobility_ctrl/install/stanley_control/lib/python3.10/site-packages:${PYTHONPATH} /usr/bin/python3 -W ignore:setup.py install is deprecated -W ignore:easy_install command is deprecated setup.py develop --editable --build-directory /home/brittc/Exodus2025/mobility_ctrl/build/stanley_control/build --no-deps symlink_data --force
