[1.338s] Invoking command in '/home/brittc/Exodus2025/mobility_ctrl/build/stanley_control': PYTHONPATH=/home/brittc/Exodus2025/mobility_ctrl/build/stanley_control/prefix_override:/usr/lib/python3/dist-packages/colcon_core/task/python/colcon_distutils_commands:/home/brittc/Exodus2025/mobility_ctrl/install/stanley_control/lib/python3.10/site-packages:${PYTHONPATH} /usr/bin/python3 -W ignore:setup.py install is deprecated -W ignore:easy_install command is deprecated setup.py develop --uninstall --editable --build-directory /home/brittc/Exodus2025/mobility_ctrl/build/stanley_control/build
[1.618s] running develop
[1.784s] Removing /home/brittc/Exodus2025/mobility_ctrl/install/stanley_control/lib/python3.10/site-packages/stanley-control.egg-link (link to .)
[1.839s] Invoked command in '/home/brittc/Exodus2025/mobility_ctrl/build/stanley_control' returned '0': PYTHONPATH=/home/brittc/Exodus2025/mobility_ctrl/build/stanley_control/prefix_override:/usr/lib/python3/dist-packages/colcon_core/task/python/colcon_distutils_commands:/home/brittc/Exodus2025/mobility_ctrl/install/stanley_control/lib/python3.10/site-packages:${PYTHONPATH} /usr/bin/python3 -W ignore:setup.py install is deprecated -W ignore:easy_install command is deprecated setup.py develop --uninstall --editable --build-directory /home/brittc/Exodus2025/mobility_ctrl/build/stanley_control/build
[1.842s] Invoking command in '/home/brittc/Exodus2025/mobility_ctrl/src/stanley_control': PYTHONPATH=/home/brittc/Exodus2025/mobility_ctrl/build/stanley_control/prefix_override:/usr/lib/python3/dist-packages/colcon_core/task/python/colcon_distutils_commands:/home/brittc/Exodus2025/mobility_ctrl/install/stanley_control/lib/python3.10/site-packages:${PYTHONPATH} /usr/bin/python3 -W ignore:setup.py install is deprecated -W ignore:easy_install command is deprecated setup.py egg_info --egg-base ../../build/stanley_control build --build-base /home/brittc/Exodus2025/mobility_ctrl/build/stanley_control/build install --record /home/brittc/Exodus2025/mobility_ctrl/build/stanley_control/install.log --single-version-externally-managed install_data --force
[2.088s] running egg_info
[2.089s] writing ../../build/stanley_control/stanley_control.egg-info/PKG-INFO
[2.089s] writing dependency_links to ../../build/stanley_control/stanley_control.egg-info/dependency_links.txt
[2.090s] writing entry points to ../../build/stanley_control/stanley_control.egg-info/entry_points.txt
[2.090s] writing requirements to ../../build/stanley_control/stanley_control.egg-info/requires.txt
[2.090s] writing top-level names to ../../build/stanley_control/stanley_control.egg-info/top_level.txt
[2.092s] reading manifest file '../../build/stanley_control/stanley_control.egg-info/SOURCES.txt'
[2.093s] writing manifest file '../../build/stanley_control/stanley_control.egg-info/SOURCES.txt'
[2.093s] running build
[2.093s] running build_py
[2.093s] running install
[2.094s] running install_lib
[2.095s] creating /home/brittc/Exodus2025/mobility_ctrl/install/stanley_control/lib/python3.10/site-packages/stanley_control
[2.095s] copying /home/brittc/Exodus2025/mobility_ctrl/build/stanley_control/build/lib/stanley_control/__init__.py -> /home/brittc/Exodus2025/mobility_ctrl/install/stanley_control/lib/python3.10/site-packages/stanley_control
[2.095s] copying /home/brittc/Exodus2025/mobility_ctrl/build/stanley_control/build/lib/stanley_control/ack_to_twist_converter.py -> /home/brittc/Exodus2025/mobility_ctrl/install/stanley_control/lib/python3.10/site-packages/stanley_control
[2.096s] copying /home/brittc/Exodus2025/mobility_ctrl/build/stanley_control/build/lib/stanley_control/stanley_control.py -> /home/brittc/Exodus2025/mobility_ctrl/install/stanley_control/lib/python3.10/site-packages/stanley_control
[2.098s] byte-compiling /home/brittc/Exodus2025/mobility_ctrl/install/stanley_control/lib/python3.10/site-packages/stanley_control/__init__.py to __init__.cpython-310.pyc
[2.098s] byte-compiling /home/brittc/Exodus2025/mobility_ctrl/install/stanley_control/lib/python3.10/site-packages/stanley_control/ack_to_twist_converter.py to ack_to_twist_converter.cpython-310.pyc
[2.099s] byte-compiling /home/brittc/Exodus2025/mobility_ctrl/install/stanley_control/lib/python3.10/site-packages/stanley_control/stanley_control.py to stanley_control.cpython-310.pyc
[2.101s] running install_data
[2.101s] copying resource/stanley_control -> /home/brittc/Exodus2025/mobility_ctrl/install/stanley_control/share/ament_index/resource_index/packages
[2.101s] copying package.xml -> /home/brittc/Exodus2025/mobility_ctrl/install/stanley_control/share/stanley_control
[2.102s] copying launch/spawn_rover.launch.py -> /home/brittc/Exodus2025/mobility_ctrl/install/stanley_control/share/stanley_control/launch
[2.102s] copying config/ackermann_drive_controller2.yaml -> /home/brittc/Exodus2025/mobility_ctrl/install/stanley_control/share/stanley_control/config
[2.102s] running install_egg_info
[2.104s] Copying ../../build/stanley_control/stanley_control.egg-info to /home/brittc/Exodus2025/mobility_ctrl/install/stanley_control/lib/python3.10/site-packages/stanley_control-0.0.0-py3.10.egg-info
[2.106s] running install_scripts
[2.132s] Installing stanley_controller script to /home/brittc/Exodus2025/mobility_ctrl/install/stanley_control/lib/stanley_control
[2.133s] Installing twist_converter script to /home/brittc/Exodus2025/mobility_ctrl/install/stanley_control/lib/stanley_control
[2.133s] writing list of installed files to '/home/brittc/Exodus2025/mobility_ctrl/build/stanley_control/install.log'
[2.186s] Invoked command in '/home/brittc/Exodus2025/mobility_ctrl/src/stanley_control' returned '0': PYTHONPATH=/home/brittc/Exodus2025/mobility_ctrl/build/stanley_control/prefix_override:/usr/lib/python3/dist-packages/colcon_core/task/python/colcon_distutils_commands:/home/brittc/Exodus2025/mobility_ctrl/install/stanley_control/lib/python3.10/site-packages:${PYTHONPATH} /usr/bin/python3 -W ignore:setup.py install is deprecated -W ignore:easy_install command is deprecated setup.py egg_info --egg-base ../../build/stanley_control build --build-base /home/brittc/Exodus2025/mobility_ctrl/build/stanley_control/build install --record /home/brittc/Exodus2025/mobility_ctrl/build/stanley_control/install.log --single-version-externally-managed install_data --force
