running develop
running egg_info
creating pure_pursuit.egg-info
writing pure_pursuit.egg-info/PKG-INFO
writing dependency_links to pure_pursuit.egg-info/dependency_links.txt
writing entry points to pure_pursuit.egg-info/entry_points.txt
writing requirements to pure_pursuit.egg-info/requires.txt
writing top-level names to pure_pursuit.egg-info/top_level.txt
writing manifest file 'pure_pursuit.egg-info/SOURCES.txt'
reading manifest file 'pure_pursuit.egg-info/SOURCES.txt'
writing manifest file 'pure_pursuit.egg-info/SOURCES.txt'
running build_ext
Creating /home/brittc/Exodus2025/mobility_ctrl/install/pure_pursuit/lib/python3.10/site-packages/pure-pursuit.egg-link (link to .)

Installed /home/brittc/Exodus2025/mobility_ctrl/build/pure_pursuit
running symlink_data
creating /home/brittc/Exodus2025/mobility_ctrl/install/pure_pursuit/share/ament_index
creating /home/brittc/Exodus2025/mobility_ctrl/install/pure_pursuit/share/ament_index/resource_index
creating /home/brittc/Exodus2025/mobility_ctrl/install/pure_pursuit/share/ament_index/resource_index/packages
symbolically linking /home/brittc/Exodus2025/mobility_ctrl/build/pure_pursuit/resource/pure_pursuit -> /home/brittc/Exodus2025/mobility_ctrl/install/pure_pursuit/share/ament_index/resource_index/packages
symbolically linking /home/brittc/Exodus2025/mobility_ctrl/build/pure_pursuit/package.xml -> /home/brittc/Exodus2025/mobility_ctrl/install/pure_pursuit/share/pure_pursuit
