[1.746s] Invoking command in '/home/brittc/Exodus2025/mobility_ctrl/build/gazebo_ackermann_control': PYTHONPATH=/home/brittc/Exodus2025/mobility_ctrl/build/gazebo_ackermann_control/prefix_override:/usr/lib/python3/dist-packages/colcon_core/task/python/colcon_distutils_commands:/home/brittc/Exodus2025/mobility_ctrl/install/gazebo_ackermann_control/lib/python3.10/site-packages:${PYTHONPATH} /usr/bin/python3 -W ignore:setup.py install is deprecated -W ignore:easy_install command is deprecated setup.py develop --editable --build-directory /home/brittc/Exodus2025/mobility_ctrl/build/gazebo_ackermann_control/build --no-deps symlink_data --force
[2.099s] running develop
[2.321s] running egg_info
[2.322s] writing gazebo_ackermann_control.egg-info/PKG-INFO
[2.324s] writing dependency_links to gazebo_ackermann_control.egg-info/dependency_links.txt
[2.324s] writing entry points to gazebo_ackermann_control.egg-info/entry_points.txt
[2.326s] writing requirements to gazebo_ackermann_control.egg-info/requires.txt
[2.327s] writing top-level names to gazebo_ackermann_control.egg-info/top_level.txt
[2.331s] reading manifest file 'gazebo_ackermann_control.egg-info/SOURCES.txt'
[2.333s] writing manifest file 'gazebo_ackermann_control.egg-info/SOURCES.txt'
[2.339s] running build_ext
[2.340s] Creating /home/brittc/Exodus2025/mobility_ctrl/install/gazebo_ackermann_control/lib/python3.10/site-packages/gazebo-ackermann-control.egg-link (link to .)
[2.342s] Installing control_node script to /home/brittc/Exodus2025/mobility_ctrl/install/gazebo_ackermann_control/lib/gazebo_ackermann_control
[2.343s] 
[2.343s] Installed /home/brittc/Exodus2025/mobility_ctrl/build/gazebo_ackermann_control
[2.344s] running symlink_data
[2.345s] symbolically linking /home/brittc/Exodus2025/mobility_ctrl/build/gazebo_ackermann_control/resource/gazebo_ackermann_control -> /home/brittc/Exodus2025/mobility_ctrl/install/gazebo_ackermann_control/share/ament_index/resource_index/packages
[2.346s] symbolically linking /home/brittc/Exodus2025/mobility_ctrl/build/gazebo_ackermann_control/package.xml -> /home/brittc/Exodus2025/mobility_ctrl/install/gazebo_ackermann_control/share/gazebo_ackermann_control
[2.347s] symbolically linking /home/brittc/Exodus2025/mobility_ctrl/build/gazebo_ackermann_control/launch/spawn_rover.launch.py -> /home/brittc/Exodus2025/mobility_ctrl/install/gazebo_ackermann_control/share/gazebo_ackermann_control/launch
[2.426s] Invoked command in '/home/brittc/Exodus2025/mobility_ctrl/build/gazebo_ackermann_control' returned '0': PYTHONPATH=/home/brittc/Exodus2025/mobility_ctrl/build/gazebo_ackermann_control/prefix_override:/usr/lib/python3/dist-packages/colcon_core/task/python/colcon_distutils_commands:/home/brittc/Exodus2025/mobility_ctrl/install/gazebo_ackermann_control/lib/python3.10/site-packages:${PYTHONPATH} /usr/bin/python3 -W ignore:setup.py install is deprecated -W ignore:easy_install command is deprecated setup.py develop --editable --build-directory /home/brittc/Exodus2025/mobility_ctrl/build/gazebo_ackermann_control/build --no-deps symlink_data --force
