[0.306s] DEBUG:colcon:Command line arguments: ['/usr/bin/colcon', 'build']
[0.306s] DEBUG:colcon:Parsed command line arguments: Namespace(log_base=None, log_level=None, verb_name='build', build_base='build', install_base='install', merge_install=False, symlink_install=False, test_result_base=None, continue_on_error=False, executor='parallel', parallel_workers=8, event_handlers=None, ignore_user_meta=False, metas=['./colcon.meta'], base_paths=['.'], packages_ignore=None, packages_ignore_regex=None, paths=None, packages_up_to=None, packages_up_to_regex=None, packages_above=None, packages_above_and_dependencies=None, packages_above_depth=None, packages_select_by_dep=None, packages_skip_by_dep=None, packages_skip_up_to=None, packages_select_build_failed=False, packages_skip_build_finished=False, packages_select_test_failures=False, packages_skip_test_passed=False, packages_select=None, packages_skip=None, packages_select_regex=None, packages_skip_regex=None, packages_start=None, packages_end=None, allow_overriding=[], cmake_args=None, cmake_target=None, cmake_target_skip_unavailable=False, cmake_clean_cache=False, cmake_clean_first=False, cmake_force_configure=False, ament_cmake_args=None, catkin_cmake_args=None, catkin_skip_building_tests=False, mixin_files=None, mixin=None, verb_parser=<colcon_mixin.mixin.mixin_argument.MixinArgumentDecorator object at 0x7f70ea0f5840>, verb_extension=<colcon_core.verb.build.BuildVerb object at 0x7f70ea20a770>, main=<bound method BuildVerb.main of <colcon_core.verb.build.BuildVerb object at 0x7f70ea20a770>>, mixin_verb=('build',))
[0.546s] Level 1:colcon.colcon_core.package_discovery:discover_packages(colcon_meta) check parameters
[0.546s] Level 1:colcon.colcon_core.package_discovery:discover_packages(recursive) check parameters
[0.546s] Level 1:colcon.colcon_core.package_discovery:discover_packages(ignore) check parameters
[0.546s] Level 1:colcon.colcon_core.package_discovery:discover_packages(path) check parameters
[0.546s] Level 1:colcon.colcon_core.package_discovery:discover_packages(colcon_meta) discover
[0.547s] Level 1:colcon.colcon_core.package_discovery:discover_packages(recursive) discover
[0.547s] INFO:colcon.colcon_core.package_discovery:Crawling recursively for packages in '/home/brittc/Exodus2025/mobility_ctrl'
[0.547s] Level 1:colcon.colcon_core.package_identification:_identify(.) by extensions ['ignore', 'ignore_ament_install']
[0.547s] Level 1:colcon.colcon_core.package_identification:_identify(.) by extension 'ignore'
[0.547s] Level 1:colcon.colcon_core.package_identification:_identify(.) by extension 'ignore_ament_install'
[0.547s] Level 1:colcon.colcon_core.package_identification:_identify(.) by extensions ['colcon_pkg']
[0.547s] Level 1:colcon.colcon_core.package_identification:_identify(.) by extension 'colcon_pkg'
[0.547s] Level 1:colcon.colcon_core.package_identification:_identify(.) by extensions ['colcon_meta']
[0.547s] Level 1:colcon.colcon_core.package_identification:_identify(.) by extension 'colcon_meta'
[0.547s] Level 1:colcon.colcon_core.package_identification:_identify(.) by extensions ['ros']
[0.547s] Level 1:colcon.colcon_core.package_identification:_identify(.) by extension 'ros'
[0.562s] Level 1:colcon.colcon_core.package_identification:_identify(.) by extensions ['cmake', 'python']
[0.562s] Level 1:colcon.colcon_core.package_identification:_identify(.) by extension 'cmake'
[0.562s] Level 1:colcon.colcon_core.package_identification:_identify(.) by extension 'python'
[0.562s] Level 1:colcon.colcon_core.package_identification:_identify(.) by extensions ['python_setup_py']
[0.562s] Level 1:colcon.colcon_core.package_identification:_identify(.) by extension 'python_setup_py'
[0.562s] Level 1:colcon.colcon_core.package_identification:_identify(build) by extensions ['ignore', 'ignore_ament_install']
[0.562s] Level 1:colcon.colcon_core.package_identification:_identify(build) by extension 'ignore'
[0.562s] Level 1:colcon.colcon_core.package_identification:_identify(build) ignored
[0.562s] Level 1:colcon.colcon_core.package_identification:_identify(install) by extensions ['ignore', 'ignore_ament_install']
[0.563s] Level 1:colcon.colcon_core.package_identification:_identify(install) by extension 'ignore'
[0.563s] Level 1:colcon.colcon_core.package_identification:_identify(install) ignored
[0.563s] Level 1:colcon.colcon_core.package_identification:_identify(log) by extensions ['ignore', 'ignore_ament_install']
[0.563s] Level 1:colcon.colcon_core.package_identification:_identify(log) by extension 'ignore'
[0.563s] Level 1:colcon.colcon_core.package_identification:_identify(log) ignored
[0.563s] Level 1:colcon.colcon_core.package_identification:_identify(src) by extensions ['ignore', 'ignore_ament_install']
[0.563s] Level 1:colcon.colcon_core.package_identification:_identify(src) by extension 'ignore'
[0.563s] Level 1:colcon.colcon_core.package_identification:_identify(src) by extension 'ignore_ament_install'
[0.563s] Level 1:colcon.colcon_core.package_identification:_identify(src) by extensions ['colcon_pkg']
[0.563s] Level 1:colcon.colcon_core.package_identification:_identify(src) by extension 'colcon_pkg'
[0.563s] Level 1:colcon.colcon_core.package_identification:_identify(src) by extensions ['colcon_meta']
[0.563s] Level 1:colcon.colcon_core.package_identification:_identify(src) by extension 'colcon_meta'
[0.563s] Level 1:colcon.colcon_core.package_identification:_identify(src) by extensions ['ros']
[0.564s] Level 1:colcon.colcon_core.package_identification:_identify(src) by extension 'ros'
[0.564s] Level 1:colcon.colcon_core.package_identification:_identify(src) by extensions ['cmake', 'python']
[0.564s] Level 1:colcon.colcon_core.package_identification:_identify(src) by extension 'cmake'
[0.564s] Level 1:colcon.colcon_core.package_identification:_identify(src) by extension 'python'
[0.564s] Level 1:colcon.colcon_core.package_identification:_identify(src) by extensions ['python_setup_py']
[0.564s] Level 1:colcon.colcon_core.package_identification:_identify(src) by extension 'python_setup_py'
[0.564s] Level 1:colcon.colcon_core.package_identification:_identify(src/build) by extensions ['ignore', 'ignore_ament_install']
[0.565s] Level 1:colcon.colcon_core.package_identification:_identify(src/build) by extension 'ignore'
[0.565s] Level 1:colcon.colcon_core.package_identification:_identify(src/build) ignored
[0.565s] Level 1:colcon.colcon_core.package_identification:_identify(src/description) by extensions ['ignore', 'ignore_ament_install']
[0.565s] Level 1:colcon.colcon_core.package_identification:_identify(src/description) by extension 'ignore'
[0.565s] Level 1:colcon.colcon_core.package_identification:_identify(src/description) by extension 'ignore_ament_install'
[0.565s] Level 1:colcon.colcon_core.package_identification:_identify(src/description) by extensions ['colcon_pkg']
[0.565s] Level 1:colcon.colcon_core.package_identification:_identify(src/description) by extension 'colcon_pkg'
[0.565s] Level 1:colcon.colcon_core.package_identification:_identify(src/description) by extensions ['colcon_meta']
[0.565s] Level 1:colcon.colcon_core.package_identification:_identify(src/description) by extension 'colcon_meta'
[0.565s] Level 1:colcon.colcon_core.package_identification:_identify(src/description) by extensions ['ros']
[0.565s] Level 1:colcon.colcon_core.package_identification:_identify(src/description) by extension 'ros'
[0.565s] Level 1:colcon.colcon_core.package_identification:_identify(src/description) by extensions ['cmake', 'python']
[0.566s] Level 1:colcon.colcon_core.package_identification:_identify(src/description) by extension 'cmake'
[0.566s] Level 1:colcon.colcon_core.package_identification:_identify(src/description) by extension 'python'
[0.566s] Level 1:colcon.colcon_core.package_identification:_identify(src/description) by extensions ['python_setup_py']
[0.566s] Level 1:colcon.colcon_core.package_identification:_identify(src/description) by extension 'python_setup_py'
[0.566s] Level 1:colcon.colcon_core.package_identification:_identify(src/gazebo_ackermann_control) by extensions ['ignore', 'ignore_ament_install']
[0.566s] Level 1:colcon.colcon_core.package_identification:_identify(src/gazebo_ackermann_control) by extension 'ignore'
[0.566s] Level 1:colcon.colcon_core.package_identification:_identify(src/gazebo_ackermann_control) by extension 'ignore_ament_install'
[0.566s] Level 1:colcon.colcon_core.package_identification:_identify(src/gazebo_ackermann_control) by extensions ['colcon_pkg']
[0.566s] Level 1:colcon.colcon_core.package_identification:_identify(src/gazebo_ackermann_control) by extension 'colcon_pkg'
[0.566s] Level 1:colcon.colcon_core.package_identification:_identify(src/gazebo_ackermann_control) by extensions ['colcon_meta']
[0.566s] Level 1:colcon.colcon_core.package_identification:_identify(src/gazebo_ackermann_control) by extension 'colcon_meta'
[0.566s] Level 1:colcon.colcon_core.package_identification:_identify(src/gazebo_ackermann_control) by extensions ['ros']
[0.566s] Level 1:colcon.colcon_core.package_identification:_identify(src/gazebo_ackermann_control) by extension 'ros'
[0.570s] DEBUG:colcon.colcon_core.package_identification:Package 'src/gazebo_ackermann_control' with type 'ros.ament_python' and name 'gazebo_ackermann_control'
[0.571s] Level 1:colcon.colcon_core.package_identification:_identify(src/install) by extensions ['ignore', 'ignore_ament_install']
[0.571s] Level 1:colcon.colcon_core.package_identification:_identify(src/install) by extension 'ignore'
[0.571s] Level 1:colcon.colcon_core.package_identification:_identify(src/install) ignored
[0.571s] Level 1:colcon.colcon_core.package_identification:_identify(src/launch) by extensions ['ignore', 'ignore_ament_install']
[0.571s] Level 1:colcon.colcon_core.package_identification:_identify(src/launch) by extension 'ignore'
[0.571s] Level 1:colcon.colcon_core.package_identification:_identify(src/launch) by extension 'ignore_ament_install'
[0.571s] Level 1:colcon.colcon_core.package_identification:_identify(src/launch) by extensions ['colcon_pkg']
[0.571s] Level 1:colcon.colcon_core.package_identification:_identify(src/launch) by extension 'colcon_pkg'
[0.571s] Level 1:colcon.colcon_core.package_identification:_identify(src/launch) by extensions ['colcon_meta']
[0.571s] Level 1:colcon.colcon_core.package_identification:_identify(src/launch) by extension 'colcon_meta'
[0.571s] Level 1:colcon.colcon_core.package_identification:_identify(src/launch) by extensions ['ros']
[0.571s] Level 1:colcon.colcon_core.package_identification:_identify(src/launch) by extension 'ros'
[0.571s] Level 1:colcon.colcon_core.package_identification:_identify(src/launch) by extensions ['cmake', 'python']
[0.571s] Level 1:colcon.colcon_core.package_identification:_identify(src/launch) by extension 'cmake'
[0.572s] Level 1:colcon.colcon_core.package_identification:_identify(src/launch) by extension 'python'
[0.572s] Level 1:colcon.colcon_core.package_identification:_identify(src/launch) by extensions ['python_setup_py']
[0.572s] Level 1:colcon.colcon_core.package_identification:_identify(src/launch) by extension 'python_setup_py'
[0.572s] Level 1:colcon.colcon_core.package_identification:_identify(src/worlds) by extensions ['ignore', 'ignore_ament_install']
[0.572s] Level 1:colcon.colcon_core.package_identification:_identify(src/worlds) by extension 'ignore'
[0.572s] Level 1:colcon.colcon_core.package_identification:_identify(src/worlds) by extension 'ignore_ament_install'
[0.572s] Level 1:colcon.colcon_core.package_identification:_identify(src/worlds) by extensions ['colcon_pkg']
[0.572s] Level 1:colcon.colcon_core.package_identification:_identify(src/worlds) by extension 'colcon_pkg'
[0.572s] Level 1:colcon.colcon_core.package_identification:_identify(src/worlds) by extensions ['colcon_meta']
[0.572s] Level 1:colcon.colcon_core.package_identification:_identify(src/worlds) by extension 'colcon_meta'
[0.572s] Level 1:colcon.colcon_core.package_identification:_identify(src/worlds) by extensions ['ros']
[0.572s] Level 1:colcon.colcon_core.package_identification:_identify(src/worlds) by extension 'ros'
[0.572s] Level 1:colcon.colcon_core.package_identification:_identify(src/worlds) by extensions ['cmake', 'python']
[0.572s] Level 1:colcon.colcon_core.package_identification:_identify(src/worlds) by extension 'cmake'
[0.573s] Level 1:colcon.colcon_core.package_identification:_identify(src/worlds) by extension 'python'
[0.573s] Level 1:colcon.colcon_core.package_identification:_identify(src/worlds) by extensions ['python_setup_py']
[0.573s] Level 1:colcon.colcon_core.package_identification:_identify(src/worlds) by extension 'python_setup_py'
[0.573s] Level 1:colcon.colcon_core.package_discovery:discover_packages(recursive) using defaults
[0.573s] Level 1:colcon.colcon_core.package_discovery:discover_packages(ignore) discover
[0.573s] Level 1:colcon.colcon_core.package_discovery:discover_packages(ignore) using defaults
[0.573s] Level 1:colcon.colcon_core.package_discovery:discover_packages(path) discover
[0.573s] Level 1:colcon.colcon_core.package_discovery:discover_packages(path) using defaults
[0.628s] Level 1:colcon.colcon_core.package_discovery:discover_packages(prefix_path) check parameters
[0.629s] Level 1:colcon.colcon_core.package_discovery:discover_packages(prefix_path) discover
[0.630s] WARNING:colcon.colcon_ros.prefix_path.ament:The path '/home/brittc/Exodus2025/mobility_ctrl/install/transmission_interface' in the environment variable AMENT_PREFIX_PATH doesn't exist
[0.631s] WARNING:colcon.colcon_ros.prefix_path.ament:The path '/home/brittc/Exodus2025/mobility_ctrl/install/rqt_joint_trajectory_controller' in the environment variable AMENT_PREFIX_PATH doesn't exist
[0.631s] WARNING:colcon.colcon_ros.prefix_path.ament:The path '/home/brittc/Exodus2025/mobility_ctrl/install/ros2controlcli' in the environment variable AMENT_PREFIX_PATH doesn't exist
[0.632s] WARNING:colcon.colcon_ros.prefix_path.ament:The path '/home/brittc/Exodus2025/mobility_ctrl/install/ros2_controllers_test_nodes' in the environment variable AMENT_PREFIX_PATH doesn't exist
[0.632s] WARNING:colcon.colcon_ros.prefix_path.ament:The path '/home/brittc/Exodus2025/mobility_ctrl/install/hardware_interface_testing' in the environment variable AMENT_PREFIX_PATH doesn't exist
[0.633s] WARNING:colcon.colcon_ros.prefix_path.ament:The path '/home/brittc/Exodus2025/mobility_ctrl/install/controller_manager' in the environment variable AMENT_PREFIX_PATH doesn't exist
[0.633s] WARNING:colcon.colcon_ros.prefix_path.ament:The path '/home/brittc/Exodus2025/mobility_ctrl/install/ros2_control_test_assets' in the environment variable AMENT_PREFIX_PATH doesn't exist
[0.633s] WARNING:colcon.colcon_ros.prefix_path.ament:The path '/home/brittc/Exodus2025/mobility_ctrl/install/ros2_control_demo_description' in the environment variable AMENT_PREFIX_PATH doesn't exist
[0.633s] WARNING:colcon.colcon_ros.prefix_path.ament:The path '/home/brittc/Exodus2025/mobility_ctrl/install/realtime_tools' in the environment variable AMENT_PREFIX_PATH doesn't exist
[0.633s] WARNING:colcon.colcon_ros.prefix_path.ament:The path '/home/brittc/Exodus2025/mobility_ctrl/install/pure_pursuit' in the environment variable AMENT_PREFIX_PATH doesn't exist
[0.633s] WARNING:colcon.colcon_ros.prefix_path.ament:The path '/home/brittc/Exodus2025/mobility_ctrl/install/kinematics_interface_kdl' in the environment variable AMENT_PREFIX_PATH doesn't exist
[0.633s] WARNING:colcon.colcon_ros.prefix_path.ament:The path '/home/brittc/Exodus2025/mobility_ctrl/install/kinematics_interface' in the environment variable AMENT_PREFIX_PATH doesn't exist
[0.633s] WARNING:colcon.colcon_ros.prefix_path.ament:The path '/home/brittc/Exodus2025/mobility_ctrl/install/joint_limits' in the environment variable AMENT_PREFIX_PATH doesn't exist
[0.633s] WARNING:colcon.colcon_ros.prefix_path.ament:The path '/home/brittc/Exodus2025/mobility_ctrl/install/controller_interface' in the environment variable AMENT_PREFIX_PATH doesn't exist
[0.633s] WARNING:colcon.colcon_ros.prefix_path.ament:The path '/home/brittc/Exodus2025/mobility_ctrl/install/hardware_interface' in the environment variable AMENT_PREFIX_PATH doesn't exist
[0.634s] WARNING:colcon.colcon_ros.prefix_path.ament:The path '/home/brittc/Exodus2025/mobility_ctrl/install/controller_manager_msgs' in the environment variable AMENT_PREFIX_PATH doesn't exist
[0.634s] WARNING:colcon.colcon_ros.prefix_path.ament:The path '/home/brittc/Exodus2025/mobility_ctrl/install/control_msgs' in the environment variable AMENT_PREFIX_PATH doesn't exist
[0.635s] WARNING:colcon.colcon_ros.prefix_path.ament:The path '/home/brittc/Exodus2025/mobility_ctrl/install/ack_rover' in the environment variable AMENT_PREFIX_PATH doesn't exist
[0.636s] WARNING:colcon.colcon_ros.prefix_path.catkin:The path '/home/brittc/Exodus2025/mobility_ctrl/install/transmission_interface' in the environment variable CMAKE_PREFIX_PATH doesn't exist
[0.637s] WARNING:colcon.colcon_ros.prefix_path.catkin:The path '/home/brittc/Exodus2025/mobility_ctrl/install/hardware_interface_testing' in the environment variable CMAKE_PREFIX_PATH doesn't exist
[0.637s] WARNING:colcon.colcon_ros.prefix_path.catkin:The path '/home/brittc/Exodus2025/mobility_ctrl/install/controller_manager' in the environment variable CMAKE_PREFIX_PATH doesn't exist
[0.637s] WARNING:colcon.colcon_ros.prefix_path.catkin:The path '/home/brittc/Exodus2025/mobility_ctrl/install/ros2_control_test_assets' in the environment variable CMAKE_PREFIX_PATH doesn't exist
[0.637s] WARNING:colcon.colcon_ros.prefix_path.catkin:The path '/home/brittc/Exodus2025/mobility_ctrl/install/ros2_control_demo_description' in the environment variable CMAKE_PREFIX_PATH doesn't exist
[0.637s] WARNING:colcon.colcon_ros.prefix_path.catkin:The path '/home/brittc/Exodus2025/mobility_ctrl/install/realtime_tools' in the environment variable CMAKE_PREFIX_PATH doesn't exist
[0.637s] WARNING:colcon.colcon_ros.prefix_path.catkin:The path '/home/brittc/Exodus2025/mobility_ctrl/install/kinematics_interface_kdl' in the environment variable CMAKE_PREFIX_PATH doesn't exist
[0.638s] WARNING:colcon.colcon_ros.prefix_path.catkin:The path '/home/brittc/Exodus2025/mobility_ctrl/install/kinematics_interface' in the environment variable CMAKE_PREFIX_PATH doesn't exist
[0.638s] WARNING:colcon.colcon_ros.prefix_path.catkin:The path '/home/brittc/Exodus2025/mobility_ctrl/install/joint_limits' in the environment variable CMAKE_PREFIX_PATH doesn't exist
[0.638s] WARNING:colcon.colcon_ros.prefix_path.catkin:The path '/home/brittc/Exodus2025/mobility_ctrl/install/controller_interface' in the environment variable CMAKE_PREFIX_PATH doesn't exist
[0.638s] WARNING:colcon.colcon_ros.prefix_path.catkin:The path '/home/brittc/Exodus2025/mobility_ctrl/install/hardware_interface' in the environment variable CMAKE_PREFIX_PATH doesn't exist
[0.638s] WARNING:colcon.colcon_ros.prefix_path.catkin:The path '/home/brittc/Exodus2025/mobility_ctrl/install/controller_manager_msgs' in the environment variable CMAKE_PREFIX_PATH doesn't exist
[0.638s] WARNING:colcon.colcon_ros.prefix_path.catkin:The path '/home/brittc/Exodus2025/mobility_ctrl/install/control_msgs' in the environment variable CMAKE_PREFIX_PATH doesn't exist
[0.640s] DEBUG:colcon.colcon_installed_package_information.package_discovery:Found 1 installed packages in /home/brittc/Exodus2025/mobility_ctrl/install
[0.641s] DEBUG:colcon.colcon_installed_package_information.package_discovery:Found 1 installed packages in /home/brittc/Exodus2025/mobility_ctrl/src/install
[0.642s] DEBUG:colcon.colcon_installed_package_information.package_discovery:Found 20 installed packages in /home/brittc/ros2_ws/install
[0.644s] DEBUG:colcon.colcon_installed_package_information.package_discovery:Found 332 installed packages in /opt/ros/humble
[0.647s] Level 1:colcon.colcon_core.package_discovery:discover_packages(prefix_path) using defaults
[0.708s] Level 5:colcon.colcon_core.verb:set package 'gazebo_ackermann_control' build argument 'cmake_args' from command line to 'None'
[0.708s] Level 5:colcon.colcon_core.verb:set package 'gazebo_ackermann_control' build argument 'cmake_target' from command line to 'None'
[0.708s] Level 5:colcon.colcon_core.verb:set package 'gazebo_ackermann_control' build argument 'cmake_target_skip_unavailable' from command line to 'False'
[0.708s] Level 5:colcon.colcon_core.verb:set package 'gazebo_ackermann_control' build argument 'cmake_clean_cache' from command line to 'False'
[0.709s] Level 5:colcon.colcon_core.verb:set package 'gazebo_ackermann_control' build argument 'cmake_clean_first' from command line to 'False'
[0.709s] Level 5:colcon.colcon_core.verb:set package 'gazebo_ackermann_control' build argument 'cmake_force_configure' from command line to 'False'
[0.709s] Level 5:colcon.colcon_core.verb:set package 'gazebo_ackermann_control' build argument 'ament_cmake_args' from command line to 'None'
[0.709s] Level 5:colcon.colcon_core.verb:set package 'gazebo_ackermann_control' build argument 'catkin_cmake_args' from command line to 'None'
[0.709s] Level 5:colcon.colcon_core.verb:set package 'gazebo_ackermann_control' build argument 'catkin_skip_building_tests' from command line to 'False'
[0.709s] DEBUG:colcon.colcon_core.verb:Building package 'gazebo_ackermann_control' with the following arguments: {'ament_cmake_args': None, 'build_base': '/home/brittc/Exodus2025/mobility_ctrl/build/gazebo_ackermann_control', 'catkin_cmake_args': None, 'catkin_skip_building_tests': False, 'cmake_args': None, 'cmake_clean_cache': False, 'cmake_clean_first': False, 'cmake_force_configure': False, 'cmake_target': None, 'cmake_target_skip_unavailable': False, 'install_base': '/home/brittc/Exodus2025/mobility_ctrl/install/gazebo_ackermann_control', 'merge_install': False, 'path': '/home/brittc/Exodus2025/mobility_ctrl/src/gazebo_ackermann_control', 'symlink_install': False, 'test_result_base': None}
[0.710s] INFO:colcon.colcon_core.executor:Executing jobs using 'parallel' executor
[0.712s] DEBUG:colcon.colcon_parallel_executor.executor.parallel:run_until_complete
[0.713s] INFO:colcon.colcon_ros.task.ament_python.build:Building ROS package in '/home/brittc/Exodus2025/mobility_ctrl/src/gazebo_ackermann_control' with build type 'ament_python'
[0.714s] Level 1:colcon.colcon_core.shell:create_environment_hook('gazebo_ackermann_control', 'ament_prefix_path')
[0.718s] INFO:colcon.colcon_core.plugin_system:Skipping extension 'colcon_core.shell.bat': Not used on non-Windows systems
[0.719s] INFO:colcon.colcon_core.shell:Creating environment hook '/home/brittc/Exodus2025/mobility_ctrl/install/gazebo_ackermann_control/share/gazebo_ackermann_control/hook/ament_prefix_path.ps1'
[0.720s] INFO:colcon.colcon_core.shell:Creating environment descriptor '/home/brittc/Exodus2025/mobility_ctrl/install/gazebo_ackermann_control/share/gazebo_ackermann_control/hook/ament_prefix_path.dsv'
[0.722s] INFO:colcon.colcon_core.shell:Creating environment hook '/home/brittc/Exodus2025/mobility_ctrl/install/gazebo_ackermann_control/share/gazebo_ackermann_control/hook/ament_prefix_path.sh'
[0.726s] INFO:colcon.colcon_core.shell:Skip shell extension 'powershell' for command environment: Not usable outside of PowerShell
[0.726s] DEBUG:colcon.colcon_core.shell:Skip shell extension 'dsv' for command environment
[1.146s] INFO:colcon.colcon_core.task.python.build:Building Python package in '/home/brittc/Exodus2025/mobility_ctrl/src/gazebo_ackermann_control'
[1.147s] INFO:colcon.colcon_core.shell:Skip shell extension 'powershell' for command environment: Not usable outside of PowerShell
[1.147s] DEBUG:colcon.colcon_core.shell:Skip shell extension 'dsv' for command environment
[1.719s] DEBUG:colcon.colcon_core.event_handler.log_command:Invoking command in '/home/brittc/Exodus2025/mobility_ctrl/src/gazebo_ackermann_control': PYTHONPATH=/home/brittc/Exodus2025/mobility_ctrl/build/gazebo_ackermann_control/prefix_override:/usr/lib/python3/dist-packages/colcon_core/task/python/colcon_distutils_commands:/home/brittc/Exodus2025/mobility_ctrl/install/gazebo_ackermann_control/lib/python3.10/site-packages:${PYTHONPATH} /usr/bin/python3 -W ignore:setup.py install is deprecated -W ignore:easy_install command is deprecated setup.py egg_info --egg-base ../../build/gazebo_ackermann_control build --build-base /home/brittc/Exodus2025/mobility_ctrl/build/gazebo_ackermann_control/build install --record /home/brittc/Exodus2025/mobility_ctrl/build/gazebo_ackermann_control/install.log --single-version-externally-managed install_data
[2.184s] DEBUG:colcon.colcon_core.event_handler.log_command:Invoked command in '/home/brittc/Exodus2025/mobility_ctrl/src/gazebo_ackermann_control' returned '0': PYTHONPATH=/home/brittc/Exodus2025/mobility_ctrl/build/gazebo_ackermann_control/prefix_override:/usr/lib/python3/dist-packages/colcon_core/task/python/colcon_distutils_commands:/home/brittc/Exodus2025/mobility_ctrl/install/gazebo_ackermann_control/lib/python3.10/site-packages:${PYTHONPATH} /usr/bin/python3 -W ignore:setup.py install is deprecated -W ignore:easy_install command is deprecated setup.py egg_info --egg-base ../../build/gazebo_ackermann_control build --build-base /home/brittc/Exodus2025/mobility_ctrl/build/gazebo_ackermann_control/build install --record /home/brittc/Exodus2025/mobility_ctrl/build/gazebo_ackermann_control/install.log --single-version-externally-managed install_data
[2.187s] Level 1:colcon.colcon_core.environment:checking '/home/brittc/Exodus2025/mobility_ctrl/install/gazebo_ackermann_control' for CMake module files
[2.188s] Level 1:colcon.colcon_core.environment:checking '/home/brittc/Exodus2025/mobility_ctrl/install/gazebo_ackermann_control' for CMake config files
[2.189s] Level 1:colcon.colcon_core.environment:checking '/home/brittc/Exodus2025/mobility_ctrl/install/gazebo_ackermann_control/lib'
[2.189s] Level 1:colcon.colcon_core.environment:checking '/home/brittc/Exodus2025/mobility_ctrl/install/gazebo_ackermann_control/bin'
[2.189s] Level 1:colcon.colcon_core.environment:checking '/home/brittc/Exodus2025/mobility_ctrl/install/gazebo_ackermann_control/lib/pkgconfig/gazebo_ackermann_control.pc'
[2.189s] Level 1:colcon.colcon_core.environment:checking '/home/brittc/Exodus2025/mobility_ctrl/install/gazebo_ackermann_control/lib/python3.10/site-packages'
[2.190s] Level 1:colcon.colcon_core.shell:create_environment_hook('gazebo_ackermann_control', 'pythonpath')
[2.190s] INFO:colcon.colcon_core.shell:Creating environment hook '/home/brittc/Exodus2025/mobility_ctrl/install/gazebo_ackermann_control/share/gazebo_ackermann_control/hook/pythonpath.ps1'
[2.191s] INFO:colcon.colcon_core.shell:Creating environment descriptor '/home/brittc/Exodus2025/mobility_ctrl/install/gazebo_ackermann_control/share/gazebo_ackermann_control/hook/pythonpath.dsv'
[2.191s] INFO:colcon.colcon_core.shell:Creating environment hook '/home/brittc/Exodus2025/mobility_ctrl/install/gazebo_ackermann_control/share/gazebo_ackermann_control/hook/pythonpath.sh'
[2.192s] Level 1:colcon.colcon_core.environment:checking '/home/brittc/Exodus2025/mobility_ctrl/install/gazebo_ackermann_control/bin'
[2.192s] Level 1:colcon.colcon_core.environment:create_environment_scripts_only(gazebo_ackermann_control)
[2.193s] INFO:colcon.colcon_core.shell:Creating package script '/home/brittc/Exodus2025/mobility_ctrl/install/gazebo_ackermann_control/share/gazebo_ackermann_control/package.ps1'
[2.194s] INFO:colcon.colcon_core.shell:Creating package descriptor '/home/brittc/Exodus2025/mobility_ctrl/install/gazebo_ackermann_control/share/gazebo_ackermann_control/package.dsv'
[2.194s] INFO:colcon.colcon_core.shell:Creating package script '/home/brittc/Exodus2025/mobility_ctrl/install/gazebo_ackermann_control/share/gazebo_ackermann_control/package.sh'
[2.196s] INFO:colcon.colcon_core.shell:Creating package script '/home/brittc/Exodus2025/mobility_ctrl/install/gazebo_ackermann_control/share/gazebo_ackermann_control/package.bash'
[2.197s] INFO:colcon.colcon_core.shell:Creating package script '/home/brittc/Exodus2025/mobility_ctrl/install/gazebo_ackermann_control/share/gazebo_ackermann_control/package.zsh'
[2.198s] Level 1:colcon.colcon_core.environment:create_file_with_runtime_dependencies(/home/brittc/Exodus2025/mobility_ctrl/install/gazebo_ackermann_control/share/colcon-core/packages/gazebo_ackermann_control)
[2.199s] DEBUG:colcon.colcon_parallel_executor.executor.parallel:closing loop
[2.200s] DEBUG:colcon.colcon_parallel_executor.executor.parallel:loop closed
[2.200s] DEBUG:colcon.colcon_parallel_executor.executor.parallel:run_until_complete finished with '0'
[2.201s] DEBUG:colcon.colcon_core.event_reactor:joining thread
[2.273s] INFO:colcon.colcon_core.plugin_system:Skipping extension 'colcon_notification.desktop_notification.notify_send': Could not find 'notify-send'
[2.273s] INFO:colcon.colcon_core.plugin_system:Skipping extension 'colcon_notification.desktop_notification.terminal_notifier': Not used on non-Darwin systems
[2.273s] INFO:colcon.colcon_core.plugin_system:Skipping extension 'colcon_notification.desktop_notification.win32': Not used on non-Windows systems
[2.273s] INFO:colcon.colcon_notification.desktop_notification:Sending desktop notification using 'notify2'
[2.274s] DEBUG:colcon.colcon_notification.desktop_notification.notify2:Failed to initialize notify2: org.freedesktop.DBus.Error.FileNotFound: Failed to connect to socket /run/user/1000/bus: No such file or directory
[2.274s] DEBUG:colcon.colcon_core.event_reactor:joined thread
[2.274s] INFO:colcon.colcon_core.shell:Creating prefix script '/home/brittc/Exodus2025/mobility_ctrl/install/local_setup.ps1'
[2.276s] INFO:colcon.colcon_core.shell:Creating prefix util module '/home/brittc/Exodus2025/mobility_ctrl/install/_local_setup_util_ps1.py'
[2.278s] INFO:colcon.colcon_core.shell:Creating prefix chain script '/home/brittc/Exodus2025/mobility_ctrl/install/setup.ps1'
[2.280s] INFO:colcon.colcon_core.shell:Creating prefix script '/home/brittc/Exodus2025/mobility_ctrl/install/local_setup.sh'
[2.281s] INFO:colcon.colcon_core.shell:Creating prefix util module '/home/brittc/Exodus2025/mobility_ctrl/install/_local_setup_util_sh.py'
[2.281s] INFO:colcon.colcon_core.shell:Creating prefix chain script '/home/brittc/Exodus2025/mobility_ctrl/install/setup.sh'
[2.284s] INFO:colcon.colcon_core.shell:Creating prefix script '/home/brittc/Exodus2025/mobility_ctrl/install/local_setup.bash'
[2.285s] INFO:colcon.colcon_core.shell:Creating prefix chain script '/home/brittc/Exodus2025/mobility_ctrl/install/setup.bash'
[2.288s] INFO:colcon.colcon_core.shell:Creating prefix script '/home/brittc/Exodus2025/mobility_ctrl/install/local_setup.zsh'
[2.288s] INFO:colcon.colcon_core.shell:Creating prefix chain script '/home/brittc/Exodus2025/mobility_ctrl/install/setup.zsh'
