[0.829s] Invoking command in '/home/brittc/Exodus2025/mobility_ctrl/build/pure_pursuit': PYTHONPATH=/home/brittc/Exodus2025/mobility_ctrl/build/pure_pursuit/prefix_override:/usr/lib/python3/dist-packages/colcon_core/task/python/colcon_distutils_commands:/home/brittc/Exodus2025/mobility_ctrl/install/pure_pursuit/lib/python3.10/site-packages:${PYTHONPATH} /usr/bin/python3 -W ignore:setup.py install is deprecated -W ignore:easy_install command is deprecated setup.py develop --editable --build-directory /home/brittc/Exodus2025/mobility_ctrl/build/pure_pursuit/build --no-deps symlink_data --force
[1.062s] running develop
[1.198s] running egg_info
[1.198s] writing pure_pursuit.egg-info/PKG-INFO
[1.198s] writing dependency_links to pure_pursuit.egg-info/dependency_links.txt
[1.199s] writing entry points to pure_pursuit.egg-info/entry_points.txt
[1.199s] writing requirements to pure_pursuit.egg-info/requires.txt
[1.199s] writing top-level names to pure_pursuit.egg-info/top_level.txt
[1.201s] reading manifest file 'pure_pursuit.egg-info/SOURCES.txt'
[1.202s] writing manifest file 'pure_pursuit.egg-info/SOURCES.txt'
[1.204s] running build_ext
[1.205s] Creating /home/brittc/Exodus2025/mobility_ctrl/install/pure_pursuit/lib/python3.10/site-packages/pure-pursuit.egg-link (link to .)
[1.206s] Installing pure_pursuit_ackermann script to /home/brittc/Exodus2025/mobility_ctrl/install/pure_pursuit/lib/pure_pursuit
[1.206s] Installing twist_converter script to /home/brittc/Exodus2025/mobility_ctrl/install/pure_pursuit/lib/pure_pursuit
[1.206s] 
[1.206s] Installed /home/brittc/Exodus2025/mobility_ctrl/build/pure_pursuit
[1.206s] running symlink_data
[1.206s] symbolically linking /home/brittc/Exodus2025/mobility_ctrl/build/pure_pursuit/resource/pure_pursuit -> /home/brittc/Exodus2025/mobility_ctrl/install/pure_pursuit/share/ament_index/resource_index/packages
[1.207s] symbolically linking /home/brittc/Exodus2025/mobility_ctrl/build/pure_pursuit/package.xml -> /home/brittc/Exodus2025/mobility_ctrl/install/pure_pursuit/share/pure_pursuit
[1.273s] Invoked command in '/home/brittc/Exodus2025/mobility_ctrl/build/pure_pursuit' returned '0': PYTHONPATH=/home/brittc/Exodus2025/mobility_ctrl/build/pure_pursuit/prefix_override:/usr/lib/python3/dist-packages/colcon_core/task/python/colcon_distutils_commands:/home/brittc/Exodus2025/mobility_ctrl/install/pure_pursuit/lib/python3.10/site-packages:${PYTHONPATH} /usr/bin/python3 -W ignore:setup.py install is deprecated -W ignore:easy_install command is deprecated setup.py develop --editable --build-directory /home/brittc/Exodus2025/mobility_ctrl/build/pure_pursuit/build --no-deps symlink_data --force
