[1.080s] Invoking command in '/home/brittc/Exodus2025/mobility_ctrl/build/pure_pursuit': PYTHONPATH=/home/brittc/Exodus2025/mobility_ctrl/build/pure_pursuit/prefix_override:/usr/lib/python3/dist-packages/colcon_core/task/python/colcon_distutils_commands:/home/brittc/Exodus2025/mobility_ctrl/install/pure_pursuit/lib/python3.10/site-packages:${PYTHONPATH} /usr/bin/python3 -W ignore:setup.py install is deprecated -W ignore:easy_install command is deprecated setup.py develop --uninstall --editable --build-directory /home/brittc/Exodus2025/mobility_ctrl/build/pure_pursuit/build
[1.313s] running develop
[1.453s] Removing /home/brittc/Exodus2025/mobility_ctrl/install/pure_pursuit/lib/python3.10/site-packages/pure-pursuit.egg-link (link to .)
[1.497s] Invoked command in '/home/brittc/Exodus2025/mobility_ctrl/build/pure_pursuit' returned '0': PYTHONPATH=/home/brittc/Exodus2025/mobility_ctrl/build/pure_pursuit/prefix_override:/usr/lib/python3/dist-packages/colcon_core/task/python/colcon_distutils_commands:/home/brittc/Exodus2025/mobility_ctrl/install/pure_pursuit/lib/python3.10/site-packages:${PYTHONPATH} /usr/bin/python3 -W ignore:setup.py install is deprecated -W ignore:easy_install command is deprecated setup.py develop --uninstall --editable --build-directory /home/brittc/Exodus2025/mobility_ctrl/build/pure_pursuit/build
[1.500s] Invoking command in '/home/brittc/Exodus2025/mobility_ctrl/src/pure_pursuit': PYTHONPATH=/home/brittc/Exodus2025/mobility_ctrl/build/pure_pursuit/prefix_override:/usr/lib/python3/dist-packages/colcon_core/task/python/colcon_distutils_commands:/home/brittc/Exodus2025/mobility_ctrl/install/pure_pursuit/lib/python3.10/site-packages:${PYTHONPATH} /usr/bin/python3 -W ignore:setup.py install is deprecated -W ignore:easy_install command is deprecated setup.py egg_info --egg-base ../../build/pure_pursuit build --build-base /home/brittc/Exodus2025/mobility_ctrl/build/pure_pursuit/build install --record /home/brittc/Exodus2025/mobility_ctrl/build/pure_pursuit/install.log --single-version-externally-managed install_data --force
[1.729s] running egg_info
[1.729s] writing ../../build/pure_pursuit/pure_pursuit.egg-info/PKG-INFO
[1.730s] writing dependency_links to ../../build/pure_pursuit/pure_pursuit.egg-info/dependency_links.txt
[1.730s] writing entry points to ../../build/pure_pursuit/pure_pursuit.egg-info/entry_points.txt
[1.730s] writing requirements to ../../build/pure_pursuit/pure_pursuit.egg-info/requires.txt
[1.730s] writing top-level names to ../../build/pure_pursuit/pure_pursuit.egg-info/top_level.txt
[1.732s] reading manifest file '../../build/pure_pursuit/pure_pursuit.egg-info/SOURCES.txt'
[1.733s] writing manifest file '../../build/pure_pursuit/pure_pursuit.egg-info/SOURCES.txt'
[1.734s] running build
[1.734s] running build_py
[1.734s] running install
[1.734s] running install_lib
[1.735s] creating /home/brittc/Exodus2025/mobility_ctrl/install/pure_pursuit/lib/python3.10/site-packages/pure_pursuit
[1.735s] copying /home/brittc/Exodus2025/mobility_ctrl/build/pure_pursuit/build/lib/pure_pursuit/pure_pursuit_ackermann.py -> /home/brittc/Exodus2025/mobility_ctrl/install/pure_pursuit/lib/python3.10/site-packages/pure_pursuit
[1.736s] copying /home/brittc/Exodus2025/mobility_ctrl/build/pure_pursuit/build/lib/pure_pursuit/__init__.py -> /home/brittc/Exodus2025/mobility_ctrl/install/pure_pursuit/lib/python3.10/site-packages/pure_pursuit
[1.736s] copying /home/brittc/Exodus2025/mobility_ctrl/build/pure_pursuit/build/lib/pure_pursuit/ack_to_twist_converter.py -> /home/brittc/Exodus2025/mobility_ctrl/install/pure_pursuit/lib/python3.10/site-packages/pure_pursuit
[1.737s] byte-compiling /home/brittc/Exodus2025/mobility_ctrl/install/pure_pursuit/lib/python3.10/site-packages/pure_pursuit/pure_pursuit_ackermann.py to pure_pursuit_ackermann.cpython-310.pyc
[1.738s] byte-compiling /home/brittc/Exodus2025/mobility_ctrl/install/pure_pursuit/lib/python3.10/site-packages/pure_pursuit/__init__.py to __init__.cpython-310.pyc
[1.738s] byte-compiling /home/brittc/Exodus2025/mobility_ctrl/install/pure_pursuit/lib/python3.10/site-packages/pure_pursuit/ack_to_twist_converter.py to ack_to_twist_converter.cpython-310.pyc
[1.739s] running install_data
[1.739s] copying resource/pure_pursuit -> /home/brittc/Exodus2025/mobility_ctrl/install/pure_pursuit/share/ament_index/resource_index/packages
[1.739s] copying package.xml -> /home/brittc/Exodus2025/mobility_ctrl/install/pure_pursuit/share/pure_pursuit
[1.739s] running install_egg_info
[1.741s] Copying ../../build/pure_pursuit/pure_pursuit.egg-info to /home/brittc/Exodus2025/mobility_ctrl/install/pure_pursuit/lib/python3.10/site-packages/pure_pursuit-0.0.0-py3.10.egg-info
[1.743s] running install_scripts
[1.765s] Installing pure_pursuit_ackermann script to /home/brittc/Exodus2025/mobility_ctrl/install/pure_pursuit/lib/pure_pursuit
[1.765s] Installing twist_converter script to /home/brittc/Exodus2025/mobility_ctrl/install/pure_pursuit/lib/pure_pursuit
[1.765s] writing list of installed files to '/home/brittc/Exodus2025/mobility_ctrl/build/pure_pursuit/install.log'
[1.825s] Invoked command in '/home/brittc/Exodus2025/mobility_ctrl/src/pure_pursuit' returned '0': PYTHONPATH=/home/brittc/Exodus2025/mobility_ctrl/build/pure_pursuit/prefix_override:/usr/lib/python3/dist-packages/colcon_core/task/python/colcon_distutils_commands:/home/brittc/Exodus2025/mobility_ctrl/install/pure_pursuit/lib/python3.10/site-packages:${PYTHONPATH} /usr/bin/python3 -W ignore:setup.py install is deprecated -W ignore:easy_install command is deprecated setup.py egg_info --egg-base ../../build/pure_pursuit build --build-base /home/brittc/Exodus2025/mobility_ctrl/build/pure_pursuit/build install --record /home/brittc/Exodus2025/mobility_ctrl/build/pure_pursuit/install.log --single-version-externally-managed install_data --force
