[2.028s] Invoking command in '/home/brittc/Exodus2025/mobility_ctrl/build/stanley_control': PYTHONPATH=/home/brittc/Exodus2025/mobility_ctrl/build/stanley_control/prefix_override:/usr/lib/python3/dist-packages/colcon_core/task/python/colcon_distutils_commands:/home/brittc/Exodus2025/mobility_ctrl/install/stanley_control/lib/python3.10/site-packages:${PYTHONPATH} /usr/bin/python3 -W ignore:setup.py install is deprecated -W ignore:easy_install command is deprecated setup.py develop --uninstall --editable --build-directory /home/brittc/Exodus2025/mobility_ctrl/build/stanley_control/build
[2.474s] running develop
[2.702s] Removing /home/brittc/Exodus2025/mobility_ctrl/install/stanley_control/lib/python3.10/site-packages/stanley-control.egg-link (link to .)
[2.773s] Invoked command in '/home/brittc/Exodus2025/mobility_ctrl/build/stanley_control' returned '0': PYTHONPATH=/home/brittc/Exodus2025/mobility_ctrl/build/stanley_control/prefix_override:/usr/lib/python3/dist-packages/colcon_core/task/python/colcon_distutils_commands:/home/brittc/Exodus2025/mobility_ctrl/install/stanley_control/lib/python3.10/site-packages:${PYTHONPATH} /usr/bin/python3 -W ignore:setup.py install is deprecated -W ignore:easy_install command is deprecated setup.py develop --uninstall --editable --build-directory /home/brittc/Exodus2025/mobility_ctrl/build/stanley_control/build
[2.773s] Invoking command in '/home/brittc/Exodus2025/mobility_ctrl/src/stanley_control': PYTHONPATH=/home/brittc/Exodus2025/mobility_ctrl/build/stanley_control/prefix_override:/usr/lib/python3/dist-packages/colcon_core/task/python/colcon_distutils_commands:/home/brittc/Exodus2025/mobility_ctrl/install/stanley_control/lib/python3.10/site-packages:${PYTHONPATH} /usr/bin/python3 -W ignore:setup.py install is deprecated -W ignore:easy_install command is deprecated setup.py egg_info --egg-base ../../build/stanley_control build --build-base /home/brittc/Exodus2025/mobility_ctrl/build/stanley_control/build install --record /home/brittc/Exodus2025/mobility_ctrl/build/stanley_control/install.log --single-version-externally-managed install_data --force
[3.143s] running egg_info
[3.145s] writing ../../build/stanley_control/stanley_control.egg-info/PKG-INFO
[3.147s] writing dependency_links to ../../build/stanley_control/stanley_control.egg-info/dependency_links.txt
[3.148s] writing entry points to ../../build/stanley_control/stanley_control.egg-info/entry_points.txt
[3.149s] writing requirements to ../../build/stanley_control/stanley_control.egg-info/requires.txt
[3.150s] writing top-level names to ../../build/stanley_control/stanley_control.egg-info/top_level.txt
[3.154s] reading manifest file '../../build/stanley_control/stanley_control.egg-info/SOURCES.txt'
[3.157s] writing manifest file '../../build/stanley_control/stanley_control.egg-info/SOURCES.txt'
[3.158s] running build
[3.159s] running build_py
[3.160s] copying stanley_control/ack_to_twist_converter.py -> /home/brittc/Exodus2025/mobility_ctrl/build/stanley_control/build/lib/stanley_control
[3.161s] copying stanley_control/stanley_control.py -> /home/brittc/Exodus2025/mobility_ctrl/build/stanley_control/build/lib/stanley_control
[3.163s] running install
[3.164s] running install_lib
[3.167s] creating /home/brittc/Exodus2025/mobility_ctrl/install/stanley_control/lib/python3.10/site-packages/stanley_control
[3.168s] copying /home/brittc/Exodus2025/mobility_ctrl/build/stanley_control/build/lib/stanley_control/__init__.py -> /home/brittc/Exodus2025/mobility_ctrl/install/stanley_control/lib/python3.10/site-packages/stanley_control
[3.169s] copying /home/brittc/Exodus2025/mobility_ctrl/build/stanley_control/build/lib/stanley_control/ack_to_twist_converter.py -> /home/brittc/Exodus2025/mobility_ctrl/install/stanley_control/lib/python3.10/site-packages/stanley_control
[3.169s] copying /home/brittc/Exodus2025/mobility_ctrl/build/stanley_control/build/lib/stanley_control/stanley_control.py -> /home/brittc/Exodus2025/mobility_ctrl/install/stanley_control/lib/python3.10/site-packages/stanley_control
[3.171s] byte-compiling /home/brittc/Exodus2025/mobility_ctrl/install/stanley_control/lib/python3.10/site-packages/stanley_control/__init__.py to __init__.cpython-310.pyc
[3.172s] byte-compiling /home/brittc/Exodus2025/mobility_ctrl/install/stanley_control/lib/python3.10/site-packages/stanley_control/ack_to_twist_converter.py to ack_to_twist_converter.cpython-310.pyc
[3.174s] byte-compiling /home/brittc/Exodus2025/mobility_ctrl/install/stanley_control/lib/python3.10/site-packages/stanley_control/stanley_control.py to stanley_control.cpython-310.pyc
[3.178s] running install_data
[3.180s] copying resource/stanley_control -> /home/brittc/Exodus2025/mobility_ctrl/install/stanley_control/share/ament_index/resource_index/packages
[3.181s] copying package.xml -> /home/brittc/Exodus2025/mobility_ctrl/install/stanley_control/share/stanley_control
[3.184s] copying launch/spawn_rover.launch.py -> /home/brittc/Exodus2025/mobility_ctrl/install/stanley_control/share/stanley_control/launch
[3.184s] copying config/ackermann_drive_controller.yaml -> /home/brittc/Exodus2025/mobility_ctrl/install/stanley_control/share/stanley_control/config
[3.186s] running install_egg_info
[3.191s] Copying ../../build/stanley_control/stanley_control.egg-info to /home/brittc/Exodus2025/mobility_ctrl/install/stanley_control/lib/python3.10/site-packages/stanley_control-0.0.0-py3.10.egg-info
[3.194s] running install_scripts
[3.242s] Installing stanley_controller script to /home/brittc/Exodus2025/mobility_ctrl/install/stanley_control/lib/stanley_control
[3.243s] Installing twist_converter script to /home/brittc/Exodus2025/mobility_ctrl/install/stanley_control/lib/stanley_control
[3.245s] writing list of installed files to '/home/brittc/Exodus2025/mobility_ctrl/build/stanley_control/install.log'
[3.334s] Invoked command in '/home/brittc/Exodus2025/mobility_ctrl/src/stanley_control' returned '0': PYTHONPATH=/home/brittc/Exodus2025/mobility_ctrl/build/stanley_control/prefix_override:/usr/lib/python3/dist-packages/colcon_core/task/python/colcon_distutils_commands:/home/brittc/Exodus2025/mobility_ctrl/install/stanley_control/lib/python3.10/site-packages:${PYTHONPATH} /usr/bin/python3 -W ignore:setup.py install is deprecated -W ignore:easy_install command is deprecated setup.py egg_info --egg-base ../../build/stanley_control build --build-base /home/brittc/Exodus2025/mobility_ctrl/build/stanley_control/build install --record /home/brittc/Exodus2025/mobility_ctrl/build/stanley_control/install.log --single-version-externally-managed install_data --force
