[1.685s] Invoking command in '/home/brittc/ros2_ws/src/my_robot_controller': PYTHONPATH=/home/brittc/ros2_ws/src/build/my_robot_controller/prefix_override:/usr/lib/python3/dist-packages/colcon_core/task/python/colcon_distutils_commands:/home/brittc/ros2_ws/src/install/my_robot_controller/lib/python3.12/site-packages:${PYTHONPATH} /usr/bin/python3 -W ignore:setup.py install is deprecated -W ignore:easy_install command is deprecated setup.py egg_info --egg-base ../build/my_robot_controller build --build-base /home/brittc/ros2_ws/src/build/my_robot_controller/build install --record /home/brittc/ros2_ws/src/build/my_robot_controller/install.log --single-version-externally-managed install_data
[1.975s] running egg_info
[1.995s] writing ../build/my_robot_controller/my_robot_controller.egg-info/PKG-INFO
[1.996s] writing dependency_links to ../build/my_robot_controller/my_robot_controller.egg-info/dependency_links.txt
[1.996s] writing entry points to ../build/my_robot_controller/my_robot_controller.egg-info/entry_points.txt
[1.996s] writing requirements to ../build/my_robot_controller/my_robot_controller.egg-info/requires.txt
[1.996s] writing top-level names to ../build/my_robot_controller/my_robot_controller.egg-info/top_level.txt
[2.047s] reading manifest file '../build/my_robot_controller/my_robot_controller.egg-info/SOURCES.txt'
[2.048s] writing manifest file '../build/my_robot_controller/my_robot_controller.egg-info/SOURCES.txt'
[2.048s] running build
[2.049s] running build_py
[2.049s] copying my_robot_controller/draw_circle.py -> /home/brittc/ros2_ws/src/build/my_robot_controller/build/lib/my_robot_controller
[2.050s] copying my_robot_controller/pose_sub.py -> /home/brittc/ros2_ws/src/build/my_robot_controller/build/lib/my_robot_controller
[2.050s] copying my_robot_controller/my_first_node.py -> /home/brittc/ros2_ws/src/build/my_robot_controller/build/lib/my_robot_controller
[2.051s] copying my_robot_controller/turtle_controller.py -> /home/brittc/ros2_ws/src/build/my_robot_controller/build/lib/my_robot_controller
[2.052s] running install
[2.058s] running install_lib
[2.079s] copying /home/brittc/ros2_ws/src/build/my_robot_controller/build/lib/my_robot_controller/draw_circle.py -> /home/brittc/ros2_ws/src/install/my_robot_controller/lib/python3.12/site-packages/my_robot_controller
[2.079s] copying /home/brittc/ros2_ws/src/build/my_robot_controller/build/lib/my_robot_controller/pose_sub.py -> /home/brittc/ros2_ws/src/install/my_robot_controller/lib/python3.12/site-packages/my_robot_controller
[2.079s] copying /home/brittc/ros2_ws/src/build/my_robot_controller/build/lib/my_robot_controller/my_first_node.py -> /home/brittc/ros2_ws/src/install/my_robot_controller/lib/python3.12/site-packages/my_robot_controller
[2.079s] copying /home/brittc/ros2_ws/src/build/my_robot_controller/build/lib/my_robot_controller/turtle_controller.py -> /home/brittc/ros2_ws/src/install/my_robot_controller/lib/python3.12/site-packages/my_robot_controller
[2.080s] byte-compiling /home/brittc/ros2_ws/src/install/my_robot_controller/lib/python3.12/site-packages/my_robot_controller/draw_circle.py to draw_circle.cpython-312.pyc
[2.081s] byte-compiling /home/brittc/ros2_ws/src/install/my_robot_controller/lib/python3.12/site-packages/my_robot_controller/pose_sub.py to pose_sub.cpython-312.pyc
[2.082s] byte-compiling /home/brittc/ros2_ws/src/install/my_robot_controller/lib/python3.12/site-packages/my_robot_controller/my_first_node.py to my_first_node.cpython-312.pyc
[2.083s] byte-compiling /home/brittc/ros2_ws/src/install/my_robot_controller/lib/python3.12/site-packages/my_robot_controller/turtle_controller.py to turtle_controller.cpython-312.pyc
[2.084s] running install_data
[2.085s] copying package.xml -> /home/brittc/ros2_ws/src/install/my_robot_controller/share/my_robot_controller
[2.085s] running install_egg_info
[2.109s] removing '/home/brittc/ros2_ws/src/install/my_robot_controller/lib/python3.12/site-packages/my_robot_controller-0.0.0-py3.12.egg-info' (and everything under it)
[2.109s] Copying ../build/my_robot_controller/my_robot_controller.egg-info to /home/brittc/ros2_ws/src/install/my_robot_controller/lib/python3.12/site-packages/my_robot_controller-0.0.0-py3.12.egg-info
[2.111s] running install_scripts
[2.260s] Installing draw_circle script to /home/brittc/ros2_ws/src/install/my_robot_controller/lib/my_robot_controller
[2.260s] Installing pose_sub script to /home/brittc/ros2_ws/src/install/my_robot_controller/lib/my_robot_controller
[2.261s] Installing test_node script to /home/brittc/ros2_ws/src/install/my_robot_controller/lib/my_robot_controller
[2.261s] Installing turtle_cntl script to /home/brittc/ros2_ws/src/install/my_robot_controller/lib/my_robot_controller
[2.261s] writing list of installed files to '/home/brittc/ros2_ws/src/build/my_robot_controller/install.log'
[2.328s] Invoked command in '/home/brittc/ros2_ws/src/my_robot_controller' returned '0': PYTHONPATH=/home/brittc/ros2_ws/src/build/my_robot_controller/prefix_override:/usr/lib/python3/dist-packages/colcon_core/task/python/colcon_distutils_commands:/home/brittc/ros2_ws/src/install/my_robot_controller/lib/python3.12/site-packages:${PYTHONPATH} /usr/bin/python3 -W ignore:setup.py install is deprecated -W ignore:easy_install command is deprecated setup.py egg_info --egg-base ../build/my_robot_controller build --build-base /home/brittc/ros2_ws/src/build/my_robot_controller/build install --record /home/brittc/ros2_ws/src/build/my_robot_controller/install.log --single-version-externally-managed install_data
