[0.507s] DEBUG:colcon:Command line arguments: ['/usr/bin/colcon', 'build']
[0.507s] DEBUG:colcon:Parsed command line arguments: Namespace(log_base=None, log_level=None, verb_name='build', build_base='build', install_base='install', merge_install=False, symlink_install=False, test_result_base=None, continue_on_error=False, executor='parallel', parallel_workers=8, event_handlers=None, ignore_user_meta=False, metas=['./colcon.meta'], base_paths=['.'], packages_ignore=None, packages_ignore_regex=None, paths=None, packages_up_to=None, packages_up_to_regex=None, packages_above=None, packages_above_and_dependencies=None, packages_above_depth=None, packages_select_by_dep=None, packages_skip_by_dep=None, packages_skip_up_to=None, packages_select_build_failed=False, packages_skip_build_finished=False, packages_select_test_failures=False, packages_skip_test_passed=False, packages_select=None, packages_skip=None, packages_select_regex=None, packages_skip_regex=None, packages_start=None, packages_end=None, allow_overriding=[], cmake_args=None, cmake_target=None, cmake_target_skip_unavailable=False, cmake_clean_cache=False, cmake_clean_first=False, cmake_force_configure=False, ament_cmake_args=None, catkin_cmake_args=None, catkin_skip_building_tests=False, mixin_files=None, mixin=None, verb_parser=<colcon_mixin.mixin.mixin_argument.MixinArgumentDecorator object at 0x7f3b45dad370>, verb_extension=<colcon_core.verb.build.BuildVerb object at 0x7f3b45f01bb0>, main=<bound method BuildVerb.main of <colcon_core.verb.build.BuildVerb object at 0x7f3b45f01bb0>>, mixin_verb=('build',))
[0.604s] Level 1:colcon.colcon_core.package_discovery:discover_packages(colcon_meta) check parameters
[0.604s] Level 1:colcon.colcon_core.package_discovery:discover_packages(recursive) check parameters
[0.604s] Level 1:colcon.colcon_core.package_discovery:discover_packages(ignore) check parameters
[0.604s] Level 1:colcon.colcon_core.package_discovery:discover_packages(path) check parameters
[0.604s] Level 1:colcon.colcon_core.package_discovery:discover_packages(colcon_meta) discover
[0.604s] Level 1:colcon.colcon_core.package_discovery:discover_packages(recursive) discover
[0.604s] INFO:colcon.colcon_core.package_discovery:Crawling recursively for packages in '/home/brittc/ros2_ws'
[0.605s] Level 1:colcon.colcon_core.package_identification:_identify(.) by extensions ['ignore', 'ignore_ament_install']
[0.605s] Level 1:colcon.colcon_core.package_identification:_identify(.) by extension 'ignore'
[0.605s] Level 1:colcon.colcon_core.package_identification:_identify(.) by extension 'ignore_ament_install'
[0.605s] Level 1:colcon.colcon_core.package_identification:_identify(.) by extensions ['colcon_pkg']
[0.605s] Level 1:colcon.colcon_core.package_identification:_identify(.) by extension 'colcon_pkg'
[0.605s] Level 1:colcon.colcon_core.package_identification:_identify(.) by extensions ['colcon_meta']
[0.605s] Level 1:colcon.colcon_core.package_identification:_identify(.) by extension 'colcon_meta'
[0.605s] Level 1:colcon.colcon_core.package_identification:_identify(.) by extensions ['ros']
[0.605s] Level 1:colcon.colcon_core.package_identification:_identify(.) by extension 'ros'
[0.651s] Level 1:colcon.colcon_core.package_identification:_identify(.) by extensions ['cmake', 'python']
[0.651s] Level 1:colcon.colcon_core.package_identification:_identify(.) by extension 'cmake'
[0.651s] Level 1:colcon.colcon_core.package_identification:_identify(.) by extension 'python'
[0.651s] Level 1:colcon.colcon_core.package_identification:_identify(.) by extensions ['python_setup_py']
[0.651s] Level 1:colcon.colcon_core.package_identification:_identify(.) by extension 'python_setup_py'
[0.651s] Level 1:colcon.colcon_core.package_identification:_identify(build) by extensions ['ignore', 'ignore_ament_install']
[0.652s] Level 1:colcon.colcon_core.package_identification:_identify(build) by extension 'ignore'
[0.652s] Level 1:colcon.colcon_core.package_identification:_identify(build) ignored
[0.652s] Level 1:colcon.colcon_core.package_identification:_identify(install) by extensions ['ignore', 'ignore_ament_install']
[0.652s] Level 1:colcon.colcon_core.package_identification:_identify(install) by extension 'ignore'
[0.652s] Level 1:colcon.colcon_core.package_identification:_identify(install) ignored
[0.652s] Level 1:colcon.colcon_core.package_identification:_identify(log) by extensions ['ignore', 'ignore_ament_install']
[0.652s] Level 1:colcon.colcon_core.package_identification:_identify(log) by extension 'ignore'
[0.652s] Level 1:colcon.colcon_core.package_identification:_identify(log) ignored
[0.652s] Level 1:colcon.colcon_core.package_identification:_identify(src) by extensions ['ignore', 'ignore_ament_install']
[0.652s] Level 1:colcon.colcon_core.package_identification:_identify(src) by extension 'ignore'
[0.652s] Level 1:colcon.colcon_core.package_identification:_identify(src) by extension 'ignore_ament_install'
[0.652s] Level 1:colcon.colcon_core.package_identification:_identify(src) by extensions ['colcon_pkg']
[0.652s] Level 1:colcon.colcon_core.package_identification:_identify(src) by extension 'colcon_pkg'
[0.652s] Level 1:colcon.colcon_core.package_identification:_identify(src) by extensions ['colcon_meta']
[0.652s] Level 1:colcon.colcon_core.package_identification:_identify(src) by extension 'colcon_meta'
[0.652s] Level 1:colcon.colcon_core.package_identification:_identify(src) by extensions ['ros']
[0.652s] Level 1:colcon.colcon_core.package_identification:_identify(src) by extension 'ros'
[0.653s] Level 1:colcon.colcon_core.package_identification:_identify(src) by extensions ['cmake', 'python']
[0.653s] Level 1:colcon.colcon_core.package_identification:_identify(src) by extension 'cmake'
[0.653s] Level 1:colcon.colcon_core.package_identification:_identify(src) by extension 'python'
[0.653s] Level 1:colcon.colcon_core.package_identification:_identify(src) by extensions ['python_setup_py']
[0.653s] Level 1:colcon.colcon_core.package_identification:_identify(src) by extension 'python_setup_py'
[0.653s] Level 1:colcon.colcon_core.package_identification:_identify(src/build) by extensions ['ignore', 'ignore_ament_install']
[0.653s] Level 1:colcon.colcon_core.package_identification:_identify(src/build) by extension 'ignore'
[0.653s] Level 1:colcon.colcon_core.package_identification:_identify(src/build) ignored
[0.653s] Level 1:colcon.colcon_core.package_identification:_identify(src/fws_robot_description) by extensions ['ignore', 'ignore_ament_install']
[0.654s] Level 1:colcon.colcon_core.package_identification:_identify(src/fws_robot_description) by extension 'ignore'
[0.654s] Level 1:colcon.colcon_core.package_identification:_identify(src/fws_robot_description) by extension 'ignore_ament_install'
[0.654s] Level 1:colcon.colcon_core.package_identification:_identify(src/fws_robot_description) by extensions ['colcon_pkg']
[0.654s] Level 1:colcon.colcon_core.package_identification:_identify(src/fws_robot_description) by extension 'colcon_pkg'
[0.654s] Level 1:colcon.colcon_core.package_identification:_identify(src/fws_robot_description) by extensions ['colcon_meta']
[0.654s] Level 1:colcon.colcon_core.package_identification:_identify(src/fws_robot_description) by extension 'colcon_meta'
[0.654s] Level 1:colcon.colcon_core.package_identification:_identify(src/fws_robot_description) by extensions ['ros']
[0.654s] Level 1:colcon.colcon_core.package_identification:_identify(src/fws_robot_description) by extension 'ros'
[0.658s] DEBUG:colcon.colcon_core.package_identification:Package 'src/fws_robot_description' with type 'ros.ament_cmake' and name 'fws_robot_description'
[0.658s] Level 1:colcon.colcon_core.package_identification:_identify(src/fws_robot_harmonic) by extensions ['ignore', 'ignore_ament_install']
[0.658s] Level 1:colcon.colcon_core.package_identification:_identify(src/fws_robot_harmonic) by extension 'ignore'
[0.658s] Level 1:colcon.colcon_core.package_identification:_identify(src/fws_robot_harmonic) by extension 'ignore_ament_install'
[0.658s] Level 1:colcon.colcon_core.package_identification:_identify(src/fws_robot_harmonic) by extensions ['colcon_pkg']
[0.658s] Level 1:colcon.colcon_core.package_identification:_identify(src/fws_robot_harmonic) by extension 'colcon_pkg'
[0.658s] Level 1:colcon.colcon_core.package_identification:_identify(src/fws_robot_harmonic) by extensions ['colcon_meta']
[0.658s] Level 1:colcon.colcon_core.package_identification:_identify(src/fws_robot_harmonic) by extension 'colcon_meta'
[0.658s] Level 1:colcon.colcon_core.package_identification:_identify(src/fws_robot_harmonic) by extensions ['ros']
[0.658s] Level 1:colcon.colcon_core.package_identification:_identify(src/fws_robot_harmonic) by extension 'ros'
[0.658s] Level 1:colcon.colcon_core.package_identification:_identify(src/fws_robot_harmonic) by extensions ['cmake', 'python']
[0.658s] Level 1:colcon.colcon_core.package_identification:_identify(src/fws_robot_harmonic) by extension 'cmake'
[0.658s] Level 1:colcon.colcon_core.package_identification:_identify(src/fws_robot_harmonic) by extension 'python'
[0.659s] Level 1:colcon.colcon_core.package_identification:_identify(src/fws_robot_harmonic) by extensions ['python_setup_py']
[0.659s] Level 1:colcon.colcon_core.package_identification:_identify(src/fws_robot_harmonic) by extension 'python_setup_py'
[0.659s] Level 1:colcon.colcon_core.package_identification:_identify(src/fws_robot_harmonic/fws_robot_harmonic) by extensions ['ignore', 'ignore_ament_install']
[0.659s] Level 1:colcon.colcon_core.package_identification:_identify(src/fws_robot_harmonic/fws_robot_harmonic) by extension 'ignore'
[0.659s] Level 1:colcon.colcon_core.package_identification:_identify(src/fws_robot_harmonic/fws_robot_harmonic) by extension 'ignore_ament_install'
[0.659s] Level 1:colcon.colcon_core.package_identification:_identify(src/fws_robot_harmonic/fws_robot_harmonic) by extensions ['colcon_pkg']
[0.659s] Level 1:colcon.colcon_core.package_identification:_identify(src/fws_robot_harmonic/fws_robot_harmonic) by extension 'colcon_pkg'
[0.659s] Level 1:colcon.colcon_core.package_identification:_identify(src/fws_robot_harmonic/fws_robot_harmonic) by extensions ['colcon_meta']
[0.659s] Level 1:colcon.colcon_core.package_identification:_identify(src/fws_robot_harmonic/fws_robot_harmonic) by extension 'colcon_meta'
[0.659s] Level 1:colcon.colcon_core.package_identification:_identify(src/fws_robot_harmonic/fws_robot_harmonic) by extensions ['ros']
[0.659s] Level 1:colcon.colcon_core.package_identification:_identify(src/fws_robot_harmonic/fws_robot_harmonic) by extension 'ros'
[0.659s] Level 1:colcon.colcon_core.package_identification:_identify(src/fws_robot_harmonic/fws_robot_harmonic) by extensions ['cmake', 'python']
[0.659s] Level 1:colcon.colcon_core.package_identification:_identify(src/fws_robot_harmonic/fws_robot_harmonic) by extension 'cmake'
[0.659s] Level 1:colcon.colcon_core.package_identification:_identify(src/fws_robot_harmonic/fws_robot_harmonic) by extension 'python'
[0.659s] Level 1:colcon.colcon_core.package_identification:_identify(src/fws_robot_harmonic/fws_robot_harmonic) by extensions ['python_setup_py']
[0.659s] Level 1:colcon.colcon_core.package_identification:_identify(src/fws_robot_harmonic/fws_robot_harmonic) by extension 'python_setup_py'
[0.659s] Level 1:colcon.colcon_core.package_identification:_identify(src/fws_robot_harmonic/fws_robot_harmonic/src) by extensions ['ignore', 'ignore_ament_install']
[0.659s] Level 1:colcon.colcon_core.package_identification:_identify(src/fws_robot_harmonic/fws_robot_harmonic/src) by extension 'ignore'
[0.659s] Level 1:colcon.colcon_core.package_identification:_identify(src/fws_robot_harmonic/fws_robot_harmonic/src) by extension 'ignore_ament_install'
[0.659s] Level 1:colcon.colcon_core.package_identification:_identify(src/fws_robot_harmonic/fws_robot_harmonic/src) by extensions ['colcon_pkg']
[0.659s] Level 1:colcon.colcon_core.package_identification:_identify(src/fws_robot_harmonic/fws_robot_harmonic/src) by extension 'colcon_pkg'
[0.659s] Level 1:colcon.colcon_core.package_identification:_identify(src/fws_robot_harmonic/fws_robot_harmonic/src) by extensions ['colcon_meta']
[0.659s] Level 1:colcon.colcon_core.package_identification:_identify(src/fws_robot_harmonic/fws_robot_harmonic/src) by extension 'colcon_meta'
[0.659s] Level 1:colcon.colcon_core.package_identification:_identify(src/fws_robot_harmonic/fws_robot_harmonic/src) by extensions ['ros']
[0.659s] Level 1:colcon.colcon_core.package_identification:_identify(src/fws_robot_harmonic/fws_robot_harmonic/src) by extension 'ros'
[0.659s] Level 1:colcon.colcon_core.package_identification:_identify(src/fws_robot_harmonic/fws_robot_harmonic/src) by extensions ['cmake', 'python']
[0.659s] Level 1:colcon.colcon_core.package_identification:_identify(src/fws_robot_harmonic/fws_robot_harmonic/src) by extension 'cmake'
[0.659s] Level 1:colcon.colcon_core.package_identification:_identify(src/fws_robot_harmonic/fws_robot_harmonic/src) by extension 'python'
[0.659s] Level 1:colcon.colcon_core.package_identification:_identify(src/fws_robot_harmonic/fws_robot_harmonic/src) by extensions ['python_setup_py']
[0.659s] Level 1:colcon.colcon_core.package_identification:_identify(src/fws_robot_harmonic/fws_robot_harmonic/src) by extension 'python_setup_py'
[0.660s] Level 1:colcon.colcon_core.package_identification:_identify(src/fws_robot_harmonic/src) by extensions ['ignore', 'ignore_ament_install']
[0.660s] Level 1:colcon.colcon_core.package_identification:_identify(src/fws_robot_harmonic/src) by extension 'ignore'
[0.660s] Level 1:colcon.colcon_core.package_identification:_identify(src/fws_robot_harmonic/src) by extension 'ignore_ament_install'
[0.660s] Level 1:colcon.colcon_core.package_identification:_identify(src/fws_robot_harmonic/src) by extensions ['colcon_pkg']
[0.660s] Level 1:colcon.colcon_core.package_identification:_identify(src/fws_robot_harmonic/src) by extension 'colcon_pkg'
[0.660s] Level 1:colcon.colcon_core.package_identification:_identify(src/fws_robot_harmonic/src) by extensions ['colcon_meta']
[0.660s] Level 1:colcon.colcon_core.package_identification:_identify(src/fws_robot_harmonic/src) by extension 'colcon_meta'
[0.660s] Level 1:colcon.colcon_core.package_identification:_identify(src/fws_robot_harmonic/src) by extensions ['ros']
[0.660s] Level 1:colcon.colcon_core.package_identification:_identify(src/fws_robot_harmonic/src) by extension 'ros'
[0.660s] Level 1:colcon.colcon_core.package_identification:_identify(src/fws_robot_harmonic/src) by extensions ['cmake', 'python']
[0.660s] Level 1:colcon.colcon_core.package_identification:_identify(src/fws_robot_harmonic/src) by extension 'cmake'
[0.660s] Level 1:colcon.colcon_core.package_identification:_identify(src/fws_robot_harmonic/src) by extension 'python'
[0.660s] Level 1:colcon.colcon_core.package_identification:_identify(src/fws_robot_harmonic/src) by extensions ['python_setup_py']
[0.660s] Level 1:colcon.colcon_core.package_identification:_identify(src/fws_robot_harmonic/src) by extension 'python_setup_py'
[0.660s] Level 1:colcon.colcon_core.package_identification:_identify(src/fws_robot_harmonic/src/fws_robot_description) by extensions ['ignore', 'ignore_ament_install']
[0.660s] Level 1:colcon.colcon_core.package_identification:_identify(src/fws_robot_harmonic/src/fws_robot_description) by extension 'ignore'
[0.660s] Level 1:colcon.colcon_core.package_identification:_identify(src/fws_robot_harmonic/src/fws_robot_description) by extension 'ignore_ament_install'
[0.660s] Level 1:colcon.colcon_core.package_identification:_identify(src/fws_robot_harmonic/src/fws_robot_description) by extensions ['colcon_pkg']
[0.660s] Level 1:colcon.colcon_core.package_identification:_identify(src/fws_robot_harmonic/src/fws_robot_description) by extension 'colcon_pkg'
[0.660s] Level 1:colcon.colcon_core.package_identification:_identify(src/fws_robot_harmonic/src/fws_robot_description) by extensions ['colcon_meta']
[0.660s] Level 1:colcon.colcon_core.package_identification:_identify(src/fws_robot_harmonic/src/fws_robot_description) by extension 'colcon_meta'
[0.660s] Level 1:colcon.colcon_core.package_identification:_identify(src/fws_robot_harmonic/src/fws_robot_description) by extensions ['ros']
[0.660s] Level 1:colcon.colcon_core.package_identification:_identify(src/fws_robot_harmonic/src/fws_robot_description) by extension 'ros'
[0.661s] DEBUG:colcon.colcon_core.package_identification:Package 'src/fws_robot_harmonic/src/fws_robot_description' with type 'ros.ament_cmake' and name 'fws_robot_description'
[0.661s] Level 1:colcon.colcon_core.package_identification:_identify(src/fws_robot_harmonic/src/fws_robot_sim) by extensions ['ignore', 'ignore_ament_install']
[0.661s] Level 1:colcon.colcon_core.package_identification:_identify(src/fws_robot_harmonic/src/fws_robot_sim) by extension 'ignore'
[0.661s] Level 1:colcon.colcon_core.package_identification:_identify(src/fws_robot_harmonic/src/fws_robot_sim) by extension 'ignore_ament_install'
[0.661s] Level 1:colcon.colcon_core.package_identification:_identify(src/fws_robot_harmonic/src/fws_robot_sim) by extensions ['colcon_pkg']
[0.661s] Level 1:colcon.colcon_core.package_identification:_identify(src/fws_robot_harmonic/src/fws_robot_sim) by extension 'colcon_pkg'
[0.661s] Level 1:colcon.colcon_core.package_identification:_identify(src/fws_robot_harmonic/src/fws_robot_sim) by extensions ['colcon_meta']
[0.661s] Level 1:colcon.colcon_core.package_identification:_identify(src/fws_robot_harmonic/src/fws_robot_sim) by extension 'colcon_meta'
[0.661s] Level 1:colcon.colcon_core.package_identification:_identify(src/fws_robot_harmonic/src/fws_robot_sim) by extensions ['ros']
[0.661s] Level 1:colcon.colcon_core.package_identification:_identify(src/fws_robot_harmonic/src/fws_robot_sim) by extension 'ros'
[0.662s] DEBUG:colcon.colcon_core.package_identification:Package 'src/fws_robot_harmonic/src/fws_robot_sim' with type 'ros.ament_cmake' and name 'fws_robot_sim'
[0.662s] Level 1:colcon.colcon_core.package_identification:_identify(src/fws_robot_harmonic/src/velocity_pub) by extensions ['ignore', 'ignore_ament_install']
[0.662s] Level 1:colcon.colcon_core.package_identification:_identify(src/fws_robot_harmonic/src/velocity_pub) by extension 'ignore'
[0.662s] Level 1:colcon.colcon_core.package_identification:_identify(src/fws_robot_harmonic/src/velocity_pub) by extension 'ignore_ament_install'
[0.662s] Level 1:colcon.colcon_core.package_identification:_identify(src/fws_robot_harmonic/src/velocity_pub) by extensions ['colcon_pkg']
[0.662s] Level 1:colcon.colcon_core.package_identification:_identify(src/fws_robot_harmonic/src/velocity_pub) by extension 'colcon_pkg'
[0.662s] Level 1:colcon.colcon_core.package_identification:_identify(src/fws_robot_harmonic/src/velocity_pub) by extensions ['colcon_meta']
[0.662s] Level 1:colcon.colcon_core.package_identification:_identify(src/fws_robot_harmonic/src/velocity_pub) by extension 'colcon_meta'
[0.663s] Level 1:colcon.colcon_core.package_identification:_identify(src/fws_robot_harmonic/src/velocity_pub) by extensions ['ros']
[0.663s] Level 1:colcon.colcon_core.package_identification:_identify(src/fws_robot_harmonic/src/velocity_pub) by extension 'ros'
[0.663s] DEBUG:colcon.colcon_core.package_identification:Package 'src/fws_robot_harmonic/src/velocity_pub' with type 'ros.ament_cmake' and name 'velocity_pub'
[0.663s] Level 1:colcon.colcon_core.package_identification:_identify(src/fws_robot_sim) by extensions ['ignore', 'ignore_ament_install']
[0.663s] Level 1:colcon.colcon_core.package_identification:_identify(src/fws_robot_sim) by extension 'ignore'
[0.663s] Level 1:colcon.colcon_core.package_identification:_identify(src/fws_robot_sim) by extension 'ignore_ament_install'
[0.663s] Level 1:colcon.colcon_core.package_identification:_identify(src/fws_robot_sim) by extensions ['colcon_pkg']
[0.663s] Level 1:colcon.colcon_core.package_identification:_identify(src/fws_robot_sim) by extension 'colcon_pkg'
[0.663s] Level 1:colcon.colcon_core.package_identification:_identify(src/fws_robot_sim) by extensions ['colcon_meta']
[0.663s] Level 1:colcon.colcon_core.package_identification:_identify(src/fws_robot_sim) by extension 'colcon_meta'
[0.663s] Level 1:colcon.colcon_core.package_identification:_identify(src/fws_robot_sim) by extensions ['ros']
[0.663s] Level 1:colcon.colcon_core.package_identification:_identify(src/fws_robot_sim) by extension 'ros'
[0.664s] DEBUG:colcon.colcon_core.package_identification:Package 'src/fws_robot_sim' with type 'ros.ament_cmake' and name 'fws_robot_sim'
[0.664s] Level 1:colcon.colcon_core.package_identification:_identify(src/gz_plugins) by extensions ['ignore', 'ignore_ament_install']
[0.664s] Level 1:colcon.colcon_core.package_identification:_identify(src/gz_plugins) by extension 'ignore'
[0.665s] Level 1:colcon.colcon_core.package_identification:_identify(src/gz_plugins) by extension 'ignore_ament_install'
[0.665s] Level 1:colcon.colcon_core.package_identification:_identify(src/gz_plugins) by extensions ['colcon_pkg']
[0.665s] Level 1:colcon.colcon_core.package_identification:_identify(src/gz_plugins) by extension 'colcon_pkg'
[0.665s] Level 1:colcon.colcon_core.package_identification:_identify(src/gz_plugins) by extensions ['colcon_meta']
[0.665s] Level 1:colcon.colcon_core.package_identification:_identify(src/gz_plugins) by extension 'colcon_meta'
[0.665s] Level 1:colcon.colcon_core.package_identification:_identify(src/gz_plugins) by extensions ['ros']
[0.665s] Level 1:colcon.colcon_core.package_identification:_identify(src/gz_plugins) by extension 'ros'
[0.665s] Level 1:colcon.colcon_core.package_identification:_identify(src/gz_plugins) by extensions ['cmake', 'python']
[0.665s] Level 1:colcon.colcon_core.package_identification:_identify(src/gz_plugins) by extension 'cmake'
[0.665s] Level 1:colcon.colcon_core.package_identification:_identify(src/gz_plugins) by extension 'python'
[0.665s] Level 1:colcon.colcon_core.package_identification:_identify(src/gz_plugins) by extensions ['python_setup_py']
[0.665s] Level 1:colcon.colcon_core.package_identification:_identify(src/gz_plugins) by extension 'python_setup_py'
[0.665s] Level 1:colcon.colcon_core.package_identification:_identify(src/gz_worlds) by extensions ['ignore', 'ignore_ament_install']
[0.666s] Level 1:colcon.colcon_core.package_identification:_identify(src/gz_worlds) by extension 'ignore'
[0.666s] Level 1:colcon.colcon_core.package_identification:_identify(src/gz_worlds) by extension 'ignore_ament_install'
[0.666s] Level 1:colcon.colcon_core.package_identification:_identify(src/gz_worlds) by extensions ['colcon_pkg']
[0.666s] Level 1:colcon.colcon_core.package_identification:_identify(src/gz_worlds) by extension 'colcon_pkg'
[0.666s] Level 1:colcon.colcon_core.package_identification:_identify(src/gz_worlds) by extensions ['colcon_meta']
[0.666s] Level 1:colcon.colcon_core.package_identification:_identify(src/gz_worlds) by extension 'colcon_meta'
[0.666s] Level 1:colcon.colcon_core.package_identification:_identify(src/gz_worlds) by extensions ['ros']
[0.666s] Level 1:colcon.colcon_core.package_identification:_identify(src/gz_worlds) by extension 'ros'
[0.666s] Level 1:colcon.colcon_core.package_identification:_identify(src/gz_worlds) by extensions ['cmake', 'python']
[0.666s] Level 1:colcon.colcon_core.package_identification:_identify(src/gz_worlds) by extension 'cmake'
[0.666s] Level 1:colcon.colcon_core.package_identification:_identify(src/gz_worlds) by extension 'python'
[0.666s] Level 1:colcon.colcon_core.package_identification:_identify(src/gz_worlds) by extensions ['python_setup_py']
[0.666s] Level 1:colcon.colcon_core.package_identification:_identify(src/gz_worlds) by extension 'python_setup_py'
[0.666s] Level 1:colcon.colcon_core.package_identification:_identify(src/install) by extensions ['ignore', 'ignore_ament_install']
[0.666s] Level 1:colcon.colcon_core.package_identification:_identify(src/install) by extension 'ignore'
[0.666s] Level 1:colcon.colcon_core.package_identification:_identify(src/install) ignored
[0.667s] Level 1:colcon.colcon_core.package_identification:_identify(src/launch_files) by extensions ['ignore', 'ignore_ament_install']
[0.667s] Level 1:colcon.colcon_core.package_identification:_identify(src/launch_files) by extension 'ignore'
[0.667s] Level 1:colcon.colcon_core.package_identification:_identify(src/launch_files) by extension 'ignore_ament_install'
[0.667s] Level 1:colcon.colcon_core.package_identification:_identify(src/launch_files) by extensions ['colcon_pkg']
[0.667s] Level 1:colcon.colcon_core.package_identification:_identify(src/launch_files) by extension 'colcon_pkg'
[0.667s] Level 1:colcon.colcon_core.package_identification:_identify(src/launch_files) by extensions ['colcon_meta']
[0.667s] Level 1:colcon.colcon_core.package_identification:_identify(src/launch_files) by extension 'colcon_meta'
[0.667s] Level 1:colcon.colcon_core.package_identification:_identify(src/launch_files) by extensions ['ros']
[0.667s] Level 1:colcon.colcon_core.package_identification:_identify(src/launch_files) by extension 'ros'
[0.667s] Level 1:colcon.colcon_core.package_identification:_identify(src/launch_files) by extensions ['cmake', 'python']
[0.667s] Level 1:colcon.colcon_core.package_identification:_identify(src/launch_files) by extension 'cmake'
[0.667s] Level 1:colcon.colcon_core.package_identification:_identify(src/launch_files) by extension 'python'
[0.667s] Level 1:colcon.colcon_core.package_identification:_identify(src/launch_files) by extensions ['python_setup_py']
[0.667s] Level 1:colcon.colcon_core.package_identification:_identify(src/launch_files) by extension 'python_setup_py'
[0.668s] Level 1:colcon.colcon_core.package_identification:_identify(src/log) by extensions ['ignore', 'ignore_ament_install']
[0.668s] Level 1:colcon.colcon_core.package_identification:_identify(src/log) by extension 'ignore'
[0.668s] Level 1:colcon.colcon_core.package_identification:_identify(src/log) ignored
[0.668s] Level 1:colcon.colcon_core.package_identification:_identify(src/mars_rover_control) by extensions ['ignore', 'ignore_ament_install']
[0.669s] Level 1:colcon.colcon_core.package_identification:_identify(src/mars_rover_control) by extension 'ignore'
[0.669s] Level 1:colcon.colcon_core.package_identification:_identify(src/mars_rover_control) by extension 'ignore_ament_install'
[0.669s] Level 1:colcon.colcon_core.package_identification:_identify(src/mars_rover_control) by extensions ['colcon_pkg']
[0.669s] Level 1:colcon.colcon_core.package_identification:_identify(src/mars_rover_control) by extension 'colcon_pkg'
[0.669s] Level 1:colcon.colcon_core.package_identification:_identify(src/mars_rover_control) by extensions ['colcon_meta']
[0.669s] Level 1:colcon.colcon_core.package_identification:_identify(src/mars_rover_control) by extension 'colcon_meta'
[0.669s] Level 1:colcon.colcon_core.package_identification:_identify(src/mars_rover_control) by extensions ['ros']
[0.669s] Level 1:colcon.colcon_core.package_identification:_identify(src/mars_rover_control) by extension 'ros'
[0.670s] DEBUG:colcon.colcon_core.package_identification:Package 'src/mars_rover_control' with type 'ros.ament_python' and name 'mars_rover_control'
[0.670s] Level 1:colcon.colcon_core.package_identification:_identify(src/my_robot_controller) by extensions ['ignore', 'ignore_ament_install']
[0.670s] Level 1:colcon.colcon_core.package_identification:_identify(src/my_robot_controller) by extension 'ignore'
[0.670s] Level 1:colcon.colcon_core.package_identification:_identify(src/my_robot_controller) by extension 'ignore_ament_install'
[0.670s] Level 1:colcon.colcon_core.package_identification:_identify(src/my_robot_controller) by extensions ['colcon_pkg']
[0.670s] Level 1:colcon.colcon_core.package_identification:_identify(src/my_robot_controller) by extension 'colcon_pkg'
[0.670s] Level 1:colcon.colcon_core.package_identification:_identify(src/my_robot_controller) by extensions ['colcon_meta']
[0.670s] Level 1:colcon.colcon_core.package_identification:_identify(src/my_robot_controller) by extension 'colcon_meta'
[0.670s] Level 1:colcon.colcon_core.package_identification:_identify(src/my_robot_controller) by extensions ['ros']
[0.671s] Level 1:colcon.colcon_core.package_identification:_identify(src/my_robot_controller) by extension 'ros'
[0.672s] DEBUG:colcon.colcon_core.package_identification:Package 'src/my_robot_controller' with type 'ros.ament_python' and name 'my_robot_controller'
[0.673s] Level 1:colcon.colcon_core.package_identification:_identify(src/urdf_files) by extensions ['ignore', 'ignore_ament_install']
[0.673s] Level 1:colcon.colcon_core.package_identification:_identify(src/urdf_files) by extension 'ignore'
[0.673s] Level 1:colcon.colcon_core.package_identification:_identify(src/urdf_files) by extension 'ignore_ament_install'
[0.673s] Level 1:colcon.colcon_core.package_identification:_identify(src/urdf_files) by extensions ['colcon_pkg']
[0.673s] Level 1:colcon.colcon_core.package_identification:_identify(src/urdf_files) by extension 'colcon_pkg'
[0.673s] Level 1:colcon.colcon_core.package_identification:_identify(src/urdf_files) by extensions ['colcon_meta']
[0.673s] Level 1:colcon.colcon_core.package_identification:_identify(src/urdf_files) by extension 'colcon_meta'
[0.673s] Level 1:colcon.colcon_core.package_identification:_identify(src/urdf_files) by extensions ['ros']
[0.673s] Level 1:colcon.colcon_core.package_identification:_identify(src/urdf_files) by extension 'ros'
[0.673s] Level 1:colcon.colcon_core.package_identification:_identify(src/urdf_files) by extensions ['cmake', 'python']
[0.673s] Level 1:colcon.colcon_core.package_identification:_identify(src/urdf_files) by extension 'cmake'
[0.673s] Level 1:colcon.colcon_core.package_identification:_identify(src/urdf_files) by extension 'python'
[0.673s] Level 1:colcon.colcon_core.package_identification:_identify(src/urdf_files) by extensions ['python_setup_py']
[0.673s] Level 1:colcon.colcon_core.package_identification:_identify(src/urdf_files) by extension 'python_setup_py'
[0.673s] Level 1:colcon.colcon_core.package_identification:_identify(src/velocity_pub) by extensions ['ignore', 'ignore_ament_install']
[0.673s] Level 1:colcon.colcon_core.package_identification:_identify(src/velocity_pub) by extension 'ignore'
[0.673s] Level 1:colcon.colcon_core.package_identification:_identify(src/velocity_pub) by extension 'ignore_ament_install'
[0.673s] Level 1:colcon.colcon_core.package_identification:_identify(src/velocity_pub) by extensions ['colcon_pkg']
[0.673s] Level 1:colcon.colcon_core.package_identification:_identify(src/velocity_pub) by extension 'colcon_pkg'
[0.674s] Level 1:colcon.colcon_core.package_identification:_identify(src/velocity_pub) by extensions ['colcon_meta']
[0.674s] Level 1:colcon.colcon_core.package_identification:_identify(src/velocity_pub) by extension 'colcon_meta'
[0.674s] Level 1:colcon.colcon_core.package_identification:_identify(src/velocity_pub) by extensions ['ros']
[0.674s] Level 1:colcon.colcon_core.package_identification:_identify(src/velocity_pub) by extension 'ros'
[0.674s] DEBUG:colcon.colcon_core.package_identification:Package 'src/velocity_pub' with type 'ros.ament_cmake' and name 'velocity_pub'
[0.674s] Level 1:colcon.colcon_core.package_discovery:discover_packages(recursive) using defaults
[0.674s] Level 1:colcon.colcon_core.package_discovery:discover_packages(ignore) discover
[0.674s] Level 1:colcon.colcon_core.package_discovery:discover_packages(ignore) using defaults
[0.674s] Level 1:colcon.colcon_core.package_discovery:discover_packages(path) discover
[0.674s] Level 1:colcon.colcon_core.package_discovery:discover_packages(path) using defaults
[0.716s] Level 1:colcon.colcon_core.package_discovery:discover_packages(prefix_path) check parameters
[0.716s] Level 1:colcon.colcon_core.package_discovery:discover_packages(prefix_path) discover
[0.727s] DEBUG:colcon.colcon_installed_package_information.package_discovery:Found 2 installed packages in /home/brittc/ros2_ws/install
[0.729s] DEBUG:colcon.colcon_installed_package_information.package_discovery:Found 374 installed packages in /opt/ros/jazzy
[0.729s] Level 1:colcon.colcon_core.package_discovery:discover_packages(prefix_path) using defaults
[0.778s] ERROR:colcon:colcon build: Duplicate package names not supported:
- fws_robot_description:
  - src/fws_robot_description
  - src/fws_robot_harmonic/src/fws_robot_description
- fws_robot_sim:
  - src/fws_robot_harmonic/src/fws_robot_sim
  - src/fws_robot_sim
- velocity_pub:
  - src/fws_robot_harmonic/src/velocity_pub
  - src/velocity_pub
